!SESSION 2017-09-27 21:46:50.157 -----------------------------------------------
eclipse.buildId=4.6.2.M20161124-1400
java.version=1.8.0_121
java.vendor=Oracle Corporation
BootLoader constants: OS=linux, ARCH=x86_64, WS=gtk, NL=es_CO
Framework arguments:  -product org.eclipse.epp.package.java.product
Command-line arguments:  -os linux -ws gtk -arch x86_64 -product org.eclipse.epp.package.java.product

!ENTRY org.eclipse.equinox.event 4 0 2017-09-27 21:47:29.587
!MESSAGE Exception while dispatching event org.osgi.service.event.Event [topic=org/eclipse/e4/ui/model/application/ApplicationElement/tags/REMOVE] {ChangedElement=org.eclipse.e4.ui.model.application.ui.basic.impl.PartStackImpl@418d1c03 (elementId: stickyFolderRight, tags: [active], contributorURI: null) (widget: CTabFolder {}, renderer: org.eclipse.e4.ui.workbench.renderers.swt.StackRenderer@40239b34, toBeRendered: true, onTop: false, visible: true, containerData: 2500, accessibilityPhrase: null), org.eclipse.e4.data={ChangedElement=org.eclipse.e4.ui.model.application.ui.basic.impl.PartStackImpl@418d1c03 (elementId: stickyFolderRight, tags: [active], contributorURI: null) (widget: CTabFolder {}, renderer: org.eclipse.e4.ui.workbench.renderers.swt.StackRenderer@40239b34, toBeRendered: true, onTop: false, visible: true, containerData: 2500, accessibilityPhrase: null), AttName=tags, EventType=REMOVE, Position=1, OldValue=Maximized, Widget=CTabFolder {}}, AttName=tags, EventType=REMOVE, Position=1, OldValue=Maximized, Widget=CTabFolder {}} to handler org.eclipse.e4.ui.internal.di.UIEventObjectSupplier$UIEventHandler@47541b42
!STACK 0
org.eclipse.e4.core.di.InjectionException: java.lang.IllegalStateException: Application does not have an active window
	at org.eclipse.e4.core.internal.di.MethodRequestor.execute(MethodRequestor.java:65)
	at org.eclipse.e4.ui.internal.di.UIEventObjectSupplier$UIEventHandler$1.run(UIEventObjectSupplier.java:56)
	at org.eclipse.swt.widgets.Synchronizer.syncExec(Synchronizer.java:233)
	at org.eclipse.ui.internal.UISynchronizer.syncExec(UISynchronizer.java:145)
	at org.eclipse.swt.widgets.Display.syncExec(Display.java:5414)
	at org.eclipse.e4.ui.internal.workbench.swt.E4Application$1.syncExec(E4Application.java:211)
	at org.eclipse.e4.ui.internal.di.UIEventObjectSupplier$UIEventHandler.handleEvent(UIEventObjectSupplier.java:53)
	at org.eclipse.equinox.internal.event.EventHandlerWrapper.handleEvent(EventHandlerWrapper.java:201)
	at org.eclipse.equinox.internal.event.EventHandlerTracker.dispatchEvent(EventHandlerTracker.java:197)
	at org.eclipse.equinox.internal.event.EventHandlerTracker.dispatchEvent(EventHandlerTracker.java:1)
	at org.eclipse.osgi.framework.eventmgr.EventManager.dispatchEvent(EventManager.java:230)
	at org.eclipse.osgi.framework.eventmgr.ListenerQueue.dispatchEventSynchronous(ListenerQueue.java:148)
	at org.eclipse.equinox.internal.event.EventAdminImpl.dispatchEvent(EventAdminImpl.java:135)
	at org.eclipse.equinox.internal.event.EventAdminImpl.sendEvent(EventAdminImpl.java:78)
	at org.eclipse.equinox.internal.event.EventComponent.sendEvent(EventComponent.java:39)
	at org.eclipse.e4.ui.services.internal.events.EventBroker.send(EventBroker.java:94)
	at org.eclipse.e4.ui.internal.workbench.UIEventPublisher.notifyChanged(UIEventPublisher.java:60)
	at org.eclipse.emf.common.notify.impl.BasicNotifierImpl.eNotify(BasicNotifierImpl.java:374)
	at org.eclipse.emf.ecore.util.EcoreEList.dispatchNotification(EcoreEList.java:249)
	at org.eclipse.emf.common.notify.impl.NotifyingListImpl.remove(NotifyingListImpl.java:725)
	at org.eclipse.emf.common.util.AbstractEList.remove(AbstractEList.java:462)
	at org.eclipse.ui.internal.WorkbenchIntroManager.setIntroStandby(WorkbenchIntroManager.java:198)
	at org.eclipse.ui.internal.intro.impl.model.url.IntroURL.switchToLaunchBar(IntroURL.java:673)
	at org.eclipse.ui.internal.intro.impl.model.url.IntroURL.setStandbyState(IntroURL.java:268)
	at org.eclipse.ui.internal.intro.impl.model.url.IntroURL.executeCommand(IntroURL.java:342)
	at org.eclipse.ui.internal.intro.impl.model.url.IntroURL.doExecute(IntroURL.java:199)
	at org.eclipse.ui.internal.intro.impl.model.url.IntroURL$1.run(IntroURL.java:145)
	at org.eclipse.swt.custom.BusyIndicator.showWhile(BusyIndicator.java:70)
	at org.eclipse.ui.internal.intro.impl.model.url.IntroURL.execute(IntroURL.java:142)
	at org.eclipse.ui.internal.intro.impl.presentations.BrowserIntroPartLocationListener.changing(BrowserIntroPartLocationListener.java:130)
	at org.eclipse.swt.browser.WebKit.webkit_decide_policy(WebKit.java:2013)
	at org.eclipse.swt.browser.WebKit.webViewProc(WebKit.java:539)
	at org.eclipse.swt.browser.WebKit.Proc(WebKit.java:411)
	at org.eclipse.swt.internal.gtk.OS._g_main_context_iteration(Native Method)
	at org.eclipse.swt.internal.gtk.OS.g_main_context_iteration(OS.java:2495)
	at org.eclipse.swt.widgets.Display.readAndDispatch(Display.java:4149)
	at org.eclipse.e4.ui.internal.workbench.swt.PartRenderingEngine$4.run(PartRenderingEngine.java:1121)
	at org.eclipse.core.databinding.observable.Realm.runWithDefault(Realm.java:336)
	at org.eclipse.e4.ui.internal.workbench.swt.PartRenderingEngine.run(PartRenderingEngine.java:1022)
	at org.eclipse.e4.ui.internal.workbench.E4Workbench.createAndRunUI(E4Workbench.java:150)
	at org.eclipse.ui.internal.Workbench$5.run(Workbench.java:693)
	at org.eclipse.core.databinding.observable.Realm.runWithDefault(Realm.java:336)
	at org.eclipse.ui.internal.Workbench.createAndRunWorkbench(Workbench.java:610)
	at org.eclipse.ui.PlatformUI.createAndRunWorkbench(PlatformUI.java:148)
	at org.eclipse.ui.internal.ide.application.IDEApplication.start(IDEApplication.java:138)
	at org.eclipse.equinox.internal.app.EclipseAppHandle.run(EclipseAppHandle.java:196)
	at org.eclipse.core.runtime.internal.adaptor.EclipseAppLauncher.runApplication(EclipseAppLauncher.java:134)
	at org.eclipse.core.runtime.internal.adaptor.EclipseAppLauncher.start(EclipseAppLauncher.java:104)
	at org.eclipse.core.runtime.adaptor.EclipseStarter.run(EclipseStarter.java:388)
	at org.eclipse.core.runtime.adaptor.EclipseStarter.run(EclipseStarter.java:243)
	at sun.reflect.NativeMethodAccessorImpl.invoke0(Native Method)
	at sun.reflect.NativeMethodAccessorImpl.invoke(NativeMethodAccessorImpl.java:62)
	at sun.reflect.DelegatingMethodAccessorImpl.invoke(DelegatingMethodAccessorImpl.java:43)
	at java.lang.reflect.Method.invoke(Method.java:498)
	at org.eclipse.equinox.launcher.Main.invokeFramework(Main.java:673)
	at org.eclipse.equinox.launcher.Main.basicRun(Main.java:610)
	at org.eclipse.equinox.launcher.Main.run(Main.java:1519)
	at org.eclipse.equinox.launcher.Main.main(Main.java:1492)
Caused by: java.lang.IllegalStateException: Application does not have an active window
	at org.eclipse.e4.ui.internal.workbench.ApplicationPartServiceImpl.getActiveWindowService(ApplicationPartServiceImpl.java:39)
	at org.eclipse.e4.ui.internal.workbench.ApplicationPartServiceImpl.requestActivation(ApplicationPartServiceImpl.java:90)
	at org.eclipse.e4.ui.workbench.addons.minmax.MinMaxAddon.unzoom(MinMaxAddon.java:861)
	at org.eclipse.e4.ui.workbench.addons.minmax.MinMaxAddon.subscribeTopicTagsChanged(MinMaxAddon.java:369)
	at sun.reflect.GeneratedMethodAccessor2.invoke(Unknown Source)
	at sun.reflect.DelegatingMethodAccessorImpl.invoke(DelegatingMethodAccessorImpl.java:43)
	at java.lang.reflect.Method.invoke(Method.java:498)
	at org.eclipse.e4.core.internal.di.MethodRequestor.execute(MethodRequestor.java:55)
	... 57 more

!ENTRY org.python.pydev.shared_core 4 4 2017-09-27 21:48:06.490
!MESSAGE Interpreter: python not found
!STACK 0
org.python.pydev.core.MisconfigurationException: Interpreter: python not found
	at org.python.pydev.ui.interpreters.AbstractInterpreterManager.getInterpreterInfo(AbstractInterpreterManager.java:477)
	at org.python.pydev.ui.interpreters.AbstractInterpreterManager.getInterpreterInfo(AbstractInterpreterManager.java:1)
	at org.python.pydev.plugin.nature.PythonNature.getProjectInterpreter(PythonNature.java:1329)
	at org.python.pydev.plugin.nature.PythonPathNature.getVariableSubstitution(PythonPathNature.java:521)
	at org.python.pydev.plugin.nature.PythonPathNature.getVariableSubstitution(PythonPathNature.java:504)
	at org.python.pydev.core.docutils.StringSubstitution.<init>(StringSubstitution.java:42)
	at org.python.pydev.plugin.nature.PythonPathNature.getOnlyProjectPythonPathStr(PythonPathNature.java:167)
	at org.python.pydev.plugin.nature.PythonNature$RebuildPythonNatureModules.run(PythonNature.java:137)
	at org.eclipse.core.internal.jobs.Worker.run(Worker.java:55)

!ENTRY org.python.pydev.shared_core 4 4 2017-09-27 21:48:06.899
!MESSAGE Info: Rebuilding internal caches: /home/gian/Comptetitive-Programming-/.metadata/.plugins/org.eclipse.core.resources/.projects/100-The 3n +1 Problem/com.python.pydev.analysis/AdditionalProjectInterpreterInfo.pydevinfo (Expected error to be provided and got no error!)

!ENTRY org.python.pydev.shared_core 4 4 2017-09-27 21:48:56.535
!MESSAGE Python not configured.
!STACK 0
org.python.pydev.core.NotConfiguredInterpreterException: Python not configured.
	at org.python.pydev.ui.interpreters.AbstractInterpreterManager.getDefaultInterpreterInfo(AbstractInterpreterManager.java:250)
	at org.python.pydev.plugin.nature.PythonNature.getProjectInterpreter(PythonNature.java:1327)
	at org.python.pydev.plugin.nature.PythonNature.getVersionAndError(PythonNature.java:881)
	at org.python.pydev.plugin.nature.PythonNature.getVersion(PythonNature.java:841)
	at org.python.pydev.plugin.nature.PythonNature.getGrammarVersion(PythonNature.java:1204)
	at org.python.pydev.editor.PyEdit.getGrammarVersion(PyEdit.java:1530)
	at org.python.pydev.editor.PyEdit$7.getGrammarVersion(PyEdit.java:1559)
	at org.python.pydev.parser.PyParser.reparseDocument(PyParser.java:279)
	at org.python.pydev.parser.PyParser.reparseDocument(PyParser.java:1)
	at org.python.pydev.shared_core.parsing.ParserScheduler.reparseDocument(ParserScheduler.java:162)
	at org.python.pydev.shared_core.parsing.ParsingThread.run(ParsingThread.java:54)

!ENTRY org.python.pydev.shared_core 4 4 2017-09-27 21:48:56.552
!MESSAGE Info: Rebuilding internal caches: /home/gian/Comptetitive-Programming-/.metadata/.plugins/org.eclipse.core.resources/.projects/100 - The 3n + 1 problem/com.python.pydev.analysis/AdditionalProjectInterpreterInfo.pydevinfo (Expected error to be provided and got no error!)

!ENTRY org.python.pydev.shared_core 1 1 2017-09-27 21:49:29.292
!MESSAGE - Ok, file is non-null. Getting info on:/usr/bin/python
- Beggining task:Getting libs totalWork:100
- Setting task name:Mounting executable string...
- Setting task name:Executing:  /usr/bin/python -u /home/gian/.p2/pool/plugins/org.python.pydev_6.0.0.201709191431/pysrc/interpreterInfo.py
- Setting task name:Making pythonpath environment... /usr/bin/python -u /home/gian/.p2/pool/plugins/org.python.pydev_6.0.0.201709191431/pysrc/interpreterInfo.py
- Setting task name:Making exec... /usr/bin/python -u /home/gian/.p2/pool/plugins/org.python.pydev_6.0.0.201709191431/pysrc/interpreterInfo.py
- Setting task name:Reading output...
- Setting task name:Waiting for process to finish.
- Success getting the info. Result:<xml>
<name>python</name>
<version>2.7</version>
<executable>/usr/bin/python</executable>
<lib>/usr/lib/python2.7</lib>
<lib>/usr/lib/python2.7/plat-x86_64-linux-gnu</lib>
<lib>/usr/lib/python2.7/lib-tk</lib>
<lib>/usr/lib/python2.7/lib-dynload</lib>
<lib>/usr/local/lib/python2.7/dist-packages</lib>
<lib>/usr/lib/python2.7/dist-packages</lib>
<forced_lib>Image</forced_lib>
<forced_lib>OpenGL</forced_lib>
<forced_lib>__builtin__</forced_lib>
<forced_lib>__main__</forced_lib>
<forced_lib>_ast</forced_lib>
<forced_lib>_bisect</forced_lib>
<forced_lib>_bytesio</forced_lib>
<forced_lib>_codecs</forced_lib>
<forced_lib>_codecs_cn</forced_lib>
<forced_lib>_codecs_hk</forced_lib>
<forced_lib>_codecs_iso2022</forced_lib>
<forced_lib>_codecs_jp</forced_lib>
<forced_lib>_codecs_kr</forced_lib>
<forced_lib>_codecs_tw</forced_lib>
<forced_lib>_collections</forced_lib>
<forced_lib>_csv</forced_lib>
<forced_lib>_fileio</forced_lib>
<forced_lib>_functools</forced_lib>
<forced_lib>_heapq</forced_lib>
<forced_lib>_hotshot</forced_lib>
<forced_lib>_io</forced_lib>
<forced_lib>_json</forced_lib>
<forced_lib>_locale</forced_lib>
<forced_lib>_lsprof</forced_lib>
<forced_lib>_md5</forced_lib>
<forced_lib>_multibytecodec</forced_lib>
<forced_lib>_random</forced_lib>
<forced_lib>_sha</forced_lib>
<forced_lib>_sha256</forced_lib>
<forced_lib>_sha512</forced_lib>
<forced_lib>_socket</forced_lib>
<forced_lib>_sre</forced_lib>
<forced_lib>_struct</forced_lib>
<forced_lib>_subprocess</forced_lib>
<forced_lib>_symtable</forced_lib>
<forced_lib>_warnings</forced_lib>
<forced_lib>_weakref</forced_lib>
<forced_lib>_winreg</forced_lib>
<forced_lib>array</forced_lib>
<forced_lib>audioop</forced_lib>
<forced_lib>binascii</forced_lib>
<forced_lib>cPickle</forced_lib>
<forced_lib>cStringIO</forced_lib>
<forced_lib>cmath</forced_lib>
<forced_lib>cv2</forced_lib>
<forced_lib>datetime</forced_lib>
<forced_lib>email</forced_lib>
<forced_lib>errno</forced_lib>
<forced_lib>exceptions</forced_lib>
<forced_lib>fcntl</forced_lib>
<forced_lib>future_builtins</forced_lib>
<forced_lib>gc</forced_lib>
<forced_lib>gi</forced_lib>
<forced_lib>grp</forced_lib>
<forced_lib>hashlib</forced_lib>
<forced_lib>imageop</forced_lib>
<forced_lib>imp</forced_lib>
<forced_lib>itertools</forced_lib>
<forced_lib>marshal</forced_lib>
<forced_lib>math</forced_lib>
<forced_lib>mmap</forced_lib>
<forced_lib>mock</forced_lib>
<forced_lib>msvcrt</forced_lib>
<forced_lib>multiprocessing</forced_lib>
<forced_lib>mutagen</forced_lib>
<forced_lib>nt</forced_lib>
<forced_lib>numpy</forced_lib>
<forced_lib>operator</forced_lib>
<forced_lib>os</forced_lib>
<forced_lib>os.path</forced_lib>
<forced_lib>parser</forced_lib>
<forced_lib>posix</forced_lib>
<forced_lib>pwd</forced_lib>
<forced_lib>pytest</forced_lib>
<forced_lib>scipy</forced_lib>
<forced_lib>select</forced_lib>
<forced_lib>signal</forced_lib>
<forced_lib>six</forced_lib>
<forced_lib>socket</forced_lib>
<forced_lib>spwd</forced_lib>
<forced_lib>ssl</forced_lib>
<forced_lib>strop</forced_lib>
<forced_lib>sys</forced_lib>
<forced_lib>syslog</forced_lib>
<forced_lib>thread</forced_lib>
<forced_lib>time</forced_lib>
<forced_lib>unicodedata</forced_lib>
<forced_lib>wx</forced_lib>
<forced_lib>wxPython</forced_lib>
<forced_lib>xxsubtype</forced_lib>
<forced_lib>zipimport</forced_lib>
<forced_lib>zlib</forced_lib>
<string_substitution_var><key>PY</key><value>27</value></string_substitution_var>
</xml>

!STACK 0
java.lang.RuntimeException: - Ok, file is non-null. Getting info on:/usr/bin/python
- Beggining task:Getting libs totalWork:100
- Setting task name:Mounting executable string...
- Setting task name:Executing:  /usr/bin/python -u /home/gian/.p2/pool/plugins/org.python.pydev_6.0.0.201709191431/pysrc/interpreterInfo.py
- Setting task name:Making pythonpath environment... /usr/bin/python -u /home/gian/.p2/pool/plugins/org.python.pydev_6.0.0.201709191431/pysrc/interpreterInfo.py
- Setting task name:Making exec... /usr/bin/python -u /home/gian/.p2/pool/plugins/org.python.pydev_6.0.0.201709191431/pysrc/interpreterInfo.py
- Setting task name:Reading output...
- Setting task name:Waiting for process to finish.
- Success getting the info. Result:<xml>
<name>python</name>
<version>2.7</version>
<executable>/usr/bin/python</executable>
<lib>/usr/lib/python2.7</lib>
<lib>/usr/lib/python2.7/plat-x86_64-linux-gnu</lib>
<lib>/usr/lib/python2.7/lib-tk</lib>
<lib>/usr/lib/python2.7/lib-dynload</lib>
<lib>/usr/local/lib/python2.7/dist-packages</lib>
<lib>/usr/lib/python2.7/dist-packages</lib>
<forced_lib>Image</forced_lib>
<forced_lib>OpenGL</forced_lib>
<forced_lib>__builtin__</forced_lib>
<forced_lib>__main__</forced_lib>
<forced_lib>_ast</forced_lib>
<forced_lib>_bisect</forced_lib>
<forced_lib>_bytesio</forced_lib>
<forced_lib>_codecs</forced_lib>
<forced_lib>_codecs_cn</forced_lib>
<forced_lib>_codecs_hk</forced_lib>
<forced_lib>_codecs_iso2022</forced_lib>
<forced_lib>_codecs_jp</forced_lib>
<forced_lib>_codecs_kr</forced_lib>
<forced_lib>_codecs_tw</forced_lib>
<forced_lib>_collections</forced_lib>
<forced_lib>_csv</forced_lib>
<forced_lib>_fileio</forced_lib>
<forced_lib>_functools</forced_lib>
<forced_lib>_heapq</forced_lib>
<forced_lib>_hotshot</forced_lib>
<forced_lib>_io</forced_lib>
<forced_lib>_json</forced_lib>
<forced_lib>_locale</forced_lib>
<forced_lib>_lsprof</forced_lib>
<forced_lib>_md5</forced_lib>
<forced_lib>_multibytecodec</forced_lib>
<forced_lib>_random</forced_lib>
<forced_lib>_sha</forced_lib>
<forced_lib>_sha256</forced_lib>
<forced_lib>_sha512</forced_lib>
<forced_lib>_socket</forced_lib>
<forced_lib>_sre</forced_lib>
<forced_lib>_struct</forced_lib>
<forced_lib>_subprocess</forced_lib>
<forced_lib>_symtable</forced_lib>
<forced_lib>_warnings</forced_lib>
<forced_lib>_weakref</forced_lib>
<forced_lib>_winreg</forced_lib>
<forced_lib>array</forced_lib>
<forced_lib>audioop</forced_lib>
<forced_lib>binascii</forced_lib>
<forced_lib>cPickle</forced_lib>
<forced_lib>cStringIO</forced_lib>
<forced_lib>cmath</forced_lib>
<forced_lib>cv2</forced_lib>
<forced_lib>datetime</forced_lib>
<forced_lib>email</forced_lib>
<forced_lib>errno</forced_lib>
<forced_lib>exceptions</forced_lib>
<forced_lib>fcntl</forced_lib>
<forced_lib>future_builtins</forced_lib>
<forced_lib>gc</forced_lib>
<forced_lib>gi</forced_lib>
<forced_lib>grp</forced_lib>
<forced_lib>hashlib</forced_lib>
<forced_lib>imageop</forced_lib>
<forced_lib>imp</forced_lib>
<forced_lib>itertools</forced_lib>
<forced_lib>marshal</forced_lib>
<forced_lib>math</forced_lib>
<forced_lib>mmap</forced_lib>
<forced_lib>mock</forced_lib>
<forced_lib>msvcrt</forced_lib>
<forced_lib>multiprocessing</forced_lib>
<forced_lib>mutagen</forced_lib>
<forced_lib>nt</forced_lib>
<forced_lib>numpy</forced_lib>
<forced_lib>operator</forced_lib>
<forced_lib>os</forced_lib>
<forced_lib>os.path</forced_lib>
<forced_lib>parser</forced_lib>
<forced_lib>posix</forced_lib>
<forced_lib>pwd</forced_lib>
<forced_lib>pytest</forced_lib>
<forced_lib>scipy</forced_lib>
<forced_lib>select</forced_lib>
<forced_lib>signal</forced_lib>
<forced_lib>six</forced_lib>
<forced_lib>socket</forced_lib>
<forced_lib>spwd</forced_lib>
<forced_lib>ssl</forced_lib>
<forced_lib>strop</forced_lib>
<forced_lib>sys</forced_lib>
<forced_lib>syslog</forced_lib>
<forced_lib>thread</forced_lib>
<forced_lib>time</forced_lib>
<forced_lib>unicodedata</forced_lib>
<forced_lib>wx</forced_lib>
<forced_lib>wxPython</forced_lib>
<forced_lib>xxsubtype</forced_lib>
<forced_lib>zipimport</forced_lib>
<forced_lib>zlib</forced_lib>
<string_substitution_var><key>PY</key><value>27</value></string_substitution_var>
</xml>

	at org.python.pydev.core.log.Log.logInfo(Log.java:66)
	at org.python.pydev.ui.pythonpathconf.AutoConfigMaker.autoConfigSingleApply(AutoConfigMaker.java:177)
	at org.python.pydev.ui.interpreters.AbstractInterpreterManager$ConfigureInterpreterJob.runInUIThread(AbstractInterpreterManager.java:297)
	at org.eclipse.ui.progress.UIJob$1.run(UIJob.java:97)
	at org.eclipse.swt.widgets.RunnableLock.run(RunnableLock.java:35)
	at org.eclipse.swt.widgets.Synchronizer.runAsyncMessages(Synchronizer.java:182)
	at org.eclipse.swt.widgets.Display.runAsyncMessages(Display.java:4536)
	at org.eclipse.swt.widgets.Display.readAndDispatch(Display.java:4154)
	at org.eclipse.jface.window.Window.runEventLoop(Window.java:818)
	at org.eclipse.jface.window.Window.open(Window.java:794)
	at org.python.pydev.plugin.preferences.CheckDefaultPreferencesDialog$1.run(CheckDefaultPreferencesDialog.java:244)
	at org.eclipse.swt.widgets.RunnableLock.run(RunnableLock.java:35)
	at org.eclipse.swt.widgets.Synchronizer.runAsyncMessages(Synchronizer.java:182)
	at org.eclipse.swt.widgets.Display.runAsyncMessages(Display.java:4536)
	at org.eclipse.swt.widgets.Display.readAndDispatch(Display.java:4154)
	at org.eclipse.e4.ui.internal.workbench.swt.PartRenderingEngine$4.run(PartRenderingEngine.java:1121)
	at org.eclipse.core.databinding.observable.Realm.runWithDefault(Realm.java:336)
	at org.eclipse.e4.ui.internal.workbench.swt.PartRenderingEngine.run(PartRenderingEngine.java:1022)
	at org.eclipse.e4.ui.internal.workbench.E4Workbench.createAndRunUI(E4Workbench.java:150)
	at org.eclipse.ui.internal.Workbench$5.run(Workbench.java:693)
	at org.eclipse.core.databinding.observable.Realm.runWithDefault(Realm.java:336)
	at org.eclipse.ui.internal.Workbench.createAndRunWorkbench(Workbench.java:610)
	at org.eclipse.ui.PlatformUI.createAndRunWorkbench(PlatformUI.java:148)
	at org.eclipse.ui.internal.ide.application.IDEApplication.start(IDEApplication.java:138)
	at org.eclipse.equinox.internal.app.EclipseAppHandle.run(EclipseAppHandle.java:196)
	at org.eclipse.core.runtime.internal.adaptor.EclipseAppLauncher.runApplication(EclipseAppLauncher.java:134)
	at org.eclipse.core.runtime.internal.adaptor.EclipseAppLauncher.start(EclipseAppLauncher.java:104)
	at org.eclipse.core.runtime.adaptor.EclipseStarter.run(EclipseStarter.java:388)
	at org.eclipse.core.runtime.adaptor.EclipseStarter.run(EclipseStarter.java:243)
	at sun.reflect.NativeMethodAccessorImpl.invoke0(Native Method)
	at sun.reflect.NativeMethodAccessorImpl.invoke(NativeMethodAccessorImpl.java:62)
	at sun.reflect.DelegatingMethodAccessorImpl.invoke(DelegatingMethodAccessorImpl.java:43)
	at java.lang.reflect.Method.invoke(Method.java:498)
	at org.eclipse.equinox.launcher.Main.invokeFramework(Main.java:673)
	at org.eclipse.equinox.launcher.Main.basicRun(Main.java:610)
	at org.eclipse.equinox.launcher.Main.run(Main.java:1519)
	at org.eclipse.equinox.launcher.Main.main(Main.java:1492)

!ENTRY org.python.pydev.shared_core 1 1 2017-09-27 21:49:29.300
!MESSAGE Restoring info for: /usr/bin/python
!STACK 0
java.lang.RuntimeException: Restoring info for: /usr/bin/python
	at org.python.pydev.ui.interpreters.AbstractInterpreterManager.getInterpretersFromPersistedString(AbstractInterpreterManager.java:529)
	at org.python.pydev.ui.interpreters.AbstractInterpreterManager.internalRecreateCacheGetInterpreterInfos(AbstractInterpreterManager.java:345)
	at org.python.pydev.ui.interpreters.AbstractInterpreterManager.setInfos(AbstractInterpreterManager.java:655)
	at org.python.pydev.ui.pythonpathconf.AutoConfigMaker$1.run(AutoConfigMaker.java:137)
	at org.eclipse.core.internal.jobs.Worker.run(Worker.java:55)
Caused by: java.io.IOException: Expecting: /home/gian/Comptetitive-Programming-/.metadata/.plugins/org.python.pydev/v1_bm109oo8jsa5gnqmc06ekl12p/modulesKeys to exist (and be a file).
	at org.python.pydev.editor.codecompletion.revisited.ModulesManager.loadFromFile(ModulesManager.java:293)
	at org.python.pydev.editor.codecompletion.revisited.SystemModulesManager.load(SystemModulesManager.java:397)
	at org.python.pydev.ui.interpreters.AbstractInterpreterManager.getInterpretersFromPersistedString(AbstractInterpreterManager.java:527)
	... 4 more

!ENTRY org.python.pydev.shared_core 1 1 2017-09-27 21:49:29.484
!MESSAGE Finished restoring information for: /usr/bin/python at: /home/gian/Comptetitive-Programming-/.metadata/.plugins/org.python.pydev/v1_bm109oo8jsa5gnqmc06ekl12p
!STACK 0
java.lang.RuntimeException: Finished restoring information for: /usr/bin/python at: /home/gian/Comptetitive-Programming-/.metadata/.plugins/org.python.pydev/v1_bm109oo8jsa5gnqmc06ekl12p
	at org.python.pydev.core.log.Log.logInfo(Log.java:66)
	at org.python.pydev.ui.interpreters.AbstractInterpreterManager.getInterpretersFromPersistedString(AbstractInterpreterManager.java:574)
	at org.python.pydev.ui.interpreters.AbstractInterpreterManager.internalRecreateCacheGetInterpreterInfos(AbstractInterpreterManager.java:345)
	at org.python.pydev.ui.interpreters.AbstractInterpreterManager.setInfos(AbstractInterpreterManager.java:655)
	at org.python.pydev.ui.pythonpathconf.AutoConfigMaker$1.run(AutoConfigMaker.java:137)
	at org.eclipse.core.internal.jobs.Worker.run(Worker.java:55)

!ENTRY org.python.pydev.shared_core 4 4 2017-09-27 21:49:29.532
!MESSAGE Info: Rebuilding internal caches: /home/gian/Comptetitive-Programming-/.metadata/.plugins/com.python.pydev.analysis/python_v1_bm109oo8jsa5gnqmc06ekl12p/python.pydevsysteminfo (Expected error to be provided and got no error!)

!ENTRY org.eclipse.launchbar.core 2 0 2017-09-27 21:50:22.837
!MESSAGE Enablement expression is missing for descriptor type org.eclipse.cdt.debug.core.coreBuildDescriptorType

!ENTRY org.eclipse.launchbar.core 2 0 2017-09-27 21:50:22.838
!MESSAGE Enablement expression is missing for config provider for org.eclipse.cdt.debug.core.coreBuildDescriptorType
!SESSION 2017-09-27 22:07:31.283 -----------------------------------------------
eclipse.buildId=4.6.2.M20161124-1400
java.version=1.8.0_121
java.vendor=Oracle Corporation
BootLoader constants: OS=linux, ARCH=x86_64, WS=gtk, NL=es_CO
Framework arguments:  -product org.eclipse.epp.package.java.product
Command-line arguments:  -os linux -ws gtk -arch x86_64 -product org.eclipse.epp.package.java.product

!ENTRY org.eclipse.core.resources 2 10035 2017-09-27 22:07:38.560
!MESSAGE The workspace exited with unsaved changes in the previous session; refreshing workspace to recover changes.

!ENTRY org.python.pydev.shared_core 1 1 2017-09-27 22:08:16.512
!MESSAGE - Ok, file is non-null. Getting info on:/usr/bin/python2.7
- Beggining task:Getting libs totalWork:100
- Setting task name:Mounting executable string...
- Setting task name:Executing:  /usr/bin/python2.7 -u /home/gian/.p2/pool/plugins/org.python.pydev_6.0.0.201709191431/pysrc/interpreterInfo.py
- Setting task name:Making pythonpath environment... /usr/bin/python2.7 -u /home/gian/.p2/pool/plugins/org.python.pydev_6.0.0.201709191431/pysrc/interpreterInfo.py
- Setting task name:Making exec... /usr/bin/python2.7 -u /home/gian/.p2/pool/plugins/org.python.pydev_6.0.0.201709191431/pysrc/interpreterInfo.py
- Setting task name:Reading output...
- Setting task name:Waiting for process to finish.
- Success getting the info. Result:<xml>
<name>python1</name>
<version>2.7</version>
<executable>/usr/bin/python2.7</executable>
<lib>/usr/lib/python2.7</lib>
<lib>/usr/lib/python2.7/plat-x86_64-linux-gnu</lib>
<lib>/usr/lib/python2.7/lib-tk</lib>
<lib>/usr/lib/python2.7/lib-dynload</lib>
<lib>/usr/local/lib/python2.7/dist-packages</lib>
<lib>/usr/lib/python2.7/dist-packages</lib>
<forced_lib>Image</forced_lib>
<forced_lib>OpenGL</forced_lib>
<forced_lib>__builtin__</forced_lib>
<forced_lib>__main__</forced_lib>
<forced_lib>_ast</forced_lib>
<forced_lib>_bisect</forced_lib>
<forced_lib>_bytesio</forced_lib>
<forced_lib>_codecs</forced_lib>
<forced_lib>_codecs_cn</forced_lib>
<forced_lib>_codecs_hk</forced_lib>
<forced_lib>_codecs_iso2022</forced_lib>
<forced_lib>_codecs_jp</forced_lib>
<forced_lib>_codecs_kr</forced_lib>
<forced_lib>_codecs_tw</forced_lib>
<forced_lib>_collections</forced_lib>
<forced_lib>_csv</forced_lib>
<forced_lib>_fileio</forced_lib>
<forced_lib>_functools</forced_lib>
<forced_lib>_heapq</forced_lib>
<forced_lib>_hotshot</forced_lib>
<forced_lib>_io</forced_lib>
<forced_lib>_json</forced_lib>
<forced_lib>_locale</forced_lib>
<forced_lib>_lsprof</forced_lib>
<forced_lib>_md5</forced_lib>
<forced_lib>_multibytecodec</forced_lib>
<forced_lib>_random</forced_lib>
<forced_lib>_sha</forced_lib>
<forced_lib>_sha256</forced_lib>
<forced_lib>_sha512</forced_lib>
<forced_lib>_socket</forced_lib>
<forced_lib>_sre</forced_lib>
<forced_lib>_struct</forced_lib>
<forced_lib>_subprocess</forced_lib>
<forced_lib>_symtable</forced_lib>
<forced_lib>_warnings</forced_lib>
<forced_lib>_weakref</forced_lib>
<forced_lib>_winreg</forced_lib>
<forced_lib>array</forced_lib>
<forced_lib>audioop</forced_lib>
<forced_lib>binascii</forced_lib>
<forced_lib>cPickle</forced_lib>
<forced_lib>cStringIO</forced_lib>
<forced_lib>cmath</forced_lib>
<forced_lib>cv2</forced_lib>
<forced_lib>datetime</forced_lib>
<forced_lib>email</forced_lib>
<forced_lib>errno</forced_lib>
<forced_lib>exceptions</forced_lib>
<forced_lib>fcntl</forced_lib>
<forced_lib>future_builtins</forced_lib>
<forced_lib>gc</forced_lib>
<forced_lib>gi</forced_lib>
<forced_lib>grp</forced_lib>
<forced_lib>hashlib</forced_lib>
<forced_lib>imageop</forced_lib>
<forced_lib>imp</forced_lib>
<forced_lib>itertools</forced_lib>
<forced_lib>marshal</forced_lib>
<forced_lib>math</forced_lib>
<forced_lib>mmap</forced_lib>
<forced_lib>mock</forced_lib>
<forced_lib>msvcrt</forced_lib>
<forced_lib>multiprocessing</forced_lib>
<forced_lib>mutagen</forced_lib>
<forced_lib>nt</forced_lib>
<forced_lib>numpy</forced_lib>
<forced_lib>operator</forced_lib>
<forced_lib>os</forced_lib>
<forced_lib>os.path</forced_lib>
<forced_lib>parser</forced_lib>
<forced_lib>posix</forced_lib>
<forced_lib>pwd</forced_lib>
<forced_lib>pytest</forced_lib>
<forced_lib>scipy</forced_lib>
<forced_lib>select</forced_lib>
<forced_lib>signal</forced_lib>
<forced_lib>six</forced_lib>
<forced_lib>socket</forced_lib>
<forced_lib>spwd</forced_lib>
<forced_lib>ssl</forced_lib>
<forced_lib>strop</forced_lib>
<forced_lib>sys</forced_lib>
<forced_lib>syslog</forced_lib>
<forced_lib>thread</forced_lib>
<forced_lib>time</forced_lib>
<forced_lib>unicodedata</forced_lib>
<forced_lib>wx</forced_lib>
<forced_lib>wxPython</forced_lib>
<forced_lib>xxsubtype</forced_lib>
<forced_lib>zipimport</forced_lib>
<forced_lib>zlib</forced_lib>
<string_substitution_var><key>PY</key><value>27</value></string_substitution_var>
</xml>
- Ok, file is non-null. Getting info on:/usr/bin/python2
- Beggining task:Getting libs totalWork:100
- Setting task name:Mounting executable string...
- Setting task name:Executing:  /usr/bin/python2 -u /home/gian/.p2/pool/plugins/org.python.pydev_6.0.0.201709191431/pysrc/interpreterInfo.py
- Setting task name:Making pythonpath environment... /usr/bin/python2 -u /home/gian/.p2/pool/plugins/org.python.pydev_6.0.0.201709191431/pysrc/interpreterInfo.py
- Setting task name:Making exec... /usr/bin/python2 -u /home/gian/.p2/pool/plugins/org.python.pydev_6.0.0.201709191431/pysrc/interpreterInfo.py
- Setting task name:Reading output...
- Setting task name:Waiting for process to finish.
- Success getting the info. Result:<xml>
<name>python1</name>
<version>2.7</version>
<executable>/usr/bin/python2</executable>
<lib>/usr/lib/python2.7</lib>
<lib>/usr/lib/python2.7/plat-x86_64-linux-gnu</lib>
<lib>/usr/lib/python2.7/lib-tk</lib>
<lib>/usr/lib/python2.7/lib-dynload</lib>
<lib>/usr/local/lib/python2.7/dist-packages</lib>
<lib>/usr/lib/python2.7/dist-packages</lib>
<forced_lib>Image</forced_lib>
<forced_lib>OpenGL</forced_lib>
<forced_lib>__builtin__</forced_lib>
<forced_lib>__main__</forced_lib>
<forced_lib>_ast</forced_lib>
<forced_lib>_bisect</forced_lib>
<forced_lib>_bytesio</forced_lib>
<forced_lib>_codecs</forced_lib>
<forced_lib>_codecs_cn</forced_lib>
<forced_lib>_codecs_hk</forced_lib>
<forced_lib>_codecs_iso2022</forced_lib>
<forced_lib>_codecs_jp</forced_lib>
<forced_lib>_codecs_kr</forced_lib>
<forced_lib>_codecs_tw</forced_lib>
<forced_lib>_collections</forced_lib>
<forced_lib>_csv</forced_lib>
<forced_lib>_fileio</forced_lib>
<forced_lib>_functools</forced_lib>
<forced_lib>_heapq</forced_lib>
<forced_lib>_hotshot</forced_lib>
<forced_lib>_io</forced_lib>
<forced_lib>_json</forced_lib>
<forced_lib>_locale</forced_lib>
<forced_lib>_lsprof</forced_lib>
<forced_lib>_md5</forced_lib>
<forced_lib>_multibytecodec</forced_lib>
<forced_lib>_random</forced_lib>
<forced_lib>_sha</forced_lib>
<forced_lib>_sha256</forced_lib>
<forced_lib>_sha512</forced_lib>
<forced_lib>_socket</forced_lib>
<forced_lib>_sre</forced_lib>
<forced_lib>_struct</forced_lib>
<forced_lib>_subprocess</forced_lib>
<forced_lib>_symtable</forced_lib>
<forced_lib>_warnings</forced_lib>
<forced_lib>_weakref</forced_lib>
<forced_lib>_winreg</forced_lib>
<forced_lib>array</forced_lib>
<forced_lib>audioop</forced_lib>
<forced_lib>binascii</forced_lib>
<forced_lib>cPickle</forced_lib>
<forced_lib>cStringIO</forced_lib>
<forced_lib>cmath</forced_lib>
<forced_lib>cv2</forced_lib>
<forced_lib>datetime</forced_lib>
<forced_lib>email</forced_lib>
<forced_lib>errno</forced_lib>
<forced_lib>exceptions</forced_lib>
<forced_lib>fcntl</forced_lib>
<forced_lib>future_builtins</forced_lib>
<forced_lib>gc</forced_lib>
<forced_lib>gi</forced_lib>
<forced_lib>grp</forced_lib>
<forced_lib>hashlib</forced_lib>
<forced_lib>imageop</forced_lib>
<forced_lib>imp</forced_lib>
<forced_lib>itertools</forced_lib>
<forced_lib>marshal</forced_lib>
<forced_lib>math</forced_lib>
<forced_lib>mmap</forced_lib>
<forced_lib>mock</forced_lib>
<forced_lib>msvcrt</forced_lib>
<forced_lib>multiprocessing</forced_lib>
<forced_lib>mutagen</forced_lib>
<forced_lib>nt</forced_lib>
<forced_lib>numpy</forced_lib>
<forced_lib>operator</forced_lib>
<forced_lib>os</forced_lib>
<forced_lib>os.path</forced_lib>
<forced_lib>parser</forced_lib>
<forced_lib>posix</forced_lib>
<forced_lib>pwd</forced_lib>
<forced_lib>pytest</forced_lib>
<forced_lib>scipy</forced_lib>
<forced_lib>select</forced_lib>
<forced_lib>signal</forced_lib>
<forced_lib>six</forced_lib>
<forced_lib>socket</forced_lib>
<forced_lib>spwd</forced_lib>
<forced_lib>ssl</forced_lib>
<forced_lib>strop</forced_lib>
<forced_lib>sys</forced_lib>
<forced_lib>syslog</forced_lib>
<forced_lib>thread</forced_lib>
<forced_lib>time</forced_lib>
<forced_lib>unicodedata</forced_lib>
<forced_lib>wx</forced_lib>
<forced_lib>wxPython</forced_lib>
<forced_lib>xxsubtype</forced_lib>
<forced_lib>zipimport</forced_lib>
<forced_lib>zlib</forced_lib>
<string_substitution_var><key>PY</key><value>27</value></string_substitution_var>
</xml>
- Ok, file is non-null. Getting info on:/usr/bin/python3
- Beggining task:Getting libs totalWork:100
- Setting task name:Mounting executable string...
- Setting task name:Executing:  /usr/bin/python3 -u /home/gian/.p2/pool/plugins/org.python.pydev_6.0.0.201709191431/pysrc/interpreterInfo.py
- Setting task name:Making pythonpath environment... /usr/bin/python3 -u /home/gian/.p2/pool/plugins/org.python.pydev_6.0.0.201709191431/pysrc/interpreterInfo.py
- Setting task name:Making exec... /usr/bin/python3 -u /home/gian/.p2/pool/plugins/org.python.pydev_6.0.0.201709191431/pysrc/interpreterInfo.py
- Setting task name:Reading output...
- Setting task name:Waiting for process to finish.
- Success getting the info. Result:<xml>
<name>python1</name>
<version>3.5</version>
<executable>/usr/bin/python3</executable>
<lib>/usr/lib/python3.5</lib>
<lib>/usr/lib/python3.5/plat-x86_64-linux-gnu</lib>
<lib>/usr/lib/python3.5/lib-dynload</lib>
<lib>/usr/local/lib/python3.5/dist-packages</lib>
<lib>/usr/lib/python3/dist-packages</lib>
<forced_lib>Image</forced_lib>
<forced_lib>OpenGL</forced_lib>
<forced_lib>_ast</forced_lib>
<forced_lib>_bisect</forced_lib>
<forced_lib>_bytesio</forced_lib>
<forced_lib>_codecs</forced_lib>
<forced_lib>_codecs_cn</forced_lib>
<forced_lib>_codecs_hk</forced_lib>
<forced_lib>_codecs_iso2022</forced_lib>
<forced_lib>_codecs_jp</forced_lib>
<forced_lib>_codecs_kr</forced_lib>
<forced_lib>_codecs_tw</forced_lib>
<forced_lib>_collections</forced_lib>
<forced_lib>_csv</forced_lib>
<forced_lib>_datetime</forced_lib>
<forced_lib>_elementtree</forced_lib>
<forced_lib>_fileio</forced_lib>
<forced_lib>_functools</forced_lib>
<forced_lib>_heapq</forced_lib>
<forced_lib>_hotshot</forced_lib>
<forced_lib>_imp</forced_lib>
<forced_lib>_io</forced_lib>
<forced_lib>_json</forced_lib>
<forced_lib>_locale</forced_lib>
<forced_lib>_lsprof</forced_lib>
<forced_lib>_md5</forced_lib>
<forced_lib>_multibytecodec</forced_lib>
<forced_lib>_operator</forced_lib>
<forced_lib>_pickle</forced_lib>
<forced_lib>_posixsubprocess</forced_lib>
<forced_lib>_random</forced_lib>
<forced_lib>_sha</forced_lib>
<forced_lib>_sha1</forced_lib>
<forced_lib>_sha256</forced_lib>
<forced_lib>_sha512</forced_lib>
<forced_lib>_signal</forced_lib>
<forced_lib>_socket</forced_lib>
<forced_lib>_sre</forced_lib>
<forced_lib>_stat</forced_lib>
<forced_lib>_string</forced_lib>
<forced_lib>_struct</forced_lib>
<forced_lib>_subprocess</forced_lib>
<forced_lib>_symtable</forced_lib>
<forced_lib>_thread</forced_lib>
<forced_lib>_tracemalloc</forced_lib>
<forced_lib>_warnings</forced_lib>
<forced_lib>_weakref</forced_lib>
<forced_lib>_winreg</forced_lib>
<forced_lib>array</forced_lib>
<forced_lib>atexit</forced_lib>
<forced_lib>audioop</forced_lib>
<forced_lib>binascii</forced_lib>
<forced_lib>builtins</forced_lib>
<forced_lib>cPickle</forced_lib>
<forced_lib>cStringIO</forced_lib>
<forced_lib>cmath</forced_lib>
<forced_lib>cv2</forced_lib>
<forced_lib>datetime</forced_lib>
<forced_lib>email</forced_lib>
<forced_lib>errno</forced_lib>
<forced_lib>exceptions</forced_lib>
<forced_lib>faulthandler</forced_lib>
<forced_lib>fcntl</forced_lib>
<forced_lib>future_builtins</forced_lib>
<forced_lib>gc</forced_lib>
<forced_lib>gi</forced_lib>
<forced_lib>grp</forced_lib>
<forced_lib>hashlib</forced_lib>
<forced_lib>imageop</forced_lib>
<forced_lib>imp</forced_lib>
<forced_lib>itertools</forced_lib>
<forced_lib>marshal</forced_lib>
<forced_lib>math</forced_lib>
<forced_lib>mmap</forced_lib>
<forced_lib>mock</forced_lib>
<forced_lib>msvcrt</forced_lib>
<forced_lib>multiprocessing</forced_lib>
<forced_lib>mutagen</forced_lib>
<forced_lib>nt</forced_lib>
<forced_lib>numpy</forced_lib>
<forced_lib>operator</forced_lib>
<forced_lib>os</forced_lib>
<forced_lib>os.path</forced_lib>
<forced_lib>parser</forced_lib>
<forced_lib>posix</forced_lib>
<forced_lib>pwd</forced_lib>
<forced_lib>pyexpat</forced_lib>
<forced_lib>pytest</forced_lib>
<forced_lib>scipy</forced_lib>
<forced_lib>select</forced_lib>
<forced_lib>signal</forced_lib>
<forced_lib>six</forced_lib>
<forced_lib>socket</forced_lib>
<forced_lib>spwd</forced_lib>
<forced_lib>ssl</forced_lib>
<forced_lib>strop</forced_lib>
<forced_lib>sys</forced_lib>
<forced_lib>syslog</forced_lib>
<forced_lib>thread</forced_lib>
<forced_lib>time</forced_lib>
<forced_lib>unicodedata</forced_lib>
<forced_lib>wx</forced_lib>
<forced_lib>wxPython</forced_lib>
<forced_lib>xxsubtype</forced_lib>
<forced_lib>zipimport</forced_lib>
<forced_lib>zlib</forced_lib>
<string_substitution_var><key>PY</key><value>35</value></string_substitution_var>
</xml>
- Ok, file is non-null. Getting info on:/usr/bin/python3.5
- Beggining task:Getting libs totalWork:100
- Setting task name:Mounting executable string...
- Setting task name:Executing:  /usr/bin/python3.5 -u /home/gian/.p2/pool/plugins/org.python.pydev_6.0.0.201709191431/pysrc/interpreterInfo.py
- Setting task name:Making pythonpath environment... /usr/bin/python3.5 -u /home/gian/.p2/pool/plugins/org.python.pydev_6.0.0.201709191431/pysrc/interpreterInfo.py
- Setting task name:Making exec... /usr/bin/python3.5 -u /home/gian/.p2/pool/plugins/org.python.pydev_6.0.0.201709191431/pysrc/interpreterInfo.py
- Setting task name:Reading output...
- Setting task name:Waiting for process to finish.
- Success getting the info. Result:<xml>
<name>python1</name>
<version>3.5</version>
<executable>/usr/bin/python3.5</executable>
<lib>/usr/lib/python3.5</lib>
<lib>/usr/lib/python3.5/plat-x86_64-linux-gnu</lib>
<lib>/usr/lib/python3.5/lib-dynload</lib>
<lib>/usr/local/lib/python3.5/dist-packages</lib>
<lib>/usr/lib/python3/dist-packages</lib>
<forced_lib>Image</forced_lib>
<forced_lib>OpenGL</forced_lib>
<forced_lib>_ast</forced_lib>
<forced_lib>_bisect</forced_lib>
<forced_lib>_bytesio</forced_lib>
<forced_lib>_codecs</forced_lib>
<forced_lib>_codecs_cn</forced_lib>
<forced_lib>_codecs_hk</forced_lib>
<forced_lib>_codecs_iso2022</forced_lib>
<forced_lib>_codecs_jp</forced_lib>
<forced_lib>_codecs_kr</forced_lib>
<forced_lib>_codecs_tw</forced_lib>
<forced_lib>_collections</forced_lib>
<forced_lib>_csv</forced_lib>
<forced_lib>_datetime</forced_lib>
<forced_lib>_elementtree</forced_lib>
<forced_lib>_fileio</forced_lib>
<forced_lib>_functools</forced_lib>
<forced_lib>_heapq</forced_lib>
<forced_lib>_hotshot</forced_lib>
<forced_lib>_imp</forced_lib>
<forced_lib>_io</forced_lib>
<forced_lib>_json</forced_lib>
<forced_lib>_locale</forced_lib>
<forced_lib>_lsprof</forced_lib>
<forced_lib>_md5</forced_lib>
<forced_lib>_multibytecodec</forced_lib>
<forced_lib>_operator</forced_lib>
<forced_lib>_pickle</forced_lib>
<forced_lib>_posixsubprocess</forced_lib>
<forced_lib>_random</forced_lib>
<forced_lib>_sha</forced_lib>
<forced_lib>_sha1</forced_lib>
<forced_lib>_sha256</forced_lib>
<forced_lib>_sha512</forced_lib>
<forced_lib>_signal</forced_lib>
<forced_lib>_socket</forced_lib>
<forced_lib>_sre</forced_lib>
<forced_lib>_stat</forced_lib>
<forced_lib>_string</forced_lib>
<forced_lib>_struct</forced_lib>
<forced_lib>_subprocess</forced_lib>
<forced_lib>_symtable</forced_lib>
<forced_lib>_thread</forced_lib>
<forced_lib>_tracemalloc</forced_lib>
<forced_lib>_warnings</forced_lib>
<forced_lib>_weakref</forced_lib>
<forced_lib>_winreg</forced_lib>
<forced_lib>array</forced_lib>
<forced_lib>atexit</forced_lib>
<forced_lib>audioop</forced_lib>
<forced_lib>binascii</forced_lib>
<forced_lib>builtins</forced_lib>
<forced_lib>cPickle</forced_lib>
<forced_lib>cStringIO</forced_lib>
<forced_lib>cmath</forced_lib>
<forced_lib>cv2</forced_lib>
<forced_lib>datetime</forced_lib>
<forced_lib>email</forced_lib>
<forced_lib>errno</forced_lib>
<forced_lib>exceptions</forced_lib>
<forced_lib>faulthandler</forced_lib>
<forced_lib>fcntl</forced_lib>
<forced_lib>future_builtins</forced_lib>
<forced_lib>gc</forced_lib>
<forced_lib>gi</forced_lib>
<forced_lib>grp</forced_lib>
<forced_lib>hashlib</forced_lib>
<forced_lib>imageop</forced_lib>
<forced_lib>imp</forced_lib>
<forced_lib>itertools</forced_lib>
<forced_lib>marshal</forced_lib>
<forced_lib>math</forced_lib>
<forced_lib>mmap</forced_lib>
<forced_lib>mock</forced_lib>
<forced_lib>msvcrt</forced_lib>
<forced_lib>multiprocessing</forced_lib>
<forced_lib>mutagen</forced_lib>
<forced_lib>nt</forced_lib>
<forced_lib>numpy</forced_lib>
<forced_lib>operator</forced_lib>
<forced_lib>os</forced_lib>
<forced_lib>os.path</forced_lib>
<forced_lib>parser</forced_lib>
<forced_lib>posix</forced_lib>
<forced_lib>pwd</forced_lib>
<forced_lib>pyexpat</forced_lib>
<forced_lib>pytest</forced_lib>
<forced_lib>scipy</forced_lib>
<forced_lib>select</forced_lib>
<forced_lib>signal</forced_lib>
<forced_lib>six</forced_lib>
<forced_lib>socket</forced_lib>
<forced_lib>spwd</forced_lib>
<forced_lib>ssl</forced_lib>
<forced_lib>strop</forced_lib>
<forced_lib>sys</forced_lib>
<forced_lib>syslog</forced_lib>
<forced_lib>thread</forced_lib>
<forced_lib>time</forced_lib>
<forced_lib>unicodedata</forced_lib>
<forced_lib>wx</forced_lib>
<forced_lib>wxPython</forced_lib>
<forced_lib>xxsubtype</forced_lib>
<forced_lib>zipimport</forced_lib>
<forced_lib>zlib</forced_lib>
<string_substitution_var><key>PY</key><value>35</value></string_substitution_var>
</xml>
- Ok, file is non-null. Getting info on:/usr/bin/python3
- Beggining task:Getting libs totalWork:100
- Setting task name:Mounting executable string...
- Setting task name:Executing:  /usr/bin/python3 -u /home/gian/.p2/pool/plugins/org.python.pydev_6.0.0.201709191431/pysrc/interpreterInfo.py
- Setting task name:Making pythonpath environment... /usr/bin/python3 -u /home/gian/.p2/pool/plugins/org.python.pydev_6.0.0.201709191431/pysrc/interpreterInfo.py
- Setting task name:Making exec... /usr/bin/python3 -u /home/gian/.p2/pool/plugins/org.python.pydev_6.0.0.201709191431/pysrc/interpreterInfo.py
- Setting task name:Reading output...
- Setting task name:Waiting for process to finish.
- Success getting the info. Result:<xml>
<name>python1</name>
<version>3.5</version>
<executable>/usr/bin/python3</executable>
<lib>/usr/lib/python3.5</lib>
<lib>/usr/lib/python3.5/plat-x86_64-linux-gnu</lib>
<lib>/usr/lib/python3.5/lib-dynload</lib>
<lib>/usr/local/lib/python3.5/dist-packages</lib>
<lib>/usr/lib/python3/dist-packages</lib>
<forced_lib>Image</forced_lib>
<forced_lib>OpenGL</forced_lib>
<forced_lib>_ast</forced_lib>
<forced_lib>_bisect</forced_lib>
<forced_lib>_bytesio</forced_lib>
<forced_lib>_codecs</forced_lib>
<forced_lib>_codecs_cn</forced_lib>
<forced_lib>_codecs_hk</forced_lib>
<forced_lib>_codecs_iso2022</forced_lib>
<forced_lib>_codecs_jp</forced_lib>
<forced_lib>_codecs_kr</forced_lib>
<forced_lib>_codecs_tw</forced_lib>
<forced_lib>_collections</forced_lib>
<forced_lib>_csv</forced_lib>
<forced_lib>_datetime</forced_lib>
<forced_lib>_elementtree</forced_lib>
<forced_lib>_fileio</forced_lib>
<forced_lib>_functools</forced_lib>
<forced_lib>_heapq</forced_lib>
<forced_lib>_hotshot</forced_lib>
<forced_lib>_imp</forced_lib>
<forced_lib>_io</forced_lib>
<forced_lib>_json</forced_lib>
<forced_lib>_locale</forced_lib>
<forced_lib>_lsprof</forced_lib>
<forced_lib>_md5</forced_lib>
<forced_lib>_multibytecodec</forced_lib>
<forced_lib>_operator</forced_lib>
<forced_lib>_pickle</forced_lib>
<forced_lib>_posixsubprocess</forced_lib>
<forced_lib>_random</forced_lib>
<forced_lib>_sha</forced_lib>
<forced_lib>_sha1</forced_lib>
<forced_lib>_sha256</forced_lib>
<forced_lib>_sha512</forced_lib>
<forced_lib>_signal</forced_lib>
<forced_lib>_socket</forced_lib>
<forced_lib>_sre</forced_lib>
<forced_lib>_stat</forced_lib>
<forced_lib>_string</forced_lib>
<forced_lib>_struct</forced_lib>
<forced_lib>_subprocess</forced_lib>
<forced_lib>_symtable</forced_lib>
<forced_lib>_thread</forced_lib>
<forced_lib>_tracemalloc</forced_lib>
<forced_lib>_warnings</forced_lib>
<forced_lib>_weakref</forced_lib>
<forced_lib>_winreg</forced_lib>
<forced_lib>array</forced_lib>
<forced_lib>atexit</forced_lib>
<forced_lib>audioop</forced_lib>
<forced_lib>binascii</forced_lib>
<forced_lib>builtins</forced_lib>
<forced_lib>cPickle</forced_lib>
<forced_lib>cStringIO</forced_lib>
<forced_lib>cmath</forced_lib>
<forced_lib>cv2</forced_lib>
<forced_lib>datetime</forced_lib>
<forced_lib>email</forced_lib>
<forced_lib>errno</forced_lib>
<forced_lib>exceptions</forced_lib>
<forced_lib>faulthandler</forced_lib>
<forced_lib>fcntl</forced_lib>
<forced_lib>future_builtins</forced_lib>
<forced_lib>gc</forced_lib>
<forced_lib>gi</forced_lib>
<forced_lib>grp</forced_lib>
<forced_lib>hashlib</forced_lib>
<forced_lib>imageop</forced_lib>
<forced_lib>imp</forced_lib>
<forced_lib>itertools</forced_lib>
<forced_lib>marshal</forced_lib>
<forced_lib>math</forced_lib>
<forced_lib>mmap</forced_lib>
<forced_lib>mock</forced_lib>
<forced_lib>msvcrt</forced_lib>
<forced_lib>multiprocessing</forced_lib>
<forced_lib>mutagen</forced_lib>
<forced_lib>nt</forced_lib>
<forced_lib>numpy</forced_lib>
<forced_lib>operator</forced_lib>
<forced_lib>os</forced_lib>
<forced_lib>os.path</forced_lib>
<forced_lib>parser</forced_lib>
<forced_lib>posix</forced_lib>
<forced_lib>pwd</forced_lib>
<forced_lib>pyexpat</forced_lib>
<forced_lib>pytest</forced_lib>
<forced_lib>scipy</forced_lib>
<forced_lib>select</forced_lib>
<forced_lib>signal</forced_lib>
<forced_lib>six</forced_lib>
<forced_lib>socket</forced_lib>
<forced_lib>spwd</forced_lib>
<forced_lib>ssl</forced_lib>
<forced_lib>strop</forced_lib>
<forced_lib>sys</forced_lib>
<forced_lib>syslog</forced_lib>
<forced_lib>thread</forced_lib>
<forced_lib>time</forced_lib>
<forced_lib>unicodedata</forced_lib>
<forced_lib>wx</forced_lib>
<forced_lib>wxPython</forced_lib>
<forced_lib>xxsubtype</forced_lib>
<forced_lib>zipimport</forced_lib>
<forced_lib>zlib</forced_lib>
<string_substitution_var><key>PY</key><value>35</value></string_substitution_var>
</xml>

!STACK 0
java.lang.RuntimeException: - Ok, file is non-null. Getting info on:/usr/bin/python2.7
- Beggining task:Getting libs totalWork:100
- Setting task name:Mounting executable string...
- Setting task name:Executing:  /usr/bin/python2.7 -u /home/gian/.p2/pool/plugins/org.python.pydev_6.0.0.201709191431/pysrc/interpreterInfo.py
- Setting task name:Making pythonpath environment... /usr/bin/python2.7 -u /home/gian/.p2/pool/plugins/org.python.pydev_6.0.0.201709191431/pysrc/interpreterInfo.py
- Setting task name:Making exec... /usr/bin/python2.7 -u /home/gian/.p2/pool/plugins/org.python.pydev_6.0.0.201709191431/pysrc/interpreterInfo.py
- Setting task name:Reading output...
- Setting task name:Waiting for process to finish.
- Success getting the info. Result:<xml>
<name>python1</name>
<version>2.7</version>
<executable>/usr/bin/python2.7</executable>
<lib>/usr/lib/python2.7</lib>
<lib>/usr/lib/python2.7/plat-x86_64-linux-gnu</lib>
<lib>/usr/lib/python2.7/lib-tk</lib>
<lib>/usr/lib/python2.7/lib-dynload</lib>
<lib>/usr/local/lib/python2.7/dist-packages</lib>
<lib>/usr/lib/python2.7/dist-packages</lib>
<forced_lib>Image</forced_lib>
<forced_lib>OpenGL</forced_lib>
<forced_lib>__builtin__</forced_lib>
<forced_lib>__main__</forced_lib>
<forced_lib>_ast</forced_lib>
<forced_lib>_bisect</forced_lib>
<forced_lib>_bytesio</forced_lib>
<forced_lib>_codecs</forced_lib>
<forced_lib>_codecs_cn</forced_lib>
<forced_lib>_codecs_hk</forced_lib>
<forced_lib>_codecs_iso2022</forced_lib>
<forced_lib>_codecs_jp</forced_lib>
<forced_lib>_codecs_kr</forced_lib>
<forced_lib>_codecs_tw</forced_lib>
<forced_lib>_collections</forced_lib>
<forced_lib>_csv</forced_lib>
<forced_lib>_fileio</forced_lib>
<forced_lib>_functools</forced_lib>
<forced_lib>_heapq</forced_lib>
<forced_lib>_hotshot</forced_lib>
<forced_lib>_io</forced_lib>
<forced_lib>_json</forced_lib>
<forced_lib>_locale</forced_lib>
<forced_lib>_lsprof</forced_lib>
<forced_lib>_md5</forced_lib>
<forced_lib>_multibytecodec</forced_lib>
<forced_lib>_random</forced_lib>
<forced_lib>_sha</forced_lib>
<forced_lib>_sha256</forced_lib>
<forced_lib>_sha512</forced_lib>
<forced_lib>_socket</forced_lib>
<forced_lib>_sre</forced_lib>
<forced_lib>_struct</forced_lib>
<forced_lib>_subprocess</forced_lib>
<forced_lib>_symtable</forced_lib>
<forced_lib>_warnings</forced_lib>
<forced_lib>_weakref</forced_lib>
<forced_lib>_winreg</forced_lib>
<forced_lib>array</forced_lib>
<forced_lib>audioop</forced_lib>
<forced_lib>binascii</forced_lib>
<forced_lib>cPickle</forced_lib>
<forced_lib>cStringIO</forced_lib>
<forced_lib>cmath</forced_lib>
<forced_lib>cv2</forced_lib>
<forced_lib>datetime</forced_lib>
<forced_lib>email</forced_lib>
<forced_lib>errno</forced_lib>
<forced_lib>exceptions</forced_lib>
<forced_lib>fcntl</forced_lib>
<forced_lib>future_builtins</forced_lib>
<forced_lib>gc</forced_lib>
<forced_lib>gi</forced_lib>
<forced_lib>grp</forced_lib>
<forced_lib>hashlib</forced_lib>
<forced_lib>imageop</forced_lib>
<forced_lib>imp</forced_lib>
<forced_lib>itertools</forced_lib>
<forced_lib>marshal</forced_lib>
<forced_lib>math</forced_lib>
<forced_lib>mmap</forced_lib>
<forced_lib>mock</forced_lib>
<forced_lib>msvcrt</forced_lib>
<forced_lib>multiprocessing</forced_lib>
<forced_lib>mutagen</forced_lib>
<forced_lib>nt</forced_lib>
<forced_lib>numpy</forced_lib>
<forced_lib>operator</forced_lib>
<forced_lib>os</forced_lib>
<forced_lib>os.path</forced_lib>
<forced_lib>parser</forced_lib>
<forced_lib>posix</forced_lib>
<forced_lib>pwd</forced_lib>
<forced_lib>pytest</forced_lib>
<forced_lib>scipy</forced_lib>
<forced_lib>select</forced_lib>
<forced_lib>signal</forced_lib>
<forced_lib>six</forced_lib>
<forced_lib>socket</forced_lib>
<forced_lib>spwd</forced_lib>
<forced_lib>ssl</forced_lib>
<forced_lib>strop</forced_lib>
<forced_lib>sys</forced_lib>
<forced_lib>syslog</forced_lib>
<forced_lib>thread</forced_lib>
<forced_lib>time</forced_lib>
<forced_lib>unicodedata</forced_lib>
<forced_lib>wx</forced_lib>
<forced_lib>wxPython</forced_lib>
<forced_lib>xxsubtype</forced_lib>
<forced_lib>zipimport</forced_lib>
<forced_lib>zlib</forced_lib>
<string_substitution_var><key>PY</key><value>27</value></string_substitution_var>
</xml>
- Ok, file is non-null. Getting info on:/usr/bin/python2
- Beggining task:Getting libs totalWork:100
- Setting task name:Mounting executable string...
- Setting task name:Executing:  /usr/bin/python2 -u /home/gian/.p2/pool/plugins/org.python.pydev_6.0.0.201709191431/pysrc/interpreterInfo.py
- Setting task name:Making pythonpath environment... /usr/bin/python2 -u /home/gian/.p2/pool/plugins/org.python.pydev_6.0.0.201709191431/pysrc/interpreterInfo.py
- Setting task name:Making exec... /usr/bin/python2 -u /home/gian/.p2/pool/plugins/org.python.pydev_6.0.0.201709191431/pysrc/interpreterInfo.py
- Setting task name:Reading output...
- Setting task name:Waiting for process to finish.
- Success getting the info. Result:<xml>
<name>python1</name>
<version>2.7</version>
<executable>/usr/bin/python2</executable>
<lib>/usr/lib/python2.7</lib>
<lib>/usr/lib/python2.7/plat-x86_64-linux-gnu</lib>
<lib>/usr/lib/python2.7/lib-tk</lib>
<lib>/usr/lib/python2.7/lib-dynload</lib>
<lib>/usr/local/lib/python2.7/dist-packages</lib>
<lib>/usr/lib/python2.7/dist-packages</lib>
<forced_lib>Image</forced_lib>
<forced_lib>OpenGL</forced_lib>
<forced_lib>__builtin__</forced_lib>
<forced_lib>__main__</forced_lib>
<forced_lib>_ast</forced_lib>
<forced_lib>_bisect</forced_lib>
<forced_lib>_bytesio</forced_lib>
<forced_lib>_codecs</forced_lib>
<forced_lib>_codecs_cn</forced_lib>
<forced_lib>_codecs_hk</forced_lib>
<forced_lib>_codecs_iso2022</forced_lib>
<forced_lib>_codecs_jp</forced_lib>
<forced_lib>_codecs_kr</forced_lib>
<forced_lib>_codecs_tw</forced_lib>
<forced_lib>_collections</forced_lib>
<forced_lib>_csv</forced_lib>
<forced_lib>_fileio</forced_lib>
<forced_lib>_functools</forced_lib>
<forced_lib>_heapq</forced_lib>
<forced_lib>_hotshot</forced_lib>
<forced_lib>_io</forced_lib>
<forced_lib>_json</forced_lib>
<forced_lib>_locale</forced_lib>
<forced_lib>_lsprof</forced_lib>
<forced_lib>_md5</forced_lib>
<forced_lib>_multibytecodec</forced_lib>
<forced_lib>_random</forced_lib>
<forced_lib>_sha</forced_lib>
<forced_lib>_sha256</forced_lib>
<forced_lib>_sha512</forced_lib>
<forced_lib>_socket</forced_lib>
<forced_lib>_sre</forced_lib>
<forced_lib>_struct</forced_lib>
<forced_lib>_subprocess</forced_lib>
<forced_lib>_symtable</forced_lib>
<forced_lib>_warnings</forced_lib>
<forced_lib>_weakref</forced_lib>
<forced_lib>_winreg</forced_lib>
<forced_lib>array</forced_lib>
<forced_lib>audioop</forced_lib>
<forced_lib>binascii</forced_lib>
<forced_lib>cPickle</forced_lib>
<forced_lib>cStringIO</forced_lib>
<forced_lib>cmath</forced_lib>
<forced_lib>cv2</forced_lib>
<forced_lib>datetime</forced_lib>
<forced_lib>email</forced_lib>
<forced_lib>errno</forced_lib>
<forced_lib>exceptions</forced_lib>
<forced_lib>fcntl</forced_lib>
<forced_lib>future_builtins</forced_lib>
<forced_lib>gc</forced_lib>
<forced_lib>gi</forced_lib>
<forced_lib>grp</forced_lib>
<forced_lib>hashlib</forced_lib>
<forced_lib>imageop</forced_lib>
<forced_lib>imp</forced_lib>
<forced_lib>itertools</forced_lib>
<forced_lib>marshal</forced_lib>
<forced_lib>math</forced_lib>
<forced_lib>mmap</forced_lib>
<forced_lib>mock</forced_lib>
<forced_lib>msvcrt</forced_lib>
<forced_lib>multiprocessing</forced_lib>
<forced_lib>mutagen</forced_lib>
<forced_lib>nt</forced_lib>
<forced_lib>numpy</forced_lib>
<forced_lib>operator</forced_lib>
<forced_lib>os</forced_lib>
<forced_lib>os.path</forced_lib>
<forced_lib>parser</forced_lib>
<forced_lib>posix</forced_lib>
<forced_lib>pwd</forced_lib>
<forced_lib>pytest</forced_lib>
<forced_lib>scipy</forced_lib>
<forced_lib>select</forced_lib>
<forced_lib>signal</forced_lib>
<forced_lib>six</forced_lib>
<forced_lib>socket</forced_lib>
<forced_lib>spwd</forced_lib>
<forced_lib>ssl</forced_lib>
<forced_lib>strop</forced_lib>
<forced_lib>sys</forced_lib>
<forced_lib>syslog</forced_lib>
<forced_lib>thread</forced_lib>
<forced_lib>time</forced_lib>
<forced_lib>unicodedata</forced_lib>
<forced_lib>wx</forced_lib>
<forced_lib>wxPython</forced_lib>
<forced_lib>xxsubtype</forced_lib>
<forced_lib>zipimport</forced_lib>
<forced_lib>zlib</forced_lib>
<string_substitution_var><key>PY</key><value>27</value></string_substitution_var>
</xml>
- Ok, file is non-null. Getting info on:/usr/bin/python3
- Beggining task:Getting libs totalWork:100
- Setting task name:Mounting executable string...
- Setting task name:Executing:  /usr/bin/python3 -u /home/gian/.p2/pool/plugins/org.python.pydev_6.0.0.201709191431/pysrc/interpreterInfo.py
- Setting task name:Making pythonpath environment... /usr/bin/python3 -u /home/gian/.p2/pool/plugins/org.python.pydev_6.0.0.201709191431/pysrc/interpreterInfo.py
- Setting task name:Making exec... /usr/bin/python3 -u /home/gian/.p2/pool/plugins/org.python.pydev_6.0.0.201709191431/pysrc/interpreterInfo.py
- Setting task name:Reading output...
- Setting task name:Waiting for process to finish.
- Success getting the info. Result:<xml>
<name>python1</name>
<version>3.5</version>
<executable>/usr/bin/python3</executable>
<lib>/usr/lib/python3.5</lib>
<lib>/usr/lib/python3.5/plat-x86_64-linux-gnu</lib>
<lib>/usr/lib/python3.5/lib-dynload</lib>
<lib>/usr/local/lib/python3.5/dist-packages</lib>
<lib>/usr/lib/python3/dist-packages</lib>
<forced_lib>Image</forced_lib>
<forced_lib>OpenGL</forced_lib>
<forced_lib>_ast</forced_lib>
<forced_lib>_bisect</forced_lib>
<forced_lib>_bytesio</forced_lib>
<forced_lib>_codecs</forced_lib>
<forced_lib>_codecs_cn</forced_lib>
<forced_lib>_codecs_hk</forced_lib>
<forced_lib>_codecs_iso2022</forced_lib>
<forced_lib>_codecs_jp</forced_lib>
<forced_lib>_codecs_kr</forced_lib>
<forced_lib>_codecs_tw</forced_lib>
<forced_lib>_collections</forced_lib>
<forced_lib>_csv</forced_lib>
<forced_lib>_datetime</forced_lib>
<forced_lib>_elementtree</forced_lib>
<forced_lib>_fileio</forced_lib>
<forced_lib>_functools</forced_lib>
<forced_lib>_heapq</forced_lib>
<forced_lib>_hotshot</forced_lib>
<forced_lib>_imp</forced_lib>
<forced_lib>_io</forced_lib>
<forced_lib>_json</forced_lib>
<forced_lib>_locale</forced_lib>
<forced_lib>_lsprof</forced_lib>
<forced_lib>_md5</forced_lib>
<forced_lib>_multibytecodec</forced_lib>
<forced_lib>_operator</forced_lib>
<forced_lib>_pickle</forced_lib>
<forced_lib>_posixsubprocess</forced_lib>
<forced_lib>_random</forced_lib>
<forced_lib>_sha</forced_lib>
<forced_lib>_sha1</forced_lib>
<forced_lib>_sha256</forced_lib>
<forced_lib>_sha512</forced_lib>
<forced_lib>_signal</forced_lib>
<forced_lib>_socket</forced_lib>
<forced_lib>_sre</forced_lib>
<forced_lib>_stat</forced_lib>
<forced_lib>_string</forced_lib>
<forced_lib>_struct</forced_lib>
<forced_lib>_subprocess</forced_lib>
<forced_lib>_symtable</forced_lib>
<forced_lib>_thread</forced_lib>
<forced_lib>_tracemalloc</forced_lib>
<forced_lib>_warnings</forced_lib>
<forced_lib>_weakref</forced_lib>
<forced_lib>_winreg</forced_lib>
<forced_lib>array</forced_lib>
<forced_lib>atexit</forced_lib>
<forced_lib>audioop</forced_lib>
<forced_lib>binascii</forced_lib>
<forced_lib>builtins</forced_lib>
<forced_lib>cPickle</forced_lib>
<forced_lib>cStringIO</forced_lib>
<forced_lib>cmath</forced_lib>
<forced_lib>cv2</forced_lib>
<forced_lib>datetime</forced_lib>
<forced_lib>email</forced_lib>
<forced_lib>errno</forced_lib>
<forced_lib>exceptions</forced_lib>
<forced_lib>faulthandler</forced_lib>
<forced_lib>fcntl</forced_lib>
<forced_lib>future_builtins</forced_lib>
<forced_lib>gc</forced_lib>
<forced_lib>gi</forced_lib>
<forced_lib>grp</forced_lib>
<forced_lib>hashlib</forced_lib>
<forced_lib>imageop</forced_lib>
<forced_lib>imp</forced_lib>
<forced_lib>itertools</forced_lib>
<forced_lib>marshal</forced_lib>
<forced_lib>math</forced_lib>
<forced_lib>mmap</forced_lib>
<forced_lib>mock</forced_lib>
<forced_lib>msvcrt</forced_lib>
<forced_lib>multiprocessing</forced_lib>
<forced_lib>mutagen</forced_lib>
<forced_lib>nt</forced_lib>
<forced_lib>numpy</forced_lib>
<forced_lib>operator</forced_lib>
<forced_lib>os</forced_lib>
<forced_lib>os.path</forced_lib>
<forced_lib>parser</forced_lib>
<forced_lib>posix</forced_lib>
<forced_lib>pwd</forced_lib>
<forced_lib>pyexpat</forced_lib>
<forced_lib>pytest</forced_lib>
<forced_lib>scipy</forced_lib>
<forced_lib>select</forced_lib>
<forced_lib>signal</forced_lib>
<forced_lib>six</forced_lib>
<forced_lib>socket</forced_lib>
<forced_lib>spwd</forced_lib>
<forced_lib>ssl</forced_lib>
<forced_lib>strop</forced_lib>
<forced_lib>sys</forced_lib>
<forced_lib>syslog</forced_lib>
<forced_lib>thread</forced_lib>
<forced_lib>time</forced_lib>
<forced_lib>unicodedata</forced_lib>
<forced_lib>wx</forced_lib>
<forced_lib>wxPython</forced_lib>
<forced_lib>xxsubtype</forced_lib>
<forced_lib>zipimport</forced_lib>
<forced_lib>zlib</forced_lib>
<string_substitution_var><key>PY</key><value>35</value></string_substitution_var>
</xml>
- Ok, file is non-null. Getting info on:/usr/bin/python3.5
- Beggining task:Getting libs totalWork:100
- Setting task name:Mounting executable string...
- Setting task name:Executing:  /usr/bin/python3.5 -u /home/gian/.p2/pool/plugins/org.python.pydev_6.0.0.201709191431/pysrc/interpreterInfo.py
- Setting task name:Making pythonpath environment... /usr/bin/python3.5 -u /home/gian/.p2/pool/plugins/org.python.pydev_6.0.0.201709191431/pysrc/interpreterInfo.py
- Setting task name:Making exec... /usr/bin/python3.5 -u /home/gian/.p2/pool/plugins/org.python.pydev_6.0.0.201709191431/pysrc/interpreterInfo.py
- Setting task name:Reading output...
- Setting task name:Waiting for process to finish.
- Success getting the info. Result:<xml>
<name>python1</name>
<version>3.5</version>
<executable>/usr/bin/python3.5</executable>
<lib>/usr/lib/python3.5</lib>
<lib>/usr/lib/python3.5/plat-x86_64-linux-gnu</lib>
<lib>/usr/lib/python3.5/lib-dynload</lib>
<lib>/usr/local/lib/python3.5/dist-packages</lib>
<lib>/usr/lib/python3/dist-packages</lib>
<forced_lib>Image</forced_lib>
<forced_lib>OpenGL</forced_lib>
<forced_lib>_ast</forced_lib>
<forced_lib>_bisect</forced_lib>
<forced_lib>_bytesio</forced_lib>
<forced_lib>_codecs</forced_lib>
<forced_lib>_codecs_cn</forced_lib>
<forced_lib>_codecs_hk</forced_lib>
<forced_lib>_codecs_iso2022</forced_lib>
<forced_lib>_codecs_jp</forced_lib>
<forced_lib>_codecs_kr</forced_lib>
<forced_lib>_codecs_tw</forced_lib>
<forced_lib>_collections</forced_lib>
<forced_lib>_csv</forced_lib>
<forced_lib>_datetime</forced_lib>
<forced_lib>_elementtree</forced_lib>
<forced_lib>_fileio</forced_lib>
<forced_lib>_functools</forced_lib>
<forced_lib>_heapq</forced_lib>
<forced_lib>_hotshot</forced_lib>
<forced_lib>_imp</forced_lib>
<forced_lib>_io</forced_lib>
<forced_lib>_json</forced_lib>
<forced_lib>_locale</forced_lib>
<forced_lib>_lsprof</forced_lib>
<forced_lib>_md5</forced_lib>
<forced_lib>_multibytecodec</forced_lib>
<forced_lib>_operator</forced_lib>
<forced_lib>_pickle</forced_lib>
<forced_lib>_posixsubprocess</forced_lib>
<forced_lib>_random</forced_lib>
<forced_lib>_sha</forced_lib>
<forced_lib>_sha1</forced_lib>
<forced_lib>_sha256</forced_lib>
<forced_lib>_sha512</forced_lib>
<forced_lib>_signal</forced_lib>
<forced_lib>_socket</forced_lib>
<forced_lib>_sre</forced_lib>
<forced_lib>_stat</forced_lib>
<forced_lib>_string</forced_lib>
<forced_lib>_struct</forced_lib>
<forced_lib>_subprocess</forced_lib>
<forced_lib>_symtable</forced_lib>
<forced_lib>_thread</forced_lib>
<forced_lib>_tracemalloc</forced_lib>
<forced_lib>_warnings</forced_lib>
<forced_lib>_weakref</forced_lib>
<forced_lib>_winreg</forced_lib>
<forced_lib>array</forced_lib>
<forced_lib>atexit</forced_lib>
<forced_lib>audioop</forced_lib>
<forced_lib>binascii</forced_lib>
<forced_lib>builtins</forced_lib>
<forced_lib>cPickle</forced_lib>
<forced_lib>cStringIO</forced_lib>
<forced_lib>cmath</forced_lib>
<forced_lib>cv2</forced_lib>
<forced_lib>datetime</forced_lib>
<forced_lib>email</forced_lib>
<forced_lib>errno</forced_lib>
<forced_lib>exceptions</forced_lib>
<forced_lib>faulthandler</forced_lib>
<forced_lib>fcntl</forced_lib>
<forced_lib>future_builtins</forced_lib>
<forced_lib>gc</forced_lib>
<forced_lib>gi</forced_lib>
<forced_lib>grp</forced_lib>
<forced_lib>hashlib</forced_lib>
<forced_lib>imageop</forced_lib>
<forced_lib>imp</forced_lib>
<forced_lib>itertools</forced_lib>
<forced_lib>marshal</forced_lib>
<forced_lib>math</forced_lib>
<forced_lib>mmap</forced_lib>
<forced_lib>mock</forced_lib>
<forced_lib>msvcrt</forced_lib>
<forced_lib>multiprocessing</forced_lib>
<forced_lib>mutagen</forced_lib>
<forced_lib>nt</forced_lib>
<forced_lib>numpy</forced_lib>
<forced_lib>operator</forced_lib>
<forced_lib>os</forced_lib>
<forced_lib>os.path</forced_lib>
<forced_lib>parser</forced_lib>
<forced_lib>posix</forced_lib>
<forced_lib>pwd</forced_lib>
<forced_lib>pyexpat</forced_lib>
<forced_lib>pytest</forced_lib>
<forced_lib>scipy</forced_lib>
<forced_lib>select</forced_lib>
<forced_lib>signal</forced_lib>
<forced_lib>six</forced_lib>
<forced_lib>socket</forced_lib>
<forced_lib>spwd</forced_lib>
<forced_lib>ssl</forced_lib>
<forced_lib>strop</forced_lib>
<forced_lib>sys</forced_lib>
<forced_lib>syslog</forced_lib>
<forced_lib>thread</forced_lib>
<forced_lib>time</forced_lib>
<forced_lib>unicodedata</forced_lib>
<forced_lib>wx</forced_lib>
<forced_lib>wxPython</forced_lib>
<forced_lib>xxsubtype</forced_lib>
<forced_lib>zipimport</forced_lib>
<forced_lib>zlib</forced_lib>
<string_substitution_var><key>PY</key><value>35</value></string_substitution_var>
</xml>
- Ok, file is non-null. Getting info on:/usr/bin/python3
- Beggining task:Getting libs totalWork:100
- Setting task name:Mounting executable string...
- Setting task name:Executing:  /usr/bin/python3 -u /home/gian/.p2/pool/plugins/org.python.pydev_6.0.0.201709191431/pysrc/interpreterInfo.py
- Setting task name:Making pythonpath environment... /usr/bin/python3 -u /home/gian/.p2/pool/plugins/org.python.pydev_6.0.0.201709191431/pysrc/interpreterInfo.py
- Setting task name:Making exec... /usr/bin/python3 -u /home/gian/.p2/pool/plugins/org.python.pydev_6.0.0.201709191431/pysrc/interpreterInfo.py
- Setting task name:Reading output...
- Setting task name:Waiting for process to finish.
- Success getting the info. Result:<xml>
<name>python1</name>
<version>3.5</version>
<executable>/usr/bin/python3</executable>
<lib>/usr/lib/python3.5</lib>
<lib>/usr/lib/python3.5/plat-x86_64-linux-gnu</lib>
<lib>/usr/lib/python3.5/lib-dynload</lib>
<lib>/usr/local/lib/python3.5/dist-packages</lib>
<lib>/usr/lib/python3/dist-packages</lib>
<forced_lib>Image</forced_lib>
<forced_lib>OpenGL</forced_lib>
<forced_lib>_ast</forced_lib>
<forced_lib>_bisect</forced_lib>
<forced_lib>_bytesio</forced_lib>
<forced_lib>_codecs</forced_lib>
<forced_lib>_codecs_cn</forced_lib>
<forced_lib>_codecs_hk</forced_lib>
<forced_lib>_codecs_iso2022</forced_lib>
<forced_lib>_codecs_jp</forced_lib>
<forced_lib>_codecs_kr</forced_lib>
<forced_lib>_codecs_tw</forced_lib>
<forced_lib>_collections</forced_lib>
<forced_lib>_csv</forced_lib>
<forced_lib>_datetime</forced_lib>
<forced_lib>_elementtree</forced_lib>
<forced_lib>_fileio</forced_lib>
<forced_lib>_functools</forced_lib>
<forced_lib>_heapq</forced_lib>
<forced_lib>_hotshot</forced_lib>
<forced_lib>_imp</forced_lib>
<forced_lib>_io</forced_lib>
<forced_lib>_json</forced_lib>
<forced_lib>_locale</forced_lib>
<forced_lib>_lsprof</forced_lib>
<forced_lib>_md5</forced_lib>
<forced_lib>_multibytecodec</forced_lib>
<forced_lib>_operator</forced_lib>
<forced_lib>_pickle</forced_lib>
<forced_lib>_posixsubprocess</forced_lib>
<forced_lib>_random</forced_lib>
<forced_lib>_sha</forced_lib>
<forced_lib>_sha1</forced_lib>
<forced_lib>_sha256</forced_lib>
<forced_lib>_sha512</forced_lib>
<forced_lib>_signal</forced_lib>
<forced_lib>_socket</forced_lib>
<forced_lib>_sre</forced_lib>
<forced_lib>_stat</forced_lib>
<forced_lib>_string</forced_lib>
<forced_lib>_struct</forced_lib>
<forced_lib>_subprocess</forced_lib>
<forced_lib>_symtable</forced_lib>
<forced_lib>_thread</forced_lib>
<forced_lib>_tracemalloc</forced_lib>
<forced_lib>_warnings</forced_lib>
<forced_lib>_weakref</forced_lib>
<forced_lib>_winreg</forced_lib>
<forced_lib>array</forced_lib>
<forced_lib>atexit</forced_lib>
<forced_lib>audioop</forced_lib>
<forced_lib>binascii</forced_lib>
<forced_lib>builtins</forced_lib>
<forced_lib>cPickle</forced_lib>
<forced_lib>cStringIO</forced_lib>
<forced_lib>cmath</forced_lib>
<forced_lib>cv2</forced_lib>
<forced_lib>datetime</forced_lib>
<forced_lib>email</forced_lib>
<forced_lib>errno</forced_lib>
<forced_lib>exceptions</forced_lib>
<forced_lib>faulthandler</forced_lib>
<forced_lib>fcntl</forced_lib>
<forced_lib>future_builtins</forced_lib>
<forced_lib>gc</forced_lib>
<forced_lib>gi</forced_lib>
<forced_lib>grp</forced_lib>
<forced_lib>hashlib</forced_lib>
<forced_lib>imageop</forced_lib>
<forced_lib>imp</forced_lib>
<forced_lib>itertools</forced_lib>
<forced_lib>marshal</forced_lib>
<forced_lib>math</forced_lib>
<forced_lib>mmap</forced_lib>
<forced_lib>mock</forced_lib>
<forced_lib>msvcrt</forced_lib>
<forced_lib>multiprocessing</forced_lib>
<forced_lib>mutagen</forced_lib>
<forced_lib>nt</forced_lib>
<forced_lib>numpy</forced_lib>
<forced_lib>operator</forced_lib>
<forced_lib>os</forced_lib>
<forced_lib>os.path</forced_lib>
<forced_lib>parser</forced_lib>
<forced_lib>posix</forced_lib>
<forced_lib>pwd</forced_lib>
<forced_lib>pyexpat</forced_lib>
<forced_lib>pytest</forced_lib>
<forced_lib>scipy</forced_lib>
<forced_lib>select</forced_lib>
<forced_lib>signal</forced_lib>
<forced_lib>six</forced_lib>
<forced_lib>socket</forced_lib>
<forced_lib>spwd</forced_lib>
<forced_lib>ssl</forced_lib>
<forced_lib>strop</forced_lib>
<forced_lib>sys</forced_lib>
<forced_lib>syslog</forced_lib>
<forced_lib>thread</forced_lib>
<forced_lib>time</forced_lib>
<forced_lib>unicodedata</forced_lib>
<forced_lib>wx</forced_lib>
<forced_lib>wxPython</forced_lib>
<forced_lib>xxsubtype</forced_lib>
<forced_lib>zipimport</forced_lib>
<forced_lib>zlib</forced_lib>
<string_substitution_var><key>PY</key><value>35</value></string_substitution_var>
</xml>

	at org.python.pydev.core.log.Log.logInfo(Log.java:66)
	at org.python.pydev.ui.pythonpathconf.AbstractInterpreterEditor.getNewInputObject(AbstractInterpreterEditor.java:1020)
	at org.python.copiedfromeclipsesrc.PythonListEditor.addPressed(PythonListEditor.java:132)
	at org.python.copiedfromeclipsesrc.PythonListEditor$1.widgetSelected(PythonListEditor.java:229)
	at org.eclipse.swt.widgets.TypedListener.handleEvent(TypedListener.java:249)
	at org.eclipse.swt.widgets.EventTable.sendEvent(EventTable.java:84)
	at org.eclipse.swt.widgets.Display.sendEvent(Display.java:5227)
	at org.eclipse.swt.widgets.Widget.sendEvent(Widget.java:1340)
	at org.eclipse.swt.widgets.Display.runDeferredEvents(Display.java:4561)
	at org.eclipse.swt.widgets.Display.readAndDispatch(Display.java:4151)
	at org.eclipse.jface.window.Window.runEventLoop(Window.java:818)
	at org.eclipse.jface.window.Window.open(Window.java:794)
	at org.eclipse.ui.internal.dialogs.WorkbenchPreferenceDialog.open(WorkbenchPreferenceDialog.java:211)
	at org.python.pydev.ui.PyProjectPythonDetails$ProjectInterpreterAndGrammarConfig$2.widgetSelected(PyProjectPythonDetails.java:246)
	at org.eclipse.swt.widgets.TypedListener.handleEvent(TypedListener.java:249)
	at org.eclipse.swt.widgets.EventTable.sendEvent(EventTable.java:84)
	at org.eclipse.swt.widgets.Display.sendEvent(Display.java:5227)
	at org.eclipse.swt.widgets.Widget.sendEvent(Widget.java:1340)
	at org.eclipse.swt.widgets.Widget.sendEvent(Widget.java:1366)
	at org.eclipse.swt.widgets.Widget.sendSelectionEvent(Widget.java:1480)
	at org.eclipse.swt.widgets.Link.gtk_button_release_event(Link.java:384)
	at org.eclipse.swt.widgets.Widget.windowProc(Widget.java:1980)
	at org.eclipse.swt.widgets.Control.windowProc(Control.java:5827)
	at org.eclipse.swt.widgets.Display.windowProc(Display.java:5498)
	at org.eclipse.swt.internal.gtk.OS._gtk_main_do_event(Native Method)
	at org.eclipse.swt.internal.gtk.OS.gtk_main_do_event(OS.java:9545)
	at org.eclipse.swt.widgets.Display.eventProc(Display.java:1275)
	at org.eclipse.swt.internal.gtk.OS._g_main_context_iteration(Native Method)
	at org.eclipse.swt.internal.gtk.OS.g_main_context_iteration(OS.java:2495)
	at org.eclipse.swt.widgets.Display.readAndDispatch(Display.java:4149)
	at org.eclipse.jface.window.Window.runEventLoop(Window.java:818)
	at org.eclipse.jface.window.Window.open(Window.java:794)
	at org.eclipse.ui.actions.NewProjectAction.run(NewProjectAction.java:115)
	at org.eclipse.jface.action.Action.runWithEvent(Action.java:473)
	at org.eclipse.jface.action.ActionContributionItem.handleWidgetSelection(ActionContributionItem.java:565)
	at org.eclipse.jface.action.ActionContributionItem.lambda$4(ActionContributionItem.java:397)
	at org.eclipse.swt.widgets.EventTable.sendEvent(EventTable.java:84)
	at org.eclipse.swt.widgets.Display.sendEvent(Display.java:5227)
	at org.eclipse.swt.widgets.Widget.sendEvent(Widget.java:1340)
	at org.eclipse.swt.widgets.Display.runDeferredEvents(Display.java:4561)
	at org.eclipse.swt.widgets.Display.readAndDispatch(Display.java:4151)
	at org.eclipse.e4.ui.internal.workbench.swt.PartRenderingEngine$4.run(PartRenderingEngine.java:1121)
	at org.eclipse.core.databinding.observable.Realm.runWithDefault(Realm.java:336)
	at org.eclipse.e4.ui.internal.workbench.swt.PartRenderingEngine.run(PartRenderingEngine.java:1022)
	at org.eclipse.e4.ui.internal.workbench.E4Workbench.createAndRunUI(E4Workbench.java:150)
	at org.eclipse.ui.internal.Workbench$5.run(Workbench.java:693)
	at org.eclipse.core.databinding.observable.Realm.runWithDefault(Realm.java:336)
	at org.eclipse.ui.internal.Workbench.createAndRunWorkbench(Workbench.java:610)
	at org.eclipse.ui.PlatformUI.createAndRunWorkbench(PlatformUI.java:148)
	at org.eclipse.ui.internal.ide.application.IDEApplication.start(IDEApplication.java:138)
	at org.eclipse.equinox.internal.app.EclipseAppHandle.run(EclipseAppHandle.java:196)
	at org.eclipse.core.runtime.internal.adaptor.EclipseAppLauncher.runApplication(EclipseAppLauncher.java:134)
	at org.eclipse.core.runtime.internal.adaptor.EclipseAppLauncher.start(EclipseAppLauncher.java:104)
	at org.eclipse.core.runtime.adaptor.EclipseStarter.run(EclipseStarter.java:388)
	at org.eclipse.core.runtime.adaptor.EclipseStarter.run(EclipseStarter.java:243)
	at sun.reflect.NativeMethodAccessorImpl.invoke0(Native Method)
	at sun.reflect.NativeMethodAccessorImpl.invoke(NativeMethodAccessorImpl.java:62)
	at sun.reflect.DelegatingMethodAccessorImpl.invoke(DelegatingMethodAccessorImpl.java:43)
	at java.lang.reflect.Method.invoke(Method.java:498)
	at org.eclipse.equinox.launcher.Main.invokeFramework(Main.java:673)
	at org.eclipse.equinox.launcher.Main.basicRun(Main.java:610)
	at org.eclipse.equinox.launcher.Main.run(Main.java:1519)
	at org.eclipse.equinox.launcher.Main.main(Main.java:1492)

!ENTRY org.python.pydev.shared_core 1 1 2017-09-27 22:08:20.357
!MESSAGE Restoring info for: /usr/bin/python3
!STACK 0
java.lang.RuntimeException: Restoring info for: /usr/bin/python3
	at org.python.pydev.ui.interpreters.AbstractInterpreterManager.getInterpretersFromPersistedString(AbstractInterpreterManager.java:529)
	at org.python.pydev.ui.interpreters.AbstractInterpreterManager.internalRecreateCacheGetInterpreterInfos(AbstractInterpreterManager.java:345)
	at org.python.pydev.ui.interpreters.AbstractInterpreterManager.setInfos(AbstractInterpreterManager.java:655)
	at org.python.pydev.ui.pythonpathconf.AbstractInterpreterPreferencesPage$5.run(AbstractInterpreterPreferencesPage.java:282)
	at org.eclipse.jface.operation.ModalContext$ModalContextThread.run(ModalContext.java:119)
Caused by: java.io.IOException: Expecting: /home/gian/Comptetitive-Programming-/.metadata/.plugins/org.python.pydev/v1_eqo8on6m6qtijnz6835bycxw5/modulesKeys to exist (and be a file).
	at org.python.pydev.editor.codecompletion.revisited.ModulesManager.loadFromFile(ModulesManager.java:293)
	at org.python.pydev.editor.codecompletion.revisited.SystemModulesManager.load(SystemModulesManager.java:397)
	at org.python.pydev.ui.interpreters.AbstractInterpreterManager.getInterpretersFromPersistedString(AbstractInterpreterManager.java:527)
	... 4 more

!ENTRY org.python.pydev.shared_core 1 1 2017-09-27 22:08:21.178
!MESSAGE Finished restoring information for: /usr/bin/python3 at: /home/gian/Comptetitive-Programming-/.metadata/.plugins/org.python.pydev/v1_eqo8on6m6qtijnz6835bycxw5
!STACK 0
java.lang.RuntimeException: Finished restoring information for: /usr/bin/python3 at: /home/gian/Comptetitive-Programming-/.metadata/.plugins/org.python.pydev/v1_eqo8on6m6qtijnz6835bycxw5
	at org.python.pydev.core.log.Log.logInfo(Log.java:66)
	at org.python.pydev.ui.interpreters.AbstractInterpreterManager.getInterpretersFromPersistedString(AbstractInterpreterManager.java:574)
	at org.python.pydev.ui.interpreters.AbstractInterpreterManager.internalRecreateCacheGetInterpreterInfos(AbstractInterpreterManager.java:345)
	at org.python.pydev.ui.interpreters.AbstractInterpreterManager.setInfos(AbstractInterpreterManager.java:655)
	at org.python.pydev.ui.pythonpathconf.AbstractInterpreterPreferencesPage$5.run(AbstractInterpreterPreferencesPage.java:282)
	at org.eclipse.jface.operation.ModalContext$ModalContextThread.run(ModalContext.java:119)

!ENTRY org.python.pydev.shared_core 4 4 2017-09-27 22:08:21.270
!MESSAGE Info: Rebuilding internal caches: /home/gian/Comptetitive-Programming-/.metadata/.plugins/com.python.pydev.analysis/python_v1_eqo8on6m6qtijnz6835bycxw5/python.pydevsysteminfo (Expected error to be provided and got no error!)

!ENTRY org.python.pydev.shared_core 4 4 2017-09-27 22:08:39.824
!MESSAGE Info: Rebuilding internal caches: /home/gian/Comptetitive-Programming-/.metadata/.plugins/org.eclipse.core.resources/.projects/Hola/com.python.pydev.analysis/AdditionalProjectInterpreterInfo.pydevinfo (Expected error to be provided and got no error!)

!ENTRY org.eclipse.launchbar.core 2 0 2017-09-27 22:09:25.874
!MESSAGE Enablement expression is missing for descriptor type org.eclipse.cdt.debug.core.coreBuildDescriptorType

!ENTRY org.eclipse.launchbar.core 2 0 2017-09-27 22:09:25.877
!MESSAGE Enablement expression is missing for config provider for org.eclipse.cdt.debug.core.coreBuildDescriptorType

!ENTRY org.eclipse.cdt.core 1 0 2017-09-28 01:58:14.538
!MESSAGE Indexed '230- Bo' (0 sources, 0 headers) in 0,005 sec: 0 declarations; 0 references; 0 unresolved inclusions; 0 syntax errors; 0 unresolved names (0%)
!SESSION 2017-09-28 01:59:19.575 -----------------------------------------------
eclipse.buildId=4.6.2.M20161124-1400
java.version=1.8.0_121
java.vendor=Oracle Corporation
BootLoader constants: OS=linux, ARCH=x86_64, WS=gtk, NL=es_CO
Framework arguments:  -product org.eclipse.epp.package.java.product
Command-line arguments:  -os linux -ws gtk -arch x86_64 -product org.eclipse.epp.package.java.product

!ENTRY org.eclipse.core.resources 2 10035 2017-09-28 01:59:37.045
!MESSAGE The workspace exited with unsaved changes in the previous session; refreshing workspace to recover changes.

!ENTRY org.eclipse.cdt.core 1 0 2017-09-28 02:00:44.924
!MESSAGE Indexed 'Holab' (0 sources, 0 headers) in 0,012 sec: 0 declarations; 0 references; 0 unresolved inclusions; 0 syntax errors; 0 unresolved names (0%)

!ENTRY org.eclipse.launchbar.core 2 0 2017-09-28 02:02:27.937
!MESSAGE Enablement expression is missing for descriptor type org.eclipse.cdt.debug.core.coreBuildDescriptorType

!ENTRY org.eclipse.launchbar.core 2 0 2017-09-28 02:02:27.938
!MESSAGE Enablement expression is missing for config provider for org.eclipse.cdt.debug.core.coreBuildDescriptorType

!ENTRY org.eclipse.recommenders.models.rcp 1 11 2017-09-28 02:12:07.855
!MESSAGE The model index service was accessed either before it started or after it finished running.
!STACK 0
org.eclipse.recommenders.utils.Logs$LogTraceException
	at org.eclipse.recommenders.utils.Logs$LogTraceException.newTrace(Logs.java:381)
	at org.eclipse.recommenders.utils.Logs.log(Logs.java:134)
	at org.eclipse.recommenders.utils.Logs.log(Logs.java:126)
	at org.eclipse.recommenders.internal.models.rcp.EclipseModelIndex.suggest(EclipseModelIndex.java:212)
	at org.eclipse.recommenders.models.SimpleModelProvider.acquireModel(SimpleModelProvider.java:70)
	at org.eclipse.recommenders.models.PoolingModelProvider.access$0(PoolingModelProvider.java:1)
	at org.eclipse.recommenders.models.PoolingModelProvider$ModelPoolFactoryMediator.makeObject(PoolingModelProvider.java:96)
	at org.eclipse.recommenders.models.PoolingModelProvider$ModelPoolFactoryMediator.makeObject(PoolingModelProvider.java:1)
	at org.apache.commons.pool.impl.GenericKeyedObjectPool.borrowObject(GenericKeyedObjectPool.java:1220)
	at org.eclipse.recommenders.models.PoolingModelProvider.acquireModel(PoolingModelProvider.java:67)
	at org.eclipse.recommenders.internal.overrides.rcp.RcpOverrideModelProvider.acquireModel(RcpOverrideModelProvider.java:66)
	at org.eclipse.recommenders.internal.overrides.rcp.OverrideCompletionSessionProcessor.hasModel(OverrideCompletionSessionProcessor.java:121)
	at org.eclipse.recommenders.internal.overrides.rcp.OverrideCompletionSessionProcessor.startSession(OverrideCompletionSessionProcessor.java:86)
	at org.eclipse.recommenders.completion.rcp.processable.IntelligentCompletionProposalComputer.fireStartSession(IntelligentCompletionProposalComputer.java:304)
	at org.eclipse.recommenders.completion.rcp.processable.IntelligentCompletionProposalComputer.computeCompletionProposals(IntelligentCompletionProposalComputer.java:170)
	at org.eclipse.jdt.internal.ui.text.java.CompletionProposalComputerDescriptor.computeCompletionProposals(CompletionProposalComputerDescriptor.java:333)
	at org.eclipse.jdt.internal.ui.text.java.CompletionProposalCategory.computeCompletionProposals(CompletionProposalCategory.java:337)
	at org.eclipse.jdt.internal.ui.text.java.ContentAssistProcessor.collectProposals(ContentAssistProcessor.java:331)
	at org.eclipse.jdt.internal.ui.text.java.ContentAssistProcessor.computeCompletionProposals(ContentAssistProcessor.java:288)
	at org.eclipse.jface.text.contentassist.ContentAssistant$3.run(ContentAssistant.java:1931)
	at org.eclipse.core.runtime.SafeRunner.run(SafeRunner.java:42)
	at org.eclipse.jface.text.contentassist.ContentAssistant.computeCompletionProposals(ContentAssistant.java:1928)
	at org.eclipse.jface.text.contentassist.CompletionProposalPopup.computeProposals(CompletionProposalPopup.java:565)
	at org.eclipse.jface.text.contentassist.CompletionProposalPopup.access$16(CompletionProposalPopup.java:560)
	at org.eclipse.jface.text.contentassist.CompletionProposalPopup$2.run(CompletionProposalPopup.java:494)
	at org.eclipse.swt.custom.BusyIndicator.showWhile(BusyIndicator.java:70)
	at org.eclipse.jface.text.contentassist.CompletionProposalPopup.showProposals(CompletionProposalPopup.java:487)
	at org.eclipse.jface.text.contentassist.ContentAssistant.showPossibleCompletions(ContentAssistant.java:1747)
	at org.eclipse.jdt.internal.ui.javaeditor.CompilationUnitEditor$AdaptedSourceViewer.doOperation(CompilationUnitEditor.java:184)
	at org.eclipse.ui.texteditor.ContentAssistAction$1.run(ContentAssistAction.java:84)
	at org.eclipse.swt.custom.BusyIndicator.showWhile(BusyIndicator.java:70)
	at org.eclipse.ui.texteditor.ContentAssistAction.run(ContentAssistAction.java:81)
	at org.eclipse.jface.action.Action.runWithEvent(Action.java:473)
	at org.eclipse.jface.commands.ActionHandler.execute(ActionHandler.java:118)
	at org.eclipse.ui.internal.handlers.E4HandlerProxy.execute(E4HandlerProxy.java:90)
	at sun.reflect.GeneratedMethodAccessor55.invoke(Unknown Source)
	at sun.reflect.DelegatingMethodAccessorImpl.invoke(DelegatingMethodAccessorImpl.java:43)
	at java.lang.reflect.Method.invoke(Method.java:498)
	at org.eclipse.e4.core.internal.di.MethodRequestor.execute(MethodRequestor.java:55)
	at org.eclipse.e4.core.internal.di.InjectorImpl.invokeUsingClass(InjectorImpl.java:282)
	at org.eclipse.e4.core.internal.di.InjectorImpl.invoke(InjectorImpl.java:264)
	at org.eclipse.e4.core.contexts.ContextInjectionFactory.invoke(ContextInjectionFactory.java:132)
	at org.eclipse.e4.core.commands.internal.HandlerServiceHandler.execute(HandlerServiceHandler.java:152)
	at org.eclipse.core.commands.Command.executeWithChecks(Command.java:494)
	at org.eclipse.core.commands.ParameterizedCommand.executeWithChecks(ParameterizedCommand.java:488)
	at org.eclipse.e4.core.commands.internal.HandlerServiceImpl.executeHandler(HandlerServiceImpl.java:210)
	at org.eclipse.e4.ui.bindings.keys.KeyBindingDispatcher.executeCommand(KeyBindingDispatcher.java:286)
	at org.eclipse.e4.ui.bindings.keys.KeyBindingDispatcher.press(KeyBindingDispatcher.java:507)
	at org.eclipse.e4.ui.bindings.keys.KeyBindingDispatcher.processKeyEvent(KeyBindingDispatcher.java:558)
	at org.eclipse.e4.ui.bindings.keys.KeyBindingDispatcher.filterKeySequenceBindings(KeyBindingDispatcher.java:378)
	at org.eclipse.e4.ui.bindings.keys.KeyBindingDispatcher.access$0(KeyBindingDispatcher.java:324)
	at org.eclipse.e4.ui.bindings.keys.KeyBindingDispatcher$KeyDownFilter.handleEvent(KeyBindingDispatcher.java:86)
	at org.eclipse.swt.widgets.EventTable.sendEvent(EventTable.java:84)
	at org.eclipse.swt.widgets.Display.filterEvent(Display.java:1605)
	at org.eclipse.swt.widgets.Widget.sendEvent(Widget.java:1339)
	at org.eclipse.swt.widgets.Widget.sendEvent(Widget.java:1366)
	at org.eclipse.swt.widgets.Widget.sendEvent(Widget.java:1349)
	at org.eclipse.swt.widgets.Widget.sendKeyEvent(Widget.java:1378)
	at org.eclipse.swt.widgets.Widget.gtk_key_press_event(Widget.java:764)
	at org.eclipse.swt.widgets.Control.gtk_key_press_event(Control.java:3465)
	at org.eclipse.swt.widgets.Composite.gtk_key_press_event(Composite.java:801)
	at org.eclipse.swt.widgets.Widget.windowProc(Widget.java:2000)
	at org.eclipse.swt.widgets.Control.windowProc(Control.java:5827)
	at org.eclipse.swt.widgets.Display.windowProc(Display.java:5498)
	at org.eclipse.swt.internal.gtk.OS._gtk_main_do_event(Native Method)
	at org.eclipse.swt.internal.gtk.OS.gtk_main_do_event(OS.java:9545)
	at org.eclipse.swt.widgets.Display.eventProc(Display.java:1275)
	at org.eclipse.swt.internal.gtk.OS._g_main_context_iteration(Native Method)
	at org.eclipse.swt.internal.gtk.OS.g_main_context_iteration(OS.java:2495)
	at org.eclipse.swt.widgets.Display.readAndDispatch(Display.java:4149)
	at org.eclipse.e4.ui.internal.workbench.swt.PartRenderingEngine$4.run(PartRenderingEngine.java:1121)
	at org.eclipse.core.databinding.observable.Realm.runWithDefault(Realm.java:336)
	at org.eclipse.e4.ui.internal.workbench.swt.PartRenderingEngine.run(PartRenderingEngine.java:1022)
	at org.eclipse.e4.ui.internal.workbench.E4Workbench.createAndRunUI(E4Workbench.java:150)
	at org.eclipse.ui.internal.Workbench$5.run(Workbench.java:693)
	at org.eclipse.core.databinding.observable.Realm.runWithDefault(Realm.java:336)
	at org.eclipse.ui.internal.Workbench.createAndRunWorkbench(Workbench.java:610)
	at org.eclipse.ui.PlatformUI.createAndRunWorkbench(PlatformUI.java:148)
	at org.eclipse.ui.internal.ide.application.IDEApplication.start(IDEApplication.java:138)
	at org.eclipse.equinox.internal.app.EclipseAppHandle.run(EclipseAppHandle.java:196)
	at org.eclipse.core.runtime.internal.adaptor.EclipseAppLauncher.runApplication(EclipseAppLauncher.java:134)
	at org.eclipse.core.runtime.internal.adaptor.EclipseAppLauncher.start(EclipseAppLauncher.java:104)
	at org.eclipse.core.runtime.adaptor.EclipseStarter.run(EclipseStarter.java:388)
	at org.eclipse.core.runtime.adaptor.EclipseStarter.run(EclipseStarter.java:243)
	at sun.reflect.NativeMethodAccessorImpl.invoke0(Native Method)
	at sun.reflect.NativeMethodAccessorImpl.invoke(NativeMethodAccessorImpl.java:62)
	at sun.reflect.DelegatingMethodAccessorImpl.invoke(DelegatingMethodAccessorImpl.java:43)
	at java.lang.reflect.Method.invoke(Method.java:498)
	at org.eclipse.equinox.launcher.Main.invokeFramework(Main.java:673)
	at org.eclipse.equinox.launcher.Main.basicRun(Main.java:610)
	at org.eclipse.equinox.launcher.Main.run(Main.java:1519)
	at org.eclipse.equinox.launcher.Main.main(Main.java:1492)

!ENTRY org.eclipse.core.resources 4 372 2017-09-28 02:37:06.514
!MESSAGE Resource '/10191 - Longest Nap' is not open.
!SESSION 2017-09-28 06:54:24.318 -----------------------------------------------
eclipse.buildId=4.6.2.M20161124-1400
java.version=1.8.0_121
java.vendor=Oracle Corporation
BootLoader constants: OS=linux, ARCH=x86_64, WS=gtk, NL=es_CO
Framework arguments:  -product org.eclipse.epp.package.java.product
Command-line arguments:  -os linux -ws gtk -arch x86_64 -product org.eclipse.epp.package.java.product

!ENTRY org.eclipse.launchbar.core 2 0 2017-09-28 06:58:45.875
!MESSAGE Enablement expression is missing for descriptor type org.eclipse.cdt.debug.core.coreBuildDescriptorType

!ENTRY org.eclipse.launchbar.core 2 0 2017-09-28 06:58:46.054
!MESSAGE Enablement expression is missing for config provider for org.eclipse.cdt.debug.core.coreBuildDescriptorType

!ENTRY org.eclipse.ui 4 4 2017-09-28 07:03:54.585
!MESSAGE Unable to create part
!SUBENTRY 1 org.eclipse.ui 4 0 2017-09-28 07:03:54.585
!MESSAGE Factory org.eclipse.jdt.ui.ClassFileEditorInputFactory returned null from createElement for editor id=org.eclipse.jdt.ui.ClassFileEditor name=null

!ENTRY org.python.pydev.shared_core 1 1 2017-09-28 07:11:15.918
!MESSAGE Not saving ast manager for: P/Hola. No write area available.
!SESSION 2017-09-28 11:41:10.984 -----------------------------------------------
eclipse.buildId=4.6.2.M20161124-1400
java.version=1.8.0_121
java.vendor=Oracle Corporation
BootLoader constants: OS=linux, ARCH=x86_64, WS=gtk, NL=es_CO
Framework arguments:  -product org.eclipse.epp.package.java.product
Command-line arguments:  -os linux -ws gtk -arch x86_64 -product org.eclipse.epp.package.java.product

!ENTRY org.python.pydev.shared_core 4 4 2017-09-28 11:42:34.476
!MESSAGE Info: Rebuilding internal caches: /home/gian/Comptetitive-Programming-/.metadata/.plugins/org.eclipse.core.resources/.projects/12150-PolePosition/com.python.pydev.analysis/AdditionalProjectInterpreterInfo.pydevinfo (Expected error to be provided and got no error!)

!ENTRY org.eclipse.launchbar.core 2 0 2017-09-28 11:47:04.686
!MESSAGE Enablement expression is missing for descriptor type org.eclipse.cdt.debug.core.coreBuildDescriptorType

!ENTRY org.eclipse.launchbar.core 2 0 2017-09-28 11:47:04.687
!MESSAGE Enablement expression is missing for config provider for org.eclipse.cdt.debug.core.coreBuildDescriptorType
!SESSION 2017-09-28 11:51:47.906 -----------------------------------------------
eclipse.buildId=4.6.2.M20161124-1400
java.version=1.8.0_121
java.vendor=Oracle Corporation
BootLoader constants: OS=linux, ARCH=x86_64, WS=gtk, NL=es_CO
Framework arguments:  -product org.eclipse.epp.package.java.product
Command-line arguments:  -os linux -ws gtk -arch x86_64 -product org.eclipse.epp.package.java.product

!ENTRY org.eclipse.core.resources 2 10035 2017-09-28 11:51:58.788
!MESSAGE The workspace exited with unsaved changes in the previous session; refreshing workspace to recover changes.

!ENTRY org.eclipse.ui 4 4 2017-09-28 11:52:51.124
!MESSAGE Conflicting handlers for org.python.pydev.editor.actions.execLineInConsole: {ActionHandler(org.python.proxies.__main__$ExecuteLine$20@961f554)} vs {ActionHandler(org.python.proxies.__main__$ExecuteLine$21@5e8d1292)}

!ENTRY org.eclipse.ui 4 4 2017-09-28 11:52:51.126
!MESSAGE Conflicting handlers for org.python.pydev.editor.actions.execLineInConsole: {ActionHandler(org.python.proxies.__main__$ExecuteLine$20@961f554)} vs {ActionHandler(org.python.proxies.__main__$ExecuteLine$21@5e8d1292)}

!ENTRY org.eclipse.ui 4 4 2017-09-28 11:52:51.127
!MESSAGE Conflicting handlers for org.python.pydev.editor.actions.execLineInConsole: {ActionHandler(org.python.proxies.__main__$ExecuteLine$20@961f554)} vs {ActionHandler(org.python.proxies.__main__$ExecuteLine$21@5e8d1292)}

!ENTRY org.eclipse.ui 4 4 2017-09-28 11:52:51.128
!MESSAGE Conflicting handlers for org.python.pydev.editor.actions.execLineInConsole: {ActionHandler(org.python.proxies.__main__$ExecuteLine$20@961f554)} vs {ActionHandler(org.python.proxies.__main__$ExecuteLine$21@5e8d1292)}

!ENTRY org.eclipse.launchbar.core 2 0 2017-09-28 11:54:41.628
!MESSAGE Enablement expression is missing for descriptor type org.eclipse.cdt.debug.core.coreBuildDescriptorType

!ENTRY org.eclipse.launchbar.core 2 0 2017-09-28 11:54:41.629
!MESSAGE Enablement expression is missing for config provider for org.eclipse.cdt.debug.core.coreBuildDescriptorType

!ENTRY org.python.pydev.shared_core 1 1 2017-09-28 12:29:39.997
!MESSAGE No existing console history at: /home/gian/Comptetitive-Programming-/.metadata/.plugins/org.python.pydev.shared_interactive_console/history.py
!STACK 0
java.io.FileNotFoundException: /home/gian/Comptetitive-Programming-/.metadata/.plugins/org.python.pydev.shared_interactive_console/history.py (No existe el archivo o el directorio)
	at java.io.FileInputStream.open0(Native Method)
	at java.io.FileInputStream.open(FileInputStream.java:195)
	at java.io.FileInputStream.<init>(FileInputStream.java:138)
	at java.io.FileReader.<init>(FileReader.java:72)
	at org.python.pydev.shared_interactive_console.console.ScriptConsoleGlobalHistory.load(ScriptConsoleGlobalHistory.java:96)
	at org.python.pydev.shared_interactive_console.console.ScriptConsoleGlobalHistory.<init>(ScriptConsoleGlobalHistory.java:45)
	at org.python.pydev.shared_interactive_console.console.ScriptConsoleGlobalHistory.<clinit>(ScriptConsoleGlobalHistory.java:37)
	at org.python.pydev.shared_interactive_console.console.ScriptConsoleHistory.<init>(ScriptConsoleHistory.java:56)
	at org.python.pydev.shared_interactive_console.console.ui.ScriptConsole.<init>(ScriptConsole.java:204)
	at org.python.pydev.debug.newconsole.PydevConsole.<init>(PydevConsole.java:84)
	at org.python.pydev.debug.newconsole.PydevDebugConsole.<init>(PydevDebugConsole.java:29)
	at org.python.pydev.debug.newconsole.PydevConsoleFactory.createDebugConsole(PydevConsoleFactory.java:284)
	at org.python.pydev.debug.newconsole.PydevConsoleFactory.createDebugConsole(PydevConsoleFactory.java:259)
	at org.python.pydev.debug.console.PromptOverlay.<init>(PromptOverlay.java:77)
	at org.python.pydev.debug.console.PromptOverlayConsolePageParticipant.init(PromptOverlayConsolePageParticipant.java:48)
	at org.eclipse.ui.internal.console.ConsoleView$3.run(ConsoleView.java:326)
	at org.eclipse.core.runtime.SafeRunner.run(SafeRunner.java:42)
	at org.eclipse.ui.internal.console.ConsoleView.doCreatePage(ConsoleView.java:323)
	at org.eclipse.ui.part.PageBookView.createPage(PageBookView.java:400)
	at org.eclipse.ui.part.PageBookView.partActivated(PageBookView.java:743)
	at org.eclipse.ui.internal.console.ConsoleView$4.run(ConsoleView.java:395)
	at org.eclipse.swt.widgets.RunnableLock.run(RunnableLock.java:35)
	at org.eclipse.swt.widgets.Synchronizer.runAsyncMessages(Synchronizer.java:182)
	at org.eclipse.swt.widgets.Display.runAsyncMessages(Display.java:4536)
	at org.eclipse.swt.widgets.Display.readAndDispatch(Display.java:4154)
	at org.eclipse.e4.ui.internal.workbench.swt.PartRenderingEngine$4.run(PartRenderingEngine.java:1121)
	at org.eclipse.core.databinding.observable.Realm.runWithDefault(Realm.java:336)
	at org.eclipse.e4.ui.internal.workbench.swt.PartRenderingEngine.run(PartRenderingEngine.java:1022)
	at org.eclipse.e4.ui.internal.workbench.E4Workbench.createAndRunUI(E4Workbench.java:150)
	at org.eclipse.ui.internal.Workbench$5.run(Workbench.java:693)
	at org.eclipse.core.databinding.observable.Realm.runWithDefault(Realm.java:336)
	at org.eclipse.ui.internal.Workbench.createAndRunWorkbench(Workbench.java:610)
	at org.eclipse.ui.PlatformUI.createAndRunWorkbench(PlatformUI.java:148)
	at org.eclipse.ui.internal.ide.application.IDEApplication.start(IDEApplication.java:138)
	at org.eclipse.equinox.internal.app.EclipseAppHandle.run(EclipseAppHandle.java:196)
	at org.eclipse.core.runtime.internal.adaptor.EclipseAppLauncher.runApplication(EclipseAppLauncher.java:134)
	at org.eclipse.core.runtime.internal.adaptor.EclipseAppLauncher.start(EclipseAppLauncher.java:104)
	at org.eclipse.core.runtime.adaptor.EclipseStarter.run(EclipseStarter.java:388)
	at org.eclipse.core.runtime.adaptor.EclipseStarter.run(EclipseStarter.java:243)
	at sun.reflect.NativeMethodAccessorImpl.invoke0(Native Method)
	at sun.reflect.NativeMethodAccessorImpl.invoke(NativeMethodAccessorImpl.java:62)
	at sun.reflect.DelegatingMethodAccessorImpl.invoke(DelegatingMethodAccessorImpl.java:43)
	at java.lang.reflect.Method.invoke(Method.java:498)
	at org.eclipse.equinox.launcher.Main.invokeFramework(Main.java:673)
	at org.eclipse.equinox.launcher.Main.basicRun(Main.java:610)
	at org.eclipse.equinox.launcher.Main.run(Main.java:1519)
	at org.eclipse.equinox.launcher.Main.main(Main.java:1492)

!ENTRY org.python.pydev.shared_core 4 4 2017-09-28 13:43:11.924
!MESSAGE Did not expect to find item below node: Assign[targets=[Name[id=value, ctx=Store, reserved=false]], value=null, type=null] (module: main file: /home/gian/Comptetitive-Programming-/12150-PolePosition/main.py row: 17).
!STACK 0
java.lang.RuntimeException: Did not expect to find item below node: Assign[targets=[Name[id=value, ctx=Store, reserved=false]], value=null, type=null] (module: main file: /home/gian/Comptetitive-Programming-/12150-PolePosition/main.py row: 17).
	at org.python.pydev.core.log.Log.log(Log.java:54)
	at org.python.pydev.parser.fastparser.FastDefinitionsParser.endScopesInStack(FastDefinitionsParser.java:604)
	at org.python.pydev.parser.fastparser.FastDefinitionsParser.handleNewLine(FastDefinitionsParser.java:394)
	at org.python.pydev.parser.fastparser.FastDefinitionsParser.extractBody(FastDefinitionsParser.java:259)
	at org.python.pydev.parser.fastparser.FastDefinitionsParser.parse(FastDefinitionsParser.java:691)
	at org.python.pydev.parser.fastparser.FastDefinitionsParser.parse(FastDefinitionsParser.java:685)
	at org.python.pydev.parser.fastparser.FastDefinitionsParser.parse(FastDefinitionsParser.java:676)
	at com.python.pydev.analysis.builder.AnalysisBuilderVisitor$1.call(AnalysisBuilderVisitor.java:115)
	at com.python.pydev.analysis.builder.AnalysisBuilderVisitor$1.call(AnalysisBuilderVisitor.java:1)
	at com.python.pydev.analysis.builder.AnalysisBuilderRunnable.<init>(AnalysisBuilderRunnable.java:164)
	at com.python.pydev.analysis.builder.AnalysisBuilderRunnableFactory.createRunnable(AnalysisBuilderRunnableFactory.java:222)
	at com.python.pydev.analysis.builder.AnalysisBuilderVisitor.doVisitChangedResource(AnalysisBuilderVisitor.java:180)
	at com.python.pydev.analysis.builder.AnalysisBuilderVisitor.visitChangedResource(AnalysisBuilderVisitor.java:129)
	at com.python.pydev.analysis.builder.AnalysisBuilderVisitor.visitChangedResource(AnalysisBuilderVisitor.java:45)
	at org.python.pydev.builder.PydevGrouperVisitor.visitWith(PydevGrouperVisitor.java:115)
	at org.python.pydev.builder.PydevGrouperVisitor.visitChangedResource(PydevGrouperVisitor.java:166)
	at org.python.pydev.builder.PydevGrouperVisitor.finishDelayedVisits(PydevGrouperVisitor.java:190)
	at org.python.pydev.builder.PyDevBuilder.build(PyDevBuilder.java:133)
	at org.eclipse.core.internal.events.BuildManager$2.run(BuildManager.java:735)
	at org.eclipse.core.runtime.SafeRunner.run(SafeRunner.java:42)
	at org.eclipse.core.internal.events.BuildManager.basicBuild(BuildManager.java:206)
	at org.eclipse.core.internal.events.BuildManager.basicBuild(BuildManager.java:246)
	at org.eclipse.core.internal.events.BuildManager$1.run(BuildManager.java:301)
	at org.eclipse.core.runtime.SafeRunner.run(SafeRunner.java:42)
	at org.eclipse.core.internal.events.BuildManager.basicBuild(BuildManager.java:304)
	at org.eclipse.core.internal.events.BuildManager.basicBuildLoop(BuildManager.java:360)
	at org.eclipse.core.internal.events.BuildManager.build(BuildManager.java:383)
	at org.eclipse.core.internal.events.AutoBuildJob.doBuild(AutoBuildJob.java:144)
	at org.eclipse.core.internal.events.AutoBuildJob.run(AutoBuildJob.java:235)
	at org.eclipse.core.internal.jobs.Worker.run(Worker.java:55)

!ENTRY org.python.pydev.shared_core 4 4 2017-09-28 13:43:11.930
!MESSAGE Marker id 1121 not found.
!STACK 1
org.eclipse.core.internal.resources.ResourceException: Marker id 1121 not found.
	at org.eclipse.core.internal.resources.Marker.checkInfo(Marker.java:58)
	at org.eclipse.core.internal.resources.Marker.getAttribute(Marker.java:103)
	at org.python.pydev.debug.model.PyBreakpoint.getType(PyBreakpoint.java:157)
	at org.python.pydev.debug.model.AbstractDebugTarget.breakpointRemoved(AbstractDebugTarget.java:364)
	at org.eclipse.debug.internal.core.BreakpointManager$BreakpointNotifier.run(BreakpointManager.java:1045)
	at org.eclipse.core.runtime.SafeRunner.run(SafeRunner.java:42)
	at org.eclipse.debug.internal.core.BreakpointManager$BreakpointNotifier.notify(BreakpointManager.java:1069)
	at org.eclipse.debug.internal.core.BreakpointManager.fireUpdate(BreakpointManager.java:977)
	at org.eclipse.debug.internal.core.BreakpointManager.removeBreakpoints(BreakpointManager.java:511)
	at org.eclipse.debug.internal.core.BreakpointManager$BreakpointManagerVisitor.update(BreakpointManager.java:766)
	at org.eclipse.debug.internal.core.BreakpointManager.resourceChanged(BreakpointManager.java:699)
	at org.eclipse.core.internal.events.NotificationManager$1.run(NotificationManager.java:299)
	at org.eclipse.core.runtime.SafeRunner.run(SafeRunner.java:42)
	at org.eclipse.core.internal.events.NotificationManager.notify(NotificationManager.java:289)
	at org.eclipse.core.internal.events.NotificationManager.broadcastChanges(NotificationManager.java:152)
	at org.eclipse.core.internal.resources.Workspace.broadcastBuildEvent(Workspace.java:360)
	at org.eclipse.core.internal.events.AutoBuildJob.doBuild(AutoBuildJob.java:147)
	at org.eclipse.core.internal.events.AutoBuildJob.run(AutoBuildJob.java:235)
	at org.eclipse.core.internal.jobs.Worker.run(Worker.java:55)
!SUBENTRY 1 org.eclipse.core.resources 4 376 2017-09-28 13:43:11.931
!MESSAGE Marker id 1121 not found.

!ENTRY org.python.pydev.shared_core 4 4 2017-09-28 13:43:32.708
!MESSAGE Did not expect to find item below node: Assign[targets=[Name[id=value, ctx=Store, reserved=false]], value=null, type=null] (module: main file: /home/gian/Comptetitive-Programming-/12150-PolePosition/main.py row: 17).
!STACK 0
java.lang.RuntimeException: Did not expect to find item below node: Assign[targets=[Name[id=value, ctx=Store, reserved=false]], value=null, type=null] (module: main file: /home/gian/Comptetitive-Programming-/12150-PolePosition/main.py row: 17).
	at org.python.pydev.core.log.Log.log(Log.java:54)
	at org.python.pydev.parser.fastparser.FastDefinitionsParser.endScopesInStack(FastDefinitionsParser.java:604)
	at org.python.pydev.parser.fastparser.FastDefinitionsParser.handleNewLine(FastDefinitionsParser.java:394)
	at org.python.pydev.parser.fastparser.FastDefinitionsParser.extractBody(FastDefinitionsParser.java:259)
	at org.python.pydev.parser.fastparser.FastDefinitionsParser.parse(FastDefinitionsParser.java:691)
	at org.python.pydev.parser.fastparser.FastDefinitionsParser.parse(FastDefinitionsParser.java:685)
	at org.python.pydev.parser.fastparser.FastDefinitionsParser.parse(FastDefinitionsParser.java:676)
	at com.python.pydev.analysis.builder.AnalysisBuilderVisitor$1.call(AnalysisBuilderVisitor.java:115)
	at com.python.pydev.analysis.builder.AnalysisBuilderVisitor$1.call(AnalysisBuilderVisitor.java:1)
	at com.python.pydev.analysis.builder.AnalysisBuilderRunnable.<init>(AnalysisBuilderRunnable.java:164)
	at com.python.pydev.analysis.builder.AnalysisBuilderRunnableFactory.createRunnable(AnalysisBuilderRunnableFactory.java:222)
	at com.python.pydev.analysis.builder.AnalysisBuilderVisitor.doVisitChangedResource(AnalysisBuilderVisitor.java:180)
	at com.python.pydev.analysis.builder.AnalysisBuilderVisitor.visitChangedResource(AnalysisBuilderVisitor.java:129)
	at com.python.pydev.analysis.builder.AnalysisBuilderVisitor.visitChangedResource(AnalysisBuilderVisitor.java:45)
	at org.python.pydev.builder.PydevGrouperVisitor.visitWith(PydevGrouperVisitor.java:115)
	at org.python.pydev.builder.PydevGrouperVisitor.visitChangedResource(PydevGrouperVisitor.java:166)
	at org.python.pydev.builder.PydevGrouperVisitor.finishDelayedVisits(PydevGrouperVisitor.java:190)
	at org.python.pydev.builder.PyDevBuilder.build(PyDevBuilder.java:133)
	at org.eclipse.core.internal.events.BuildManager$2.run(BuildManager.java:735)
	at org.eclipse.core.runtime.SafeRunner.run(SafeRunner.java:42)
	at org.eclipse.core.internal.events.BuildManager.basicBuild(BuildManager.java:206)
	at org.eclipse.core.internal.events.BuildManager.basicBuild(BuildManager.java:246)
	at org.eclipse.core.internal.events.BuildManager$1.run(BuildManager.java:301)
	at org.eclipse.core.runtime.SafeRunner.run(SafeRunner.java:42)
	at org.eclipse.core.internal.events.BuildManager.basicBuild(BuildManager.java:304)
	at org.eclipse.core.internal.events.BuildManager.basicBuildLoop(BuildManager.java:360)
	at org.eclipse.core.internal.events.BuildManager.build(BuildManager.java:383)
	at org.eclipse.core.internal.events.AutoBuildJob.doBuild(AutoBuildJob.java:144)
	at org.eclipse.core.internal.events.AutoBuildJob.run(AutoBuildJob.java:235)
	at org.eclipse.core.internal.jobs.Worker.run(Worker.java:55)

!ENTRY org.python.pydev.shared_core 4 4 2017-09-28 13:48:42.300
!MESSAGE Marker id 1156 not found.
!STACK 1
org.eclipse.core.internal.resources.ResourceException: Marker id 1156 not found.
	at org.eclipse.core.internal.resources.Marker.checkInfo(Marker.java:58)
	at org.eclipse.core.internal.resources.Marker.getAttribute(Marker.java:103)
	at org.python.pydev.debug.model.PyBreakpoint.getType(PyBreakpoint.java:157)
	at org.python.pydev.debug.model.AbstractDebugTarget.breakpointRemoved(AbstractDebugTarget.java:364)
	at org.eclipse.debug.internal.core.BreakpointManager$BreakpointNotifier.run(BreakpointManager.java:1045)
	at org.eclipse.core.runtime.SafeRunner.run(SafeRunner.java:42)
	at org.eclipse.debug.internal.core.BreakpointManager$BreakpointNotifier.notify(BreakpointManager.java:1069)
	at org.eclipse.debug.internal.core.BreakpointManager.fireUpdate(BreakpointManager.java:977)
	at org.eclipse.debug.internal.core.BreakpointManager.removeBreakpoints(BreakpointManager.java:511)
	at org.eclipse.debug.internal.core.BreakpointManager$BreakpointManagerVisitor.update(BreakpointManager.java:766)
	at org.eclipse.debug.internal.core.BreakpointManager.resourceChanged(BreakpointManager.java:699)
	at org.eclipse.core.internal.events.NotificationManager$1.run(NotificationManager.java:299)
	at org.eclipse.core.runtime.SafeRunner.run(SafeRunner.java:42)
	at org.eclipse.core.internal.events.NotificationManager.notify(NotificationManager.java:289)
	at org.eclipse.core.internal.events.NotificationManager.broadcastChanges(NotificationManager.java:152)
	at org.eclipse.core.internal.resources.Workspace.broadcastBuildEvent(Workspace.java:360)
	at org.eclipse.core.internal.events.AutoBuildJob.doBuild(AutoBuildJob.java:147)
	at org.eclipse.core.internal.events.AutoBuildJob.run(AutoBuildJob.java:235)
	at org.eclipse.core.internal.jobs.Worker.run(Worker.java:55)
!SUBENTRY 1 org.eclipse.core.resources 4 376 2017-09-28 13:48:42.301
!MESSAGE Marker id 1156 not found.
!SESSION 2017-09-28 14:41:21.292 -----------------------------------------------
eclipse.buildId=4.6.2.M20161124-1400
java.version=1.8.0_121
java.vendor=Oracle Corporation
BootLoader constants: OS=linux, ARCH=x86_64, WS=gtk, NL=es_CO
Framework arguments:  -product org.eclipse.epp.package.java.product
Command-line arguments:  -os linux -ws gtk -arch x86_64 -product org.eclipse.epp.package.java.product

!ENTRY org.eclipse.core.resources 2 10035 2017-09-28 14:41:58.655
!MESSAGE The workspace exited with unsaved changes in the previous session; refreshing workspace to recover changes.

!ENTRY org.eclipse.launchbar.core 2 0 2017-09-28 14:46:52.232
!MESSAGE Enablement expression is missing for descriptor type org.eclipse.cdt.debug.core.coreBuildDescriptorType

!ENTRY org.eclipse.launchbar.core 2 0 2017-09-28 14:46:52.247
!MESSAGE Enablement expression is missing for config provider for org.eclipse.cdt.debug.core.coreBuildDescriptorType

!ENTRY org.python.pydev.shared_core 4 4 2017-09-28 15:38:08.562
!MESSAGE Info: Rebuilding internal caches: /home/gian/Comptetitive-Programming-/.metadata/.plugins/org.eclipse.core.resources/.projects/790-HeadJudgeHeadache/com.python.pydev.analysis/AdditionalProjectInterpreterInfo.pydevinfo (Expected error to be provided and got no error!)

!ENTRY org.python.pydev.shared_core 1 1 2017-09-28 16:14:51.016
!MESSAGE No existing console history at: /home/gian/Comptetitive-Programming-/.metadata/.plugins/org.python.pydev.shared_interactive_console/history.py
!STACK 0
java.io.FileNotFoundException: /home/gian/Comptetitive-Programming-/.metadata/.plugins/org.python.pydev.shared_interactive_console/history.py (No existe el archivo o el directorio)
	at java.io.FileInputStream.open0(Native Method)
	at java.io.FileInputStream.open(FileInputStream.java:195)
	at java.io.FileInputStream.<init>(FileInputStream.java:138)
	at java.io.FileReader.<init>(FileReader.java:72)
	at org.python.pydev.shared_interactive_console.console.ScriptConsoleGlobalHistory.load(ScriptConsoleGlobalHistory.java:96)
	at org.python.pydev.shared_interactive_console.console.ScriptConsoleGlobalHistory.<init>(ScriptConsoleGlobalHistory.java:45)
	at org.python.pydev.shared_interactive_console.console.ScriptConsoleGlobalHistory.<clinit>(ScriptConsoleGlobalHistory.java:37)
	at org.python.pydev.shared_interactive_console.console.ScriptConsoleHistory.<init>(ScriptConsoleHistory.java:56)
	at org.python.pydev.shared_interactive_console.console.ui.ScriptConsole.<init>(ScriptConsole.java:204)
	at org.python.pydev.debug.newconsole.PydevConsole.<init>(PydevConsole.java:84)
	at org.python.pydev.debug.newconsole.PydevDebugConsole.<init>(PydevDebugConsole.java:29)
	at org.python.pydev.debug.newconsole.PydevConsoleFactory.createDebugConsole(PydevConsoleFactory.java:284)
	at org.python.pydev.debug.newconsole.PydevConsoleFactory.createDebugConsole(PydevConsoleFactory.java:259)
	at org.python.pydev.debug.console.PromptOverlay.<init>(PromptOverlay.java:77)
	at org.python.pydev.debug.console.PromptOverlayConsolePageParticipant.init(PromptOverlayConsolePageParticipant.java:48)
	at org.eclipse.ui.internal.console.ConsoleView$3.run(ConsoleView.java:326)
	at org.eclipse.core.runtime.SafeRunner.run(SafeRunner.java:42)
	at org.eclipse.ui.internal.console.ConsoleView.doCreatePage(ConsoleView.java:323)
	at org.eclipse.ui.part.PageBookView.createPage(PageBookView.java:400)
	at org.eclipse.ui.part.PageBookView.partActivated(PageBookView.java:743)
	at org.eclipse.ui.internal.console.ConsoleView$4.run(ConsoleView.java:395)
	at org.eclipse.swt.widgets.RunnableLock.run(RunnableLock.java:35)
	at org.eclipse.swt.widgets.Synchronizer.runAsyncMessages(Synchronizer.java:182)
	at org.eclipse.swt.widgets.Display.runAsyncMessages(Display.java:4536)
	at org.eclipse.swt.widgets.Display.readAndDispatch(Display.java:4154)
	at org.eclipse.e4.ui.internal.workbench.swt.PartRenderingEngine$4.run(PartRenderingEngine.java:1121)
	at org.eclipse.core.databinding.observable.Realm.runWithDefault(Realm.java:336)
	at org.eclipse.e4.ui.internal.workbench.swt.PartRenderingEngine.run(PartRenderingEngine.java:1022)
	at org.eclipse.e4.ui.internal.workbench.E4Workbench.createAndRunUI(E4Workbench.java:150)
	at org.eclipse.ui.internal.Workbench$5.run(Workbench.java:693)
	at org.eclipse.core.databinding.observable.Realm.runWithDefault(Realm.java:336)
	at org.eclipse.ui.internal.Workbench.createAndRunWorkbench(Workbench.java:610)
	at org.eclipse.ui.PlatformUI.createAndRunWorkbench(PlatformUI.java:148)
	at org.eclipse.ui.internal.ide.application.IDEApplication.start(IDEApplication.java:138)
	at org.eclipse.equinox.internal.app.EclipseAppHandle.run(EclipseAppHandle.java:196)
	at org.eclipse.core.runtime.internal.adaptor.EclipseAppLauncher.runApplication(EclipseAppLauncher.java:134)
	at org.eclipse.core.runtime.internal.adaptor.EclipseAppLauncher.start(EclipseAppLauncher.java:104)
	at org.eclipse.core.runtime.adaptor.EclipseStarter.run(EclipseStarter.java:388)
	at org.eclipse.core.runtime.adaptor.EclipseStarter.run(EclipseStarter.java:243)
	at sun.reflect.NativeMethodAccessorImpl.invoke0(Native Method)
	at sun.reflect.NativeMethodAccessorImpl.invoke(NativeMethodAccessorImpl.java:62)
	at sun.reflect.DelegatingMethodAccessorImpl.invoke(DelegatingMethodAccessorImpl.java:43)
	at java.lang.reflect.Method.invoke(Method.java:498)
	at org.eclipse.equinox.launcher.Main.invokeFramework(Main.java:673)
	at org.eclipse.equinox.launcher.Main.basicRun(Main.java:610)
	at org.eclipse.equinox.launcher.Main.run(Main.java:1519)
	at org.eclipse.equinox.launcher.Main.main(Main.java:1492)

!ENTRY org.python.pydev.shared_core 4 4 2017-09-28 19:57:52.211
!MESSAGE Did not expect to find item below node: Assign[targets=[Name[id=line, ctx=Store, reserved=false]], value=null, type=null] (module: main file: /home/gian/Comptetitive-Programming-/790-HeadJudgeHeadache/main.py row: 44).
!STACK 0
java.lang.RuntimeException: Did not expect to find item below node: Assign[targets=[Name[id=line, ctx=Store, reserved=false]], value=null, type=null] (module: main file: /home/gian/Comptetitive-Programming-/790-HeadJudgeHeadache/main.py row: 44).
	at org.python.pydev.core.log.Log.log(Log.java:54)
	at org.python.pydev.parser.fastparser.FastDefinitionsParser.endScopesInStack(FastDefinitionsParser.java:604)
	at org.python.pydev.parser.fastparser.FastDefinitionsParser.handleNewLine(FastDefinitionsParser.java:394)
	at org.python.pydev.parser.fastparser.FastDefinitionsParser.extractBody(FastDefinitionsParser.java:259)
	at org.python.pydev.parser.fastparser.FastDefinitionsParser.parse(FastDefinitionsParser.java:691)
	at org.python.pydev.parser.fastparser.FastDefinitionsParser.parse(FastDefinitionsParser.java:685)
	at org.python.pydev.parser.fastparser.FastDefinitionsParser.parse(FastDefinitionsParser.java:676)
	at com.python.pydev.analysis.builder.AnalysisBuilderVisitor$1.call(AnalysisBuilderVisitor.java:115)
	at com.python.pydev.analysis.builder.AnalysisBuilderVisitor$1.call(AnalysisBuilderVisitor.java:1)
	at com.python.pydev.analysis.builder.AnalysisBuilderRunnable.<init>(AnalysisBuilderRunnable.java:164)
	at com.python.pydev.analysis.builder.AnalysisBuilderRunnableFactory.createRunnable(AnalysisBuilderRunnableFactory.java:222)
	at com.python.pydev.analysis.builder.AnalysisBuilderVisitor.doVisitChangedResource(AnalysisBuilderVisitor.java:180)
	at com.python.pydev.analysis.builder.AnalysisBuilderVisitor.visitChangedResource(AnalysisBuilderVisitor.java:129)
	at com.python.pydev.analysis.builder.AnalysisBuilderVisitor.visitChangedResource(AnalysisBuilderVisitor.java:45)
	at org.python.pydev.builder.PydevGrouperVisitor.visitWith(PydevGrouperVisitor.java:115)
	at org.python.pydev.builder.PydevGrouperVisitor.visitChangedResource(PydevGrouperVisitor.java:166)
	at org.python.pydev.builder.PydevGrouperVisitor.finishDelayedVisits(PydevGrouperVisitor.java:190)
	at org.python.pydev.builder.PyDevBuilder.build(PyDevBuilder.java:133)
	at org.eclipse.core.internal.events.BuildManager$2.run(BuildManager.java:735)
	at org.eclipse.core.runtime.SafeRunner.run(SafeRunner.java:42)
	at org.eclipse.core.internal.events.BuildManager.basicBuild(BuildManager.java:206)
	at org.eclipse.core.internal.events.BuildManager.basicBuild(BuildManager.java:246)
	at org.eclipse.core.internal.events.BuildManager$1.run(BuildManager.java:301)
	at org.eclipse.core.runtime.SafeRunner.run(SafeRunner.java:42)
	at org.eclipse.core.internal.events.BuildManager.basicBuild(BuildManager.java:304)
	at org.eclipse.core.internal.events.BuildManager.basicBuildLoop(BuildManager.java:360)
	at org.eclipse.core.internal.events.BuildManager.build(BuildManager.java:383)
	at org.eclipse.core.internal.events.AutoBuildJob.doBuild(AutoBuildJob.java:144)
	at org.eclipse.core.internal.events.AutoBuildJob.run(AutoBuildJob.java:235)
	at org.eclipse.core.internal.jobs.Worker.run(Worker.java:55)

!ENTRY org.python.pydev.shared_core 4 4 2017-09-28 19:57:55.201
!MESSAGE Did not expect to find item below node: Assign[targets=[Name[id=acumm, ctx=Store, reserved=false]], value=null, type=null] (module: main file: /home/gian/Comptetitive-Programming-/790-HeadJudgeHeadache/main.py row: 47).
!STACK 0
java.lang.RuntimeException: Did not expect to find item below node: Assign[targets=[Name[id=acumm, ctx=Store, reserved=false]], value=null, type=null] (module: main file: /home/gian/Comptetitive-Programming-/790-HeadJudgeHeadache/main.py row: 47).
	at org.python.pydev.core.log.Log.log(Log.java:54)
	at org.python.pydev.parser.fastparser.FastDefinitionsParser.endScopesInStack(FastDefinitionsParser.java:604)
	at org.python.pydev.parser.fastparser.FastDefinitionsParser.handleNewLine(FastDefinitionsParser.java:394)
	at org.python.pydev.parser.fastparser.FastDefinitionsParser.extractBody(FastDefinitionsParser.java:259)
	at org.python.pydev.parser.fastparser.FastDefinitionsParser.parse(FastDefinitionsParser.java:691)
	at org.python.pydev.parser.fastparser.FastDefinitionsParser.parse(FastDefinitionsParser.java:685)
	at org.python.pydev.parser.fastparser.FastDefinitionsParser.parse(FastDefinitionsParser.java:676)
	at com.python.pydev.analysis.builder.AnalysisBuilderVisitor$1.call(AnalysisBuilderVisitor.java:115)
	at com.python.pydev.analysis.builder.AnalysisBuilderVisitor$1.call(AnalysisBuilderVisitor.java:1)
	at com.python.pydev.analysis.builder.AnalysisBuilderRunnable.<init>(AnalysisBuilderRunnable.java:164)
	at com.python.pydev.analysis.builder.AnalysisBuilderRunnableFactory.createRunnable(AnalysisBuilderRunnableFactory.java:222)
	at com.python.pydev.analysis.builder.AnalysisBuilderVisitor.doVisitChangedResource(AnalysisBuilderVisitor.java:180)
	at com.python.pydev.analysis.builder.AnalysisBuilderVisitor.visitChangedResource(AnalysisBuilderVisitor.java:129)
	at com.python.pydev.analysis.builder.AnalysisBuilderVisitor.visitChangedResource(AnalysisBuilderVisitor.java:45)
	at org.python.pydev.builder.PydevGrouperVisitor.visitWith(PydevGrouperVisitor.java:115)
	at org.python.pydev.builder.PydevGrouperVisitor.visitChangedResource(PydevGrouperVisitor.java:166)
	at org.python.pydev.builder.PydevGrouperVisitor.finishDelayedVisits(PydevGrouperVisitor.java:190)
	at org.python.pydev.builder.PyDevBuilder.build(PyDevBuilder.java:133)
	at org.eclipse.core.internal.events.BuildManager$2.run(BuildManager.java:735)
	at org.eclipse.core.runtime.SafeRunner.run(SafeRunner.java:42)
	at org.eclipse.core.internal.events.BuildManager.basicBuild(BuildManager.java:206)
	at org.eclipse.core.internal.events.BuildManager.basicBuild(BuildManager.java:246)
	at org.eclipse.core.internal.events.BuildManager$1.run(BuildManager.java:301)
	at org.eclipse.core.runtime.SafeRunner.run(SafeRunner.java:42)
	at org.eclipse.core.internal.events.BuildManager.basicBuild(BuildManager.java:304)
	at org.eclipse.core.internal.events.BuildManager.basicBuildLoop(BuildManager.java:360)
	at org.eclipse.core.internal.events.BuildManager.build(BuildManager.java:383)
	at org.eclipse.core.internal.events.AutoBuildJob.doBuild(AutoBuildJob.java:144)
	at org.eclipse.core.internal.events.AutoBuildJob.run(AutoBuildJob.java:235)
	at org.eclipse.core.internal.jobs.Worker.run(Worker.java:55)

!ENTRY org.python.pydev.shared_core 4 4 2017-09-28 19:57:55.206
!MESSAGE Did not expect to find item below node: Assign[targets=[Name[id=acumm, ctx=Store, reserved=false]], value=null, type=null] (module: main file: /home/gian/Comptetitive-Programming-/790-HeadJudgeHeadache/main.py row: 48).
!STACK 0
java.lang.RuntimeException: Did not expect to find item below node: Assign[targets=[Name[id=acumm, ctx=Store, reserved=false]], value=null, type=null] (module: main file: /home/gian/Comptetitive-Programming-/790-HeadJudgeHeadache/main.py row: 48).
	at org.python.pydev.core.log.Log.log(Log.java:54)
	at org.python.pydev.parser.fastparser.FastDefinitionsParser.endScopesInStack(FastDefinitionsParser.java:604)
	at org.python.pydev.parser.fastparser.FastDefinitionsParser.handleNewLine(FastDefinitionsParser.java:394)
	at org.python.pydev.parser.fastparser.FastDefinitionsParser.extractBody(FastDefinitionsParser.java:259)
	at org.python.pydev.parser.fastparser.FastDefinitionsParser.parse(FastDefinitionsParser.java:691)
	at org.python.pydev.parser.fastparser.FastDefinitionsParser.parse(FastDefinitionsParser.java:685)
	at org.python.pydev.parser.fastparser.FastDefinitionsParser.parse(FastDefinitionsParser.java:676)
	at com.python.pydev.analysis.builder.AnalysisBuilderVisitor$1.call(AnalysisBuilderVisitor.java:115)
	at com.python.pydev.analysis.builder.AnalysisBuilderVisitor$1.call(AnalysisBuilderVisitor.java:1)
	at com.python.pydev.analysis.builder.AnalysisBuilderRunnable.<init>(AnalysisBuilderRunnable.java:164)
	at com.python.pydev.analysis.builder.AnalysisBuilderRunnableFactory.createRunnable(AnalysisBuilderRunnableFactory.java:222)
	at com.python.pydev.analysis.builder.AnalysisBuilderVisitor.doVisitChangedResource(AnalysisBuilderVisitor.java:180)
	at com.python.pydev.analysis.builder.AnalysisBuilderVisitor.visitChangedResource(AnalysisBuilderVisitor.java:129)
	at com.python.pydev.analysis.builder.AnalysisBuilderVisitor.visitChangedResource(AnalysisBuilderVisitor.java:45)
	at org.python.pydev.builder.PydevGrouperVisitor.visitWith(PydevGrouperVisitor.java:115)
	at org.python.pydev.builder.PydevGrouperVisitor.visitChangedResource(PydevGrouperVisitor.java:166)
	at org.python.pydev.builder.PydevGrouperVisitor.finishDelayedVisits(PydevGrouperVisitor.java:190)
	at org.python.pydev.builder.PyDevBuilder.build(PyDevBuilder.java:133)
	at org.eclipse.core.internal.events.BuildManager$2.run(BuildManager.java:735)
	at org.eclipse.core.runtime.SafeRunner.run(SafeRunner.java:42)
	at org.eclipse.core.internal.events.BuildManager.basicBuild(BuildManager.java:206)
	at org.eclipse.core.internal.events.BuildManager.basicBuild(BuildManager.java:246)
	at org.eclipse.core.internal.events.BuildManager$1.run(BuildManager.java:301)
	at org.eclipse.core.runtime.SafeRunner.run(SafeRunner.java:42)
	at org.eclipse.core.internal.events.BuildManager.basicBuild(BuildManager.java:304)
	at org.eclipse.core.internal.events.BuildManager.basicBuildLoop(BuildManager.java:360)
	at org.eclipse.core.internal.events.BuildManager.build(BuildManager.java:383)
	at org.eclipse.core.internal.events.AutoBuildJob.doBuild(AutoBuildJob.java:144)
	at org.eclipse.core.internal.events.AutoBuildJob.run(AutoBuildJob.java:235)
	at org.eclipse.core.internal.jobs.Worker.run(Worker.java:55)

!ENTRY org.python.pydev.shared_core 4 4 2017-09-28 19:57:55.207
!MESSAGE Did not expect to find item below node: Assign[targets=[Name[id=acumm, ctx=Store, reserved=false]], value=null, type=null] (module: main file: /home/gian/Comptetitive-Programming-/790-HeadJudgeHeadache/main.py row: 50).
!STACK 0
java.lang.RuntimeException: Did not expect to find item below node: Assign[targets=[Name[id=acumm, ctx=Store, reserved=false]], value=null, type=null] (module: main file: /home/gian/Comptetitive-Programming-/790-HeadJudgeHeadache/main.py row: 50).
	at org.python.pydev.core.log.Log.log(Log.java:54)
	at org.python.pydev.parser.fastparser.FastDefinitionsParser.endScopesInStack(FastDefinitionsParser.java:604)
	at org.python.pydev.parser.fastparser.FastDefinitionsParser.handleNewLine(FastDefinitionsParser.java:394)
	at org.python.pydev.parser.fastparser.FastDefinitionsParser.extractBody(FastDefinitionsParser.java:259)
	at org.python.pydev.parser.fastparser.FastDefinitionsParser.parse(FastDefinitionsParser.java:691)
	at org.python.pydev.parser.fastparser.FastDefinitionsParser.parse(FastDefinitionsParser.java:685)
	at org.python.pydev.parser.fastparser.FastDefinitionsParser.parse(FastDefinitionsParser.java:676)
	at com.python.pydev.analysis.builder.AnalysisBuilderVisitor$1.call(AnalysisBuilderVisitor.java:115)
	at com.python.pydev.analysis.builder.AnalysisBuilderVisitor$1.call(AnalysisBuilderVisitor.java:1)
	at com.python.pydev.analysis.builder.AnalysisBuilderRunnable.<init>(AnalysisBuilderRunnable.java:164)
	at com.python.pydev.analysis.builder.AnalysisBuilderRunnableFactory.createRunnable(AnalysisBuilderRunnableFactory.java:222)
	at com.python.pydev.analysis.builder.AnalysisBuilderVisitor.doVisitChangedResource(AnalysisBuilderVisitor.java:180)
	at com.python.pydev.analysis.builder.AnalysisBuilderVisitor.visitChangedResource(AnalysisBuilderVisitor.java:129)
	at com.python.pydev.analysis.builder.AnalysisBuilderVisitor.visitChangedResource(AnalysisBuilderVisitor.java:45)
	at org.python.pydev.builder.PydevGrouperVisitor.visitWith(PydevGrouperVisitor.java:115)
	at org.python.pydev.builder.PydevGrouperVisitor.visitChangedResource(PydevGrouperVisitor.java:166)
	at org.python.pydev.builder.PydevGrouperVisitor.finishDelayedVisits(PydevGrouperVisitor.java:190)
	at org.python.pydev.builder.PyDevBuilder.build(PyDevBuilder.java:133)
	at org.eclipse.core.internal.events.BuildManager$2.run(BuildManager.java:735)
	at org.eclipse.core.runtime.SafeRunner.run(SafeRunner.java:42)
	at org.eclipse.core.internal.events.BuildManager.basicBuild(BuildManager.java:206)
	at org.eclipse.core.internal.events.BuildManager.basicBuild(BuildManager.java:246)
	at org.eclipse.core.internal.events.BuildManager$1.run(BuildManager.java:301)
	at org.eclipse.core.runtime.SafeRunner.run(SafeRunner.java:42)
	at org.eclipse.core.internal.events.BuildManager.basicBuild(BuildManager.java:304)
	at org.eclipse.core.internal.events.BuildManager.basicBuildLoop(BuildManager.java:360)
	at org.eclipse.core.internal.events.BuildManager.build(BuildManager.java:383)
	at org.eclipse.core.internal.events.AutoBuildJob.doBuild(AutoBuildJob.java:144)
	at org.eclipse.core.internal.events.AutoBuildJob.run(AutoBuildJob.java:235)
	at org.eclipse.core.internal.jobs.Worker.run(Worker.java:55)

!ENTRY org.python.pydev.shared_core 4 4 2017-09-28 19:57:55.208
!MESSAGE Did not expect to find item below node: Assign[targets=[Name[id=acumm, ctx=Store, reserved=false]], value=null, type=null] (module: main file: /home/gian/Comptetitive-Programming-/790-HeadJudgeHeadache/main.py row: 52).
!STACK 0
java.lang.RuntimeException: Did not expect to find item below node: Assign[targets=[Name[id=acumm, ctx=Store, reserved=false]], value=null, type=null] (module: main file: /home/gian/Comptetitive-Programming-/790-HeadJudgeHeadache/main.py row: 52).
	at org.python.pydev.core.log.Log.log(Log.java:54)
	at org.python.pydev.parser.fastparser.FastDefinitionsParser.endScopesInStack(FastDefinitionsParser.java:604)
	at org.python.pydev.parser.fastparser.FastDefinitionsParser.handleNewLine(FastDefinitionsParser.java:394)
	at org.python.pydev.parser.fastparser.FastDefinitionsParser.extractBody(FastDefinitionsParser.java:259)
	at org.python.pydev.parser.fastparser.FastDefinitionsParser.parse(FastDefinitionsParser.java:691)
	at org.python.pydev.parser.fastparser.FastDefinitionsParser.parse(FastDefinitionsParser.java:685)
	at org.python.pydev.parser.fastparser.FastDefinitionsParser.parse(FastDefinitionsParser.java:676)
	at com.python.pydev.analysis.builder.AnalysisBuilderVisitor$1.call(AnalysisBuilderVisitor.java:115)
	at com.python.pydev.analysis.builder.AnalysisBuilderVisitor$1.call(AnalysisBuilderVisitor.java:1)
	at com.python.pydev.analysis.builder.AnalysisBuilderRunnable.<init>(AnalysisBuilderRunnable.java:164)
	at com.python.pydev.analysis.builder.AnalysisBuilderRunnableFactory.createRunnable(AnalysisBuilderRunnableFactory.java:222)
	at com.python.pydev.analysis.builder.AnalysisBuilderVisitor.doVisitChangedResource(AnalysisBuilderVisitor.java:180)
	at com.python.pydev.analysis.builder.AnalysisBuilderVisitor.visitChangedResource(AnalysisBuilderVisitor.java:129)
	at com.python.pydev.analysis.builder.AnalysisBuilderVisitor.visitChangedResource(AnalysisBuilderVisitor.java:45)
	at org.python.pydev.builder.PydevGrouperVisitor.visitWith(PydevGrouperVisitor.java:115)
	at org.python.pydev.builder.PydevGrouperVisitor.visitChangedResource(PydevGrouperVisitor.java:166)
	at org.python.pydev.builder.PydevGrouperVisitor.finishDelayedVisits(PydevGrouperVisitor.java:190)
	at org.python.pydev.builder.PyDevBuilder.build(PyDevBuilder.java:133)
	at org.eclipse.core.internal.events.BuildManager$2.run(BuildManager.java:735)
	at org.eclipse.core.runtime.SafeRunner.run(SafeRunner.java:42)
	at org.eclipse.core.internal.events.BuildManager.basicBuild(BuildManager.java:206)
	at org.eclipse.core.internal.events.BuildManager.basicBuild(BuildManager.java:246)
	at org.eclipse.core.internal.events.BuildManager$1.run(BuildManager.java:301)
	at org.eclipse.core.runtime.SafeRunner.run(SafeRunner.java:42)
	at org.eclipse.core.internal.events.BuildManager.basicBuild(BuildManager.java:304)
	at org.eclipse.core.internal.events.BuildManager.basicBuildLoop(BuildManager.java:360)
	at org.eclipse.core.internal.events.BuildManager.build(BuildManager.java:383)
	at org.eclipse.core.internal.events.AutoBuildJob.doBuild(AutoBuildJob.java:144)
	at org.eclipse.core.internal.events.AutoBuildJob.run(AutoBuildJob.java:235)
	at org.eclipse.core.internal.jobs.Worker.run(Worker.java:55)

!ENTRY org.python.pydev.shared_core 4 4 2017-09-28 19:57:55.210
!MESSAGE Did not expect to find item below node: Assign[targets=[Name[id=acumm, ctx=Store, reserved=false]], value=null, type=null] (module: main file: /home/gian/Comptetitive-Programming-/790-HeadJudgeHeadache/main.py row: 56).
!STACK 0
java.lang.RuntimeException: Did not expect to find item below node: Assign[targets=[Name[id=acumm, ctx=Store, reserved=false]], value=null, type=null] (module: main file: /home/gian/Comptetitive-Programming-/790-HeadJudgeHeadache/main.py row: 56).
	at org.python.pydev.core.log.Log.log(Log.java:54)
	at org.python.pydev.parser.fastparser.FastDefinitionsParser.endScopesInStack(FastDefinitionsParser.java:604)
	at org.python.pydev.parser.fastparser.FastDefinitionsParser.handleNewLine(FastDefinitionsParser.java:394)
	at org.python.pydev.parser.fastparser.FastDefinitionsParser.extractBody(FastDefinitionsParser.java:259)
	at org.python.pydev.parser.fastparser.FastDefinitionsParser.parse(FastDefinitionsParser.java:691)
	at org.python.pydev.parser.fastparser.FastDefinitionsParser.parse(FastDefinitionsParser.java:685)
	at org.python.pydev.parser.fastparser.FastDefinitionsParser.parse(FastDefinitionsParser.java:676)
	at com.python.pydev.analysis.builder.AnalysisBuilderVisitor$1.call(AnalysisBuilderVisitor.java:115)
	at com.python.pydev.analysis.builder.AnalysisBuilderVisitor$1.call(AnalysisBuilderVisitor.java:1)
	at com.python.pydev.analysis.builder.AnalysisBuilderRunnable.<init>(AnalysisBuilderRunnable.java:164)
	at com.python.pydev.analysis.builder.AnalysisBuilderRunnableFactory.createRunnable(AnalysisBuilderRunnableFactory.java:222)
	at com.python.pydev.analysis.builder.AnalysisBuilderVisitor.doVisitChangedResource(AnalysisBuilderVisitor.java:180)
	at com.python.pydev.analysis.builder.AnalysisBuilderVisitor.visitChangedResource(AnalysisBuilderVisitor.java:129)
	at com.python.pydev.analysis.builder.AnalysisBuilderVisitor.visitChangedResource(AnalysisBuilderVisitor.java:45)
	at org.python.pydev.builder.PydevGrouperVisitor.visitWith(PydevGrouperVisitor.java:115)
	at org.python.pydev.builder.PydevGrouperVisitor.visitChangedResource(PydevGrouperVisitor.java:166)
	at org.python.pydev.builder.PydevGrouperVisitor.finishDelayedVisits(PydevGrouperVisitor.java:190)
	at org.python.pydev.builder.PyDevBuilder.build(PyDevBuilder.java:133)
	at org.eclipse.core.internal.events.BuildManager$2.run(BuildManager.java:735)
	at org.eclipse.core.runtime.SafeRunner.run(SafeRunner.java:42)
	at org.eclipse.core.internal.events.BuildManager.basicBuild(BuildManager.java:206)
	at org.eclipse.core.internal.events.BuildManager.basicBuild(BuildManager.java:246)
	at org.eclipse.core.internal.events.BuildManager$1.run(BuildManager.java:301)
	at org.eclipse.core.runtime.SafeRunner.run(SafeRunner.java:42)
	at org.eclipse.core.internal.events.BuildManager.basicBuild(BuildManager.java:304)
	at org.eclipse.core.internal.events.BuildManager.basicBuildLoop(BuildManager.java:360)
	at org.eclipse.core.internal.events.BuildManager.build(BuildManager.java:383)
	at org.eclipse.core.internal.events.AutoBuildJob.doBuild(AutoBuildJob.java:144)
	at org.eclipse.core.internal.events.AutoBuildJob.run(AutoBuildJob.java:235)
	at org.eclipse.core.internal.jobs.Worker.run(Worker.java:55)

!ENTRY org.python.pydev.shared_core 4 4 2017-09-28 19:57:55.212
!MESSAGE Did not expect to find item below node: Assign[targets=[Name[id=acumm, ctx=Store, reserved=false]], value=null, type=null] (module: main file: /home/gian/Comptetitive-Programming-/790-HeadJudgeHeadache/main.py row: 57).
!STACK 0
java.lang.RuntimeException: Did not expect to find item below node: Assign[targets=[Name[id=acumm, ctx=Store, reserved=false]], value=null, type=null] (module: main file: /home/gian/Comptetitive-Programming-/790-HeadJudgeHeadache/main.py row: 57).
	at org.python.pydev.core.log.Log.log(Log.java:54)
	at org.python.pydev.parser.fastparser.FastDefinitionsParser.endScopesInStack(FastDefinitionsParser.java:604)
	at org.python.pydev.parser.fastparser.FastDefinitionsParser.handleNewLine(FastDefinitionsParser.java:394)
	at org.python.pydev.parser.fastparser.FastDefinitionsParser.extractBody(FastDefinitionsParser.java:259)
	at org.python.pydev.parser.fastparser.FastDefinitionsParser.parse(FastDefinitionsParser.java:691)
	at org.python.pydev.parser.fastparser.FastDefinitionsParser.parse(FastDefinitionsParser.java:685)
	at org.python.pydev.parser.fastparser.FastDefinitionsParser.parse(FastDefinitionsParser.java:676)
	at com.python.pydev.analysis.builder.AnalysisBuilderVisitor$1.call(AnalysisBuilderVisitor.java:115)
	at com.python.pydev.analysis.builder.AnalysisBuilderVisitor$1.call(AnalysisBuilderVisitor.java:1)
	at com.python.pydev.analysis.builder.AnalysisBuilderRunnable.<init>(AnalysisBuilderRunnable.java:164)
	at com.python.pydev.analysis.builder.AnalysisBuilderRunnableFactory.createRunnable(AnalysisBuilderRunnableFactory.java:222)
	at com.python.pydev.analysis.builder.AnalysisBuilderVisitor.doVisitChangedResource(AnalysisBuilderVisitor.java:180)
	at com.python.pydev.analysis.builder.AnalysisBuilderVisitor.visitChangedResource(AnalysisBuilderVisitor.java:129)
	at com.python.pydev.analysis.builder.AnalysisBuilderVisitor.visitChangedResource(AnalysisBuilderVisitor.java:45)
	at org.python.pydev.builder.PydevGrouperVisitor.visitWith(PydevGrouperVisitor.java:115)
	at org.python.pydev.builder.PydevGrouperVisitor.visitChangedResource(PydevGrouperVisitor.java:166)
	at org.python.pydev.builder.PydevGrouperVisitor.finishDelayedVisits(PydevGrouperVisitor.java:190)
	at org.python.pydev.builder.PyDevBuilder.build(PyDevBuilder.java:133)
	at org.eclipse.core.internal.events.BuildManager$2.run(BuildManager.java:735)
	at org.eclipse.core.runtime.SafeRunner.run(SafeRunner.java:42)
	at org.eclipse.core.internal.events.BuildManager.basicBuild(BuildManager.java:206)
	at org.eclipse.core.internal.events.BuildManager.basicBuild(BuildManager.java:246)
	at org.eclipse.core.internal.events.BuildManager$1.run(BuildManager.java:301)
	at org.eclipse.core.runtime.SafeRunner.run(SafeRunner.java:42)
	at org.eclipse.core.internal.events.BuildManager.basicBuild(BuildManager.java:304)
	at org.eclipse.core.internal.events.BuildManager.basicBuildLoop(BuildManager.java:360)
	at org.eclipse.core.internal.events.BuildManager.build(BuildManager.java:383)
	at org.eclipse.core.internal.events.AutoBuildJob.doBuild(AutoBuildJob.java:144)
	at org.eclipse.core.internal.events.AutoBuildJob.run(AutoBuildJob.java:235)
	at org.eclipse.core.internal.jobs.Worker.run(Worker.java:55)

!ENTRY org.python.pydev.shared_core 4 4 2017-09-28 19:57:55.213
!MESSAGE Did not expect to find item below node: Assign[targets=[Name[id=acumm, ctx=Store, reserved=false]], value=null, type=null] (module: main file: /home/gian/Comptetitive-Programming-/790-HeadJudgeHeadache/main.py row: 60).
!STACK 0
java.lang.RuntimeException: Did not expect to find item below node: Assign[targets=[Name[id=acumm, ctx=Store, reserved=false]], value=null, type=null] (module: main file: /home/gian/Comptetitive-Programming-/790-HeadJudgeHeadache/main.py row: 60).
	at org.python.pydev.core.log.Log.log(Log.java:54)
	at org.python.pydev.parser.fastparser.FastDefinitionsParser.endScopesInStack(FastDefinitionsParser.java:604)
	at org.python.pydev.parser.fastparser.FastDefinitionsParser.handleNewLine(FastDefinitionsParser.java:394)
	at org.python.pydev.parser.fastparser.FastDefinitionsParser.extractBody(FastDefinitionsParser.java:259)
	at org.python.pydev.parser.fastparser.FastDefinitionsParser.parse(FastDefinitionsParser.java:691)
	at org.python.pydev.parser.fastparser.FastDefinitionsParser.parse(FastDefinitionsParser.java:685)
	at org.python.pydev.parser.fastparser.FastDefinitionsParser.parse(FastDefinitionsParser.java:676)
	at com.python.pydev.analysis.builder.AnalysisBuilderVisitor$1.call(AnalysisBuilderVisitor.java:115)
	at com.python.pydev.analysis.builder.AnalysisBuilderVisitor$1.call(AnalysisBuilderVisitor.java:1)
	at com.python.pydev.analysis.builder.AnalysisBuilderRunnable.<init>(AnalysisBuilderRunnable.java:164)
	at com.python.pydev.analysis.builder.AnalysisBuilderRunnableFactory.createRunnable(AnalysisBuilderRunnableFactory.java:222)
	at com.python.pydev.analysis.builder.AnalysisBuilderVisitor.doVisitChangedResource(AnalysisBuilderVisitor.java:180)
	at com.python.pydev.analysis.builder.AnalysisBuilderVisitor.visitChangedResource(AnalysisBuilderVisitor.java:129)
	at com.python.pydev.analysis.builder.AnalysisBuilderVisitor.visitChangedResource(AnalysisBuilderVisitor.java:45)
	at org.python.pydev.builder.PydevGrouperVisitor.visitWith(PydevGrouperVisitor.java:115)
	at org.python.pydev.builder.PydevGrouperVisitor.visitChangedResource(PydevGrouperVisitor.java:166)
	at org.python.pydev.builder.PydevGrouperVisitor.finishDelayedVisits(PydevGrouperVisitor.java:190)
	at org.python.pydev.builder.PyDevBuilder.build(PyDevBuilder.java:133)
	at org.eclipse.core.internal.events.BuildManager$2.run(BuildManager.java:735)
	at org.eclipse.core.runtime.SafeRunner.run(SafeRunner.java:42)
	at org.eclipse.core.internal.events.BuildManager.basicBuild(BuildManager.java:206)
	at org.eclipse.core.internal.events.BuildManager.basicBuild(BuildManager.java:246)
	at org.eclipse.core.internal.events.BuildManager$1.run(BuildManager.java:301)
	at org.eclipse.core.runtime.SafeRunner.run(SafeRunner.java:42)
	at org.eclipse.core.internal.events.BuildManager.basicBuild(BuildManager.java:304)
	at org.eclipse.core.internal.events.BuildManager.basicBuildLoop(BuildManager.java:360)
	at org.eclipse.core.internal.events.BuildManager.build(BuildManager.java:383)
	at org.eclipse.core.internal.events.AutoBuildJob.doBuild(AutoBuildJob.java:144)
	at org.eclipse.core.internal.events.AutoBuildJob.run(AutoBuildJob.java:235)
	at org.eclipse.core.internal.jobs.Worker.run(Worker.java:55)

!ENTRY org.python.pydev.shared_core 4 4 2017-09-28 19:57:55.215
!MESSAGE Did not expect to find item below node: Assign[targets=[Name[id=acumm, ctx=Store, reserved=false]], value=null, type=null] (module: main file: /home/gian/Comptetitive-Programming-/790-HeadJudgeHeadache/main.py row: 61).
!STACK 0
java.lang.RuntimeException: Did not expect to find item below node: Assign[targets=[Name[id=acumm, ctx=Store, reserved=false]], value=null, type=null] (module: main file: /home/gian/Comptetitive-Programming-/790-HeadJudgeHeadache/main.py row: 61).
	at org.python.pydev.core.log.Log.log(Log.java:54)
	at org.python.pydev.parser.fastparser.FastDefinitionsParser.endScopesInStack(FastDefinitionsParser.java:604)
	at org.python.pydev.parser.fastparser.FastDefinitionsParser.handleNewLine(FastDefinitionsParser.java:394)
	at org.python.pydev.parser.fastparser.FastDefinitionsParser.extractBody(FastDefinitionsParser.java:259)
	at org.python.pydev.parser.fastparser.FastDefinitionsParser.parse(FastDefinitionsParser.java:691)
	at org.python.pydev.parser.fastparser.FastDefinitionsParser.parse(FastDefinitionsParser.java:685)
	at org.python.pydev.parser.fastparser.FastDefinitionsParser.parse(FastDefinitionsParser.java:676)
	at com.python.pydev.analysis.builder.AnalysisBuilderVisitor$1.call(AnalysisBuilderVisitor.java:115)
	at com.python.pydev.analysis.builder.AnalysisBuilderVisitor$1.call(AnalysisBuilderVisitor.java:1)
	at com.python.pydev.analysis.builder.AnalysisBuilderRunnable.<init>(AnalysisBuilderRunnable.java:164)
	at com.python.pydev.analysis.builder.AnalysisBuilderRunnableFactory.createRunnable(AnalysisBuilderRunnableFactory.java:222)
	at com.python.pydev.analysis.builder.AnalysisBuilderVisitor.doVisitChangedResource(AnalysisBuilderVisitor.java:180)
	at com.python.pydev.analysis.builder.AnalysisBuilderVisitor.visitChangedResource(AnalysisBuilderVisitor.java:129)
	at com.python.pydev.analysis.builder.AnalysisBuilderVisitor.visitChangedResource(AnalysisBuilderVisitor.java:45)
	at org.python.pydev.builder.PydevGrouperVisitor.visitWith(PydevGrouperVisitor.java:115)
	at org.python.pydev.builder.PydevGrouperVisitor.visitChangedResource(PydevGrouperVisitor.java:166)
	at org.python.pydev.builder.PydevGrouperVisitor.finishDelayedVisits(PydevGrouperVisitor.java:190)
	at org.python.pydev.builder.PyDevBuilder.build(PyDevBuilder.java:133)
	at org.eclipse.core.internal.events.BuildManager$2.run(BuildManager.java:735)
	at org.eclipse.core.runtime.SafeRunner.run(SafeRunner.java:42)
	at org.eclipse.core.internal.events.BuildManager.basicBuild(BuildManager.java:206)
	at org.eclipse.core.internal.events.BuildManager.basicBuild(BuildManager.java:246)
	at org.eclipse.core.internal.events.BuildManager$1.run(BuildManager.java:301)
	at org.eclipse.core.runtime.SafeRunner.run(SafeRunner.java:42)
	at org.eclipse.core.internal.events.BuildManager.basicBuild(BuildManager.java:304)
	at org.eclipse.core.internal.events.BuildManager.basicBuildLoop(BuildManager.java:360)
	at org.eclipse.core.internal.events.BuildManager.build(BuildManager.java:383)
	at org.eclipse.core.internal.events.AutoBuildJob.doBuild(AutoBuildJob.java:144)
	at org.eclipse.core.internal.events.AutoBuildJob.run(AutoBuildJob.java:235)
	at org.eclipse.core.internal.jobs.Worker.run(Worker.java:55)

!ENTRY org.python.pydev.shared_core 4 4 2017-09-28 19:57:55.217
!MESSAGE Did not expect to find item below node: Assign[targets=[Name[id=acumm, ctx=Store, reserved=false]], value=null, type=null] (module: main file: /home/gian/Comptetitive-Programming-/790-HeadJudgeHeadache/main.py row: 81).
!STACK 0
java.lang.RuntimeException: Did not expect to find item below node: Assign[targets=[Name[id=acumm, ctx=Store, reserved=false]], value=null, type=null] (module: main file: /home/gian/Comptetitive-Programming-/790-HeadJudgeHeadache/main.py row: 81).
	at org.python.pydev.core.log.Log.log(Log.java:54)
	at org.python.pydev.parser.fastparser.FastDefinitionsParser.endScopesInStack(FastDefinitionsParser.java:604)
	at org.python.pydev.parser.fastparser.FastDefinitionsParser.handleNewLine(FastDefinitionsParser.java:394)
	at org.python.pydev.parser.fastparser.FastDefinitionsParser.extractBody(FastDefinitionsParser.java:259)
	at org.python.pydev.parser.fastparser.FastDefinitionsParser.parse(FastDefinitionsParser.java:691)
	at org.python.pydev.parser.fastparser.FastDefinitionsParser.parse(FastDefinitionsParser.java:685)
	at org.python.pydev.parser.fastparser.FastDefinitionsParser.parse(FastDefinitionsParser.java:676)
	at com.python.pydev.analysis.builder.AnalysisBuilderVisitor$1.call(AnalysisBuilderVisitor.java:115)
	at com.python.pydev.analysis.builder.AnalysisBuilderVisitor$1.call(AnalysisBuilderVisitor.java:1)
	at com.python.pydev.analysis.builder.AnalysisBuilderRunnable.<init>(AnalysisBuilderRunnable.java:164)
	at com.python.pydev.analysis.builder.AnalysisBuilderRunnableFactory.createRunnable(AnalysisBuilderRunnableFactory.java:222)
	at com.python.pydev.analysis.builder.AnalysisBuilderVisitor.doVisitChangedResource(AnalysisBuilderVisitor.java:180)
	at com.python.pydev.analysis.builder.AnalysisBuilderVisitor.visitChangedResource(AnalysisBuilderVisitor.java:129)
	at com.python.pydev.analysis.builder.AnalysisBuilderVisitor.visitChangedResource(AnalysisBuilderVisitor.java:45)
	at org.python.pydev.builder.PydevGrouperVisitor.visitWith(PydevGrouperVisitor.java:115)
	at org.python.pydev.builder.PydevGrouperVisitor.visitChangedResource(PydevGrouperVisitor.java:166)
	at org.python.pydev.builder.PydevGrouperVisitor.finishDelayedVisits(PydevGrouperVisitor.java:190)
	at org.python.pydev.builder.PyDevBuilder.build(PyDevBuilder.java:133)
	at org.eclipse.core.internal.events.BuildManager$2.run(BuildManager.java:735)
	at org.eclipse.core.runtime.SafeRunner.run(SafeRunner.java:42)
	at org.eclipse.core.internal.events.BuildManager.basicBuild(BuildManager.java:206)
	at org.eclipse.core.internal.events.BuildManager.basicBuild(BuildManager.java:246)
	at org.eclipse.core.internal.events.BuildManager$1.run(BuildManager.java:301)
	at org.eclipse.core.runtime.SafeRunner.run(SafeRunner.java:42)
	at org.eclipse.core.internal.events.BuildManager.basicBuild(BuildManager.java:304)
	at org.eclipse.core.internal.events.BuildManager.basicBuildLoop(BuildManager.java:360)
	at org.eclipse.core.internal.events.BuildManager.build(BuildManager.java:383)
	at org.eclipse.core.internal.events.AutoBuildJob.doBuild(AutoBuildJob.java:144)
	at org.eclipse.core.internal.events.AutoBuildJob.run(AutoBuildJob.java:235)
	at org.eclipse.core.internal.jobs.Worker.run(Worker.java:55)

!ENTRY org.python.pydev.shared_core 4 4 2017-09-28 19:57:55.218
!MESSAGE Did not expect to find item below node: Assign[targets=[Name[id=acumm, ctx=Store, reserved=false]], value=null, type=null] (module: main file: /home/gian/Comptetitive-Programming-/790-HeadJudgeHeadache/main.py row: 84).
!STACK 0
java.lang.RuntimeException: Did not expect to find item below node: Assign[targets=[Name[id=acumm, ctx=Store, reserved=false]], value=null, type=null] (module: main file: /home/gian/Comptetitive-Programming-/790-HeadJudgeHeadache/main.py row: 84).
	at org.python.pydev.core.log.Log.log(Log.java:54)
	at org.python.pydev.parser.fastparser.FastDefinitionsParser.endScopesInStack(FastDefinitionsParser.java:604)
	at org.python.pydev.parser.fastparser.FastDefinitionsParser.handleNewLine(FastDefinitionsParser.java:394)
	at org.python.pydev.parser.fastparser.FastDefinitionsParser.extractBody(FastDefinitionsParser.java:259)
	at org.python.pydev.parser.fastparser.FastDefinitionsParser.parse(FastDefinitionsParser.java:691)
	at org.python.pydev.parser.fastparser.FastDefinitionsParser.parse(FastDefinitionsParser.java:685)
	at org.python.pydev.parser.fastparser.FastDefinitionsParser.parse(FastDefinitionsParser.java:676)
	at com.python.pydev.analysis.builder.AnalysisBuilderVisitor$1.call(AnalysisBuilderVisitor.java:115)
	at com.python.pydev.analysis.builder.AnalysisBuilderVisitor$1.call(AnalysisBuilderVisitor.java:1)
	at com.python.pydev.analysis.builder.AnalysisBuilderRunnable.<init>(AnalysisBuilderRunnable.java:164)
	at com.python.pydev.analysis.builder.AnalysisBuilderRunnableFactory.createRunnable(AnalysisBuilderRunnableFactory.java:222)
	at com.python.pydev.analysis.builder.AnalysisBuilderVisitor.doVisitChangedResource(AnalysisBuilderVisitor.java:180)
	at com.python.pydev.analysis.builder.AnalysisBuilderVisitor.visitChangedResource(AnalysisBuilderVisitor.java:129)
	at com.python.pydev.analysis.builder.AnalysisBuilderVisitor.visitChangedResource(AnalysisBuilderVisitor.java:45)
	at org.python.pydev.builder.PydevGrouperVisitor.visitWith(PydevGrouperVisitor.java:115)
	at org.python.pydev.builder.PydevGrouperVisitor.visitChangedResource(PydevGrouperVisitor.java:166)
	at org.python.pydev.builder.PydevGrouperVisitor.finishDelayedVisits(PydevGrouperVisitor.java:190)
	at org.python.pydev.builder.PyDevBuilder.build(PyDevBuilder.java:133)
	at org.eclipse.core.internal.events.BuildManager$2.run(BuildManager.java:735)
	at org.eclipse.core.runtime.SafeRunner.run(SafeRunner.java:42)
	at org.eclipse.core.internal.events.BuildManager.basicBuild(BuildManager.java:206)
	at org.eclipse.core.internal.events.BuildManager.basicBuild(BuildManager.java:246)
	at org.eclipse.core.internal.events.BuildManager$1.run(BuildManager.java:301)
	at org.eclipse.core.runtime.SafeRunner.run(SafeRunner.java:42)
	at org.eclipse.core.internal.events.BuildManager.basicBuild(BuildManager.java:304)
	at org.eclipse.core.internal.events.BuildManager.basicBuildLoop(BuildManager.java:360)
	at org.eclipse.core.internal.events.BuildManager.build(BuildManager.java:383)
	at org.eclipse.core.internal.events.AutoBuildJob.doBuild(AutoBuildJob.java:144)
	at org.eclipse.core.internal.events.AutoBuildJob.run(AutoBuildJob.java:235)
	at org.eclipse.core.internal.jobs.Worker.run(Worker.java:55)

!ENTRY org.python.pydev.shared_core 4 4 2017-09-28 22:04:53.800
!MESSAGE Marker id 2972 not found.
!STACK 1
org.eclipse.core.internal.resources.ResourceException: Marker id 2972 not found.
	at org.eclipse.core.internal.resources.Marker.checkInfo(Marker.java:58)
	at org.eclipse.core.internal.resources.Marker.getAttribute(Marker.java:103)
	at org.python.pydev.debug.model.PyBreakpoint.getType(PyBreakpoint.java:157)
	at org.python.pydev.debug.model.AbstractDebugTarget.breakpointRemoved(AbstractDebugTarget.java:364)
	at org.eclipse.debug.internal.core.BreakpointManager$BreakpointNotifier.run(BreakpointManager.java:1045)
	at org.eclipse.core.runtime.SafeRunner.run(SafeRunner.java:42)
	at org.eclipse.debug.internal.core.BreakpointManager$BreakpointNotifier.notify(BreakpointManager.java:1069)
	at org.eclipse.debug.internal.core.BreakpointManager.fireUpdate(BreakpointManager.java:977)
	at org.eclipse.debug.internal.core.BreakpointManager.removeBreakpoints(BreakpointManager.java:511)
	at org.eclipse.debug.internal.core.BreakpointManager$BreakpointManagerVisitor.update(BreakpointManager.java:766)
	at org.eclipse.debug.internal.core.BreakpointManager.resourceChanged(BreakpointManager.java:699)
	at org.eclipse.core.internal.events.NotificationManager$1.run(NotificationManager.java:299)
	at org.eclipse.core.runtime.SafeRunner.run(SafeRunner.java:42)
	at org.eclipse.core.internal.events.NotificationManager.notify(NotificationManager.java:289)
	at org.eclipse.core.internal.events.NotificationManager.broadcastChanges(NotificationManager.java:152)
	at org.eclipse.core.internal.resources.Workspace.broadcastBuildEvent(Workspace.java:360)
	at org.eclipse.core.internal.events.AutoBuildJob.doBuild(AutoBuildJob.java:147)
	at org.eclipse.core.internal.events.AutoBuildJob.run(AutoBuildJob.java:235)
	at org.eclipse.core.internal.jobs.Worker.run(Worker.java:55)
!SUBENTRY 1 org.eclipse.core.resources 4 376 2017-09-28 22:04:53.801
!MESSAGE Marker id 2972 not found.
!SESSION 2017-09-28 23:01:17.547 -----------------------------------------------
eclipse.buildId=4.6.2.M20161124-1400
java.version=1.8.0_121
java.vendor=Oracle Corporation
BootLoader constants: OS=linux, ARCH=x86_64, WS=gtk, NL=es_CO
Framework arguments:  -product org.eclipse.epp.package.java.product
Command-line arguments:  -os linux -ws gtk -arch x86_64 -product org.eclipse.epp.package.java.product

!ENTRY org.eclipse.core.resources 2 10035 2017-09-28 23:01:25.023
!MESSAGE The workspace exited with unsaved changes in the previous session; refreshing workspace to recover changes.

!ENTRY org.eclipse.launchbar.core 2 0 2017-09-28 23:10:31.677
!MESSAGE Enablement expression is missing for descriptor type org.eclipse.cdt.debug.core.coreBuildDescriptorType

!ENTRY org.eclipse.launchbar.core 2 0 2017-09-28 23:10:31.684
!MESSAGE Enablement expression is missing for config provider for org.eclipse.cdt.debug.core.coreBuildDescriptorType

!ENTRY org.python.pydev.shared_core 1 1 2017-09-28 23:39:38.998
!MESSAGE No existing console history at: /home/gian/Comptetitive-Programming-/.metadata/.plugins/org.python.pydev.shared_interactive_console/history.py
!STACK 0
java.io.FileNotFoundException: /home/gian/Comptetitive-Programming-/.metadata/.plugins/org.python.pydev.shared_interactive_console/history.py (No existe el archivo o el directorio)
	at java.io.FileInputStream.open0(Native Method)
	at java.io.FileInputStream.open(FileInputStream.java:195)
	at java.io.FileInputStream.<init>(FileInputStream.java:138)
	at java.io.FileReader.<init>(FileReader.java:72)
	at org.python.pydev.shared_interactive_console.console.ScriptConsoleGlobalHistory.load(ScriptConsoleGlobalHistory.java:96)
	at org.python.pydev.shared_interactive_console.console.ScriptConsoleGlobalHistory.<init>(ScriptConsoleGlobalHistory.java:45)
	at org.python.pydev.shared_interactive_console.console.ScriptConsoleGlobalHistory.<clinit>(ScriptConsoleGlobalHistory.java:37)
	at org.python.pydev.shared_interactive_console.console.ScriptConsoleHistory.<init>(ScriptConsoleHistory.java:56)
	at org.python.pydev.shared_interactive_console.console.ui.ScriptConsole.<init>(ScriptConsole.java:204)
	at org.python.pydev.debug.newconsole.PydevConsole.<init>(PydevConsole.java:84)
	at org.python.pydev.debug.newconsole.PydevDebugConsole.<init>(PydevDebugConsole.java:29)
	at org.python.pydev.debug.newconsole.PydevConsoleFactory.createDebugConsole(PydevConsoleFactory.java:284)
	at org.python.pydev.debug.newconsole.PydevConsoleFactory.createDebugConsole(PydevConsoleFactory.java:259)
	at org.python.pydev.debug.console.PromptOverlay.<init>(PromptOverlay.java:77)
	at org.python.pydev.debug.console.PromptOverlayConsolePageParticipant.init(PromptOverlayConsolePageParticipant.java:48)
	at org.eclipse.ui.internal.console.ConsoleView$3.run(ConsoleView.java:326)
	at org.eclipse.core.runtime.SafeRunner.run(SafeRunner.java:42)
	at org.eclipse.ui.internal.console.ConsoleView.doCreatePage(ConsoleView.java:323)
	at org.eclipse.ui.part.PageBookView.createPage(PageBookView.java:400)
	at org.eclipse.ui.part.PageBookView.partActivated(PageBookView.java:743)
	at org.eclipse.ui.internal.console.ConsoleView$4.run(ConsoleView.java:395)
	at org.eclipse.swt.widgets.RunnableLock.run(RunnableLock.java:35)
	at org.eclipse.swt.widgets.Synchronizer.runAsyncMessages(Synchronizer.java:182)
	at org.eclipse.swt.widgets.Display.runAsyncMessages(Display.java:4536)
	at org.eclipse.swt.widgets.Display.readAndDispatch(Display.java:4154)
	at org.eclipse.e4.ui.internal.workbench.swt.PartRenderingEngine$4.run(PartRenderingEngine.java:1121)
	at org.eclipse.core.databinding.observable.Realm.runWithDefault(Realm.java:336)
	at org.eclipse.e4.ui.internal.workbench.swt.PartRenderingEngine.run(PartRenderingEngine.java:1022)
	at org.eclipse.e4.ui.internal.workbench.E4Workbench.createAndRunUI(E4Workbench.java:150)
	at org.eclipse.ui.internal.Workbench$5.run(Workbench.java:693)
	at org.eclipse.core.databinding.observable.Realm.runWithDefault(Realm.java:336)
	at org.eclipse.ui.internal.Workbench.createAndRunWorkbench(Workbench.java:610)
	at org.eclipse.ui.PlatformUI.createAndRunWorkbench(PlatformUI.java:148)
	at org.eclipse.ui.internal.ide.application.IDEApplication.start(IDEApplication.java:138)
	at org.eclipse.equinox.internal.app.EclipseAppHandle.run(EclipseAppHandle.java:196)
	at org.eclipse.core.runtime.internal.adaptor.EclipseAppLauncher.runApplication(EclipseAppLauncher.java:134)
	at org.eclipse.core.runtime.internal.adaptor.EclipseAppLauncher.start(EclipseAppLauncher.java:104)
	at org.eclipse.core.runtime.adaptor.EclipseStarter.run(EclipseStarter.java:388)
	at org.eclipse.core.runtime.adaptor.EclipseStarter.run(EclipseStarter.java:243)
	at sun.reflect.NativeMethodAccessorImpl.invoke0(Native Method)
	at sun.reflect.NativeMethodAccessorImpl.invoke(NativeMethodAccessorImpl.java:62)
	at sun.reflect.DelegatingMethodAccessorImpl.invoke(DelegatingMethodAccessorImpl.java:43)
	at java.lang.reflect.Method.invoke(Method.java:498)
	at org.eclipse.equinox.launcher.Main.invokeFramework(Main.java:673)
	at org.eclipse.equinox.launcher.Main.basicRun(Main.java:610)
	at org.eclipse.equinox.launcher.Main.run(Main.java:1519)
	at org.eclipse.equinox.launcher.Main.main(Main.java:1492)

!ENTRY org.python.pydev.shared_core 4 4 2017-09-29 02:24:48.651
!MESSAGE Info: Rebuilding internal caches: /home/gian/Comptetitive-Programming-/.metadata/.plugins/org.eclipse.core.resources/.projects/1241-JollybeeTournament/com.python.pydev.analysis/AdditionalProjectInterpreterInfo.pydevinfo (Expected error to be provided and got no error!)
!SESSION 2017-09-29 02:26:30.027 -----------------------------------------------
eclipse.buildId=4.6.2.M20161124-1400
java.version=1.8.0_121
java.vendor=Oracle Corporation
BootLoader constants: OS=linux, ARCH=x86_64, WS=gtk, NL=es_CO
Framework arguments:  -product org.eclipse.epp.package.java.product
Command-line arguments:  -os linux -ws gtk -arch x86_64 -product org.eclipse.epp.package.java.product

!ENTRY org.eclipse.core.resources 2 10035 2017-09-29 02:26:36.752
!MESSAGE The workspace exited with unsaved changes in the previous session; refreshing workspace to recover changes.

!ENTRY org.eclipse.launchbar.core 2 0 2017-09-29 02:42:22.843
!MESSAGE Enablement expression is missing for descriptor type org.eclipse.cdt.debug.core.coreBuildDescriptorType

!ENTRY org.eclipse.launchbar.core 2 0 2017-09-29 02:42:22.855
!MESSAGE Enablement expression is missing for config provider for org.eclipse.cdt.debug.core.coreBuildDescriptorType

!ENTRY org.python.pydev.shared_core 1 1 2017-09-29 02:43:28.784
!MESSAGE No existing console history at: /home/gian/Comptetitive-Programming-/.metadata/.plugins/org.python.pydev.shared_interactive_console/history.py
!STACK 0
java.io.FileNotFoundException: /home/gian/Comptetitive-Programming-/.metadata/.plugins/org.python.pydev.shared_interactive_console/history.py (No existe el archivo o el directorio)
	at java.io.FileInputStream.open0(Native Method)
	at java.io.FileInputStream.open(FileInputStream.java:195)
	at java.io.FileInputStream.<init>(FileInputStream.java:138)
	at java.io.FileReader.<init>(FileReader.java:72)
	at org.python.pydev.shared_interactive_console.console.ScriptConsoleGlobalHistory.load(ScriptConsoleGlobalHistory.java:96)
	at org.python.pydev.shared_interactive_console.console.ScriptConsoleGlobalHistory.<init>(ScriptConsoleGlobalHistory.java:45)
	at org.python.pydev.shared_interactive_console.console.ScriptConsoleGlobalHistory.<clinit>(ScriptConsoleGlobalHistory.java:37)
	at org.python.pydev.shared_interactive_console.console.ScriptConsoleHistory.<init>(ScriptConsoleHistory.java:56)
	at org.python.pydev.shared_interactive_console.console.ui.ScriptConsole.<init>(ScriptConsole.java:204)
	at org.python.pydev.debug.newconsole.PydevConsole.<init>(PydevConsole.java:84)
	at org.python.pydev.debug.newconsole.PydevDebugConsole.<init>(PydevDebugConsole.java:29)
	at org.python.pydev.debug.newconsole.PydevConsoleFactory.createDebugConsole(PydevConsoleFactory.java:284)
	at org.python.pydev.debug.newconsole.PydevConsoleFactory.createDebugConsole(PydevConsoleFactory.java:259)
	at org.python.pydev.debug.console.PromptOverlay.<init>(PromptOverlay.java:77)
	at org.python.pydev.debug.console.PromptOverlayConsolePageParticipant.init(PromptOverlayConsolePageParticipant.java:48)
	at org.eclipse.ui.internal.console.ConsoleView$3.run(ConsoleView.java:326)
	at org.eclipse.core.runtime.SafeRunner.run(SafeRunner.java:42)
	at org.eclipse.ui.internal.console.ConsoleView.doCreatePage(ConsoleView.java:323)
	at org.eclipse.ui.part.PageBookView.createPage(PageBookView.java:400)
	at org.eclipse.ui.part.PageBookView.partActivated(PageBookView.java:743)
	at org.eclipse.ui.internal.console.ConsoleView$4.run(ConsoleView.java:395)
	at org.eclipse.swt.widgets.RunnableLock.run(RunnableLock.java:35)
	at org.eclipse.swt.widgets.Synchronizer.runAsyncMessages(Synchronizer.java:182)
	at org.eclipse.swt.widgets.Display.runAsyncMessages(Display.java:4536)
	at org.eclipse.swt.widgets.Display.readAndDispatch(Display.java:4154)
	at org.eclipse.e4.ui.internal.workbench.swt.PartRenderingEngine$4.run(PartRenderingEngine.java:1121)
	at org.eclipse.core.databinding.observable.Realm.runWithDefault(Realm.java:336)
	at org.eclipse.e4.ui.internal.workbench.swt.PartRenderingEngine.run(PartRenderingEngine.java:1022)
	at org.eclipse.e4.ui.internal.workbench.E4Workbench.createAndRunUI(E4Workbench.java:150)
	at org.eclipse.ui.internal.Workbench$5.run(Workbench.java:693)
	at org.eclipse.core.databinding.observable.Realm.runWithDefault(Realm.java:336)
	at org.eclipse.ui.internal.Workbench.createAndRunWorkbench(Workbench.java:610)
	at org.eclipse.ui.PlatformUI.createAndRunWorkbench(PlatformUI.java:148)
	at org.eclipse.ui.internal.ide.application.IDEApplication.start(IDEApplication.java:138)
	at org.eclipse.equinox.internal.app.EclipseAppHandle.run(EclipseAppHandle.java:196)
	at org.eclipse.core.runtime.internal.adaptor.EclipseAppLauncher.runApplication(EclipseAppLauncher.java:134)
	at org.eclipse.core.runtime.internal.adaptor.EclipseAppLauncher.start(EclipseAppLauncher.java:104)
	at org.eclipse.core.runtime.adaptor.EclipseStarter.run(EclipseStarter.java:388)
	at org.eclipse.core.runtime.adaptor.EclipseStarter.run(EclipseStarter.java:243)
	at sun.reflect.NativeMethodAccessorImpl.invoke0(Native Method)
	at sun.reflect.NativeMethodAccessorImpl.invoke(NativeMethodAccessorImpl.java:62)
	at sun.reflect.DelegatingMethodAccessorImpl.invoke(DelegatingMethodAccessorImpl.java:43)
	at java.lang.reflect.Method.invoke(Method.java:498)
	at org.eclipse.equinox.launcher.Main.invokeFramework(Main.java:673)
	at org.eclipse.equinox.launcher.Main.basicRun(Main.java:610)
	at org.eclipse.equinox.launcher.Main.run(Main.java:1519)
	at org.eclipse.equinox.launcher.Main.main(Main.java:1492)
!SESSION 2017-09-29 08:26:08.792 -----------------------------------------------
eclipse.buildId=4.6.2.M20161124-1400
java.version=1.8.0_121
java.vendor=Oracle Corporation
BootLoader constants: OS=linux, ARCH=x86_64, WS=gtk, NL=es_CO
Framework arguments:  -product org.eclipse.epp.package.java.product
Command-line arguments:  -os linux -ws gtk -arch x86_64 -product org.eclipse.epp.package.java.product

!ENTRY org.eclipse.core.resources 2 10035 2017-09-29 08:27:12.952
!MESSAGE The workspace exited with unsaved changes in the previous session; refreshing workspace to recover changes.

!ENTRY org.eclipse.launchbar.core 2 0 2017-09-29 08:31:55.396
!MESSAGE Enablement expression is missing for descriptor type org.eclipse.cdt.debug.core.coreBuildDescriptorType

!ENTRY org.eclipse.launchbar.core 2 0 2017-09-29 08:31:55.404
!MESSAGE Enablement expression is missing for config provider for org.eclipse.cdt.debug.core.coreBuildDescriptorType

!ENTRY org.python.pydev.shared_core 4 4 2017-09-29 09:13:03.872
!MESSAGE ERROR reading shell. Message sent: [Ljava.lang.String;@3980922e

ProcessInfo:

 - Executed: /usr/bin/python3 -u /home/gian/.p2/pool/plugins/org.python.pydev_6.0.0.201709191431/pysrc/pycompletionserver.py 34733

 - Environment:
CLUTTER_IM_MODULE=xim
DBUS_SESSION_BUS_ADDRESS=unix:abstract=/tmp/dbus-PwDDEHa5zd,guid=b73187beeccd332e56dad16759ce49c7
DEFAULTS_PATH=/usr/share/gconf/i3.default.path
DERBY_HOME=/usr/lib/jvm/java-8-oracle/db
DESKTOP_SESSION=i3
DISPLAY=:0
GDK_CORE_DEVICE_EVENTS=1
GDK_SCALE=1
GDMSESSION=i3
GDM_LANG=es
GTK2_MODULES=overlay-scrollbar
GTK_IM_MODULE=ibus
GTK_MODULES=gail:atk-bridge
HOME=/home/gian
J2REDIR=/usr/lib/jvm/java-8-oracle/jre
J2SDKDIR=/usr/lib/jvm/java-8-oracle
JAVA_HOME=/usr/lib/jvm/java-8-oracle
LANG=es_CO.UTF-8
LANGUAGE=es_CO:es
LIBOVERLAY_SCROLLBAR=0
LOGNAME=gian
MANDATORY_PATH=/usr/share/gconf/i3.mandatory.path
NLSPATH=/usr/dt/lib/nls/msg/%L/%N.cat
OXYGEN_DISABLE_INNER_SHADOWS_HACK=1
PATH=/home/gian/bin:/home/gian/.local/bin:/usr/local/sbin:/usr/local/bin:/usr/sbin:/usr/bin:/sbin:/bin:/usr/games:/usr/local/games:/opt/android-studio/bin:/snap/bin:/usr/lib/jvm/java-8-oracle/bin:/usr/lib/jvm/java-8-oracle/db/bin:/usr/lib/jvm/java-8-oracle/jre/bin
PWD=/home/gian
PYTHONPATH=/home/gian/.p2/pool/plugins/org.python.pydev_6.0.0.201709191431/pysrc/pydev_sitecustomize:/usr/lib/python3.5:/usr/lib/python3.5/plat-x86_64-linux-gnu:/usr/lib/python3.5/lib-dynload:/usr/local/lib/python3.5/dist-packages:/usr/lib/python3/dist-packages
QT4_IM_MODULE=xim
QT_ACCESSIBILITY=1
QT_IM_MODULE=ibus
QT_LINUX_ACCESSIBILITY_ALWAYS_ON=1
QT_QPA_PLATFORMTHEME=appmenu-qt5
SHELL=/bin/bash
SHLVL=1
SSH_AGENT_PID=1713
SSH_AUTH_SOCK=/tmp/ssh-muMPbbwkRuBj/agent.1496
USER=gian
XAUTHORITY=/home/gian/.Xauthority
XDG_CONFIG_DIRS=/etc/xdg/xdg-i3:/etc/xdg
XDG_CURRENT_DESKTOP=i3
XDG_DATA_DIRS=/usr/share/i3:/usr/local/share/:/usr/share/:/var/lib/snapd/desktop
XDG_GREETER_DATA_DIR=/var/lib/lightdm-data/gian
XDG_RUNTIME_DIR=/run/user/1000
XDG_SEAT=seat0
XDG_SEAT_PATH=/org/freedesktop/DisplayManager/Seat0
XDG_SESSION_DESKTOP=i3
XDG_SESSION_ID=c2
XDG_SESSION_PATH=/org/freedesktop/DisplayManager/Session0
XDG_SESSION_TYPE=x11
XDG_VTNR=7
XFILESEARCHPATH=/usr/dt/app-defaults/%L/Dt
XMODIFIERS=@im=ibus
_=/usr/bin/eclipse

 - Working Dir:
/home/gian/java-neon/eclipse/../../.p2/pool/plugins/org.python.pydev_6.0.0.201709191431/pysrc

 - OS:
Linux

 - Std output:


 - Err output:

!STACK 0
java.nio.channels.ClosedByInterruptException
	at java.nio.channels.spi.AbstractInterruptibleChannel.end(AbstractInterruptibleChannel.java:202)
	at sun.nio.ch.SocketChannelImpl.write(SocketChannelImpl.java:478)
	at java.nio.channels.Channels.writeFullyImpl(Channels.java:78)
	at java.nio.channels.Channels.writeFully(Channels.java:98)
	at java.nio.channels.Channels.access$000(Channels.java:61)
	at java.nio.channels.Channels$1.write(Channels.java:174)
	at java.io.OutputStream.write(OutputStream.java:75)
	at org.python.pydev.editor.codecompletion.shell.AbstractShell.write(AbstractShell.java:544)
	at org.python.pydev.editor.codecompletion.shell.AbstractShell.writeAndGetResults(AbstractShell.java:691)
	at org.python.pydev.editor.codecompletion.shell.AbstractShell.getLineCol(AbstractShell.java:776)
	at org.python.pydev.editor.codecompletion.revisited.modules.CompiledModule.findDefinition(CompiledModule.java:607)
	at org.python.pydev.editor.codecompletion.revisited.modules.CompiledModule.findDefinition(CompiledModule.java:1)
	at org.python.pydev.editor.codecompletion.revisited.modules.SourceModule.findGlobalTokDef(SourceModule.java:1182)
	at org.python.pydev.editor.codecompletion.revisited.modules.SourceModule.findDefinitionsFromModAndTok(SourceModule.java:1054)
	at org.python.pydev.editor.codecompletion.revisited.modules.SourceModule.findDefinition(SourceModule.java:1036)
	at org.python.pydev.editor.codecompletion.revisited.modules.SourceModule.findDefinition(SourceModule.java:702)
	at org.python.pydev.editor.codecompletion.revisited.modules.SourceModule.findDefinition(SourceModule.java:1)
	at org.python.pydev.editor.refactoring.PyRefactoringFindDefinition.findActualDefinition(PyRefactoringFindDefinition.java:185)
	at org.python.pydev.editor.refactoring.PyRefactoringFindDefinition.findActualDefinition(PyRefactoringFindDefinition.java:84)
	at org.python.pydev.editor.hover.PyDocstringTextHover.getDocstringHover(PyDocstringTextHover.java:100)
	at org.python.pydev.editor.hover.PyDocstringTextHover.getHoverInfo(PyDocstringTextHover.java:58)
	at org.python.pydev.editor.hover.PydevCombiningHover.getHoverInfo(PydevCombiningHover.java:141)
	at org.python.pydev.editor.hover.PyEditorTextHoverProxy.getHoverInfo(PyEditorTextHoverProxy.java:59)
	at org.eclipse.jface.text.TextViewerHoverManager$4.run(TextViewerHoverManager.java:167)

!ENTRY org.python.pydev.shared_core 1 1 2017-09-29 11:52:44.943
!MESSAGE No existing console history at: /home/gian/Comptetitive-Programming-/.metadata/.plugins/org.python.pydev.shared_interactive_console/history.py
!STACK 0
java.io.FileNotFoundException: /home/gian/Comptetitive-Programming-/.metadata/.plugins/org.python.pydev.shared_interactive_console/history.py (No existe el archivo o el directorio)
	at java.io.FileInputStream.open0(Native Method)
	at java.io.FileInputStream.open(FileInputStream.java:195)
	at java.io.FileInputStream.<init>(FileInputStream.java:138)
	at java.io.FileReader.<init>(FileReader.java:72)
	at org.python.pydev.shared_interactive_console.console.ScriptConsoleGlobalHistory.load(ScriptConsoleGlobalHistory.java:96)
	at org.python.pydev.shared_interactive_console.console.ScriptConsoleGlobalHistory.<init>(ScriptConsoleGlobalHistory.java:45)
	at org.python.pydev.shared_interactive_console.console.ScriptConsoleGlobalHistory.<clinit>(ScriptConsoleGlobalHistory.java:37)
	at org.python.pydev.shared_interactive_console.console.ScriptConsoleHistory.<init>(ScriptConsoleHistory.java:56)
	at org.python.pydev.shared_interactive_console.console.ui.ScriptConsole.<init>(ScriptConsole.java:204)
	at org.python.pydev.debug.newconsole.PydevConsole.<init>(PydevConsole.java:84)
	at org.python.pydev.debug.newconsole.PydevDebugConsole.<init>(PydevDebugConsole.java:29)
	at org.python.pydev.debug.newconsole.PydevConsoleFactory.createDebugConsole(PydevConsoleFactory.java:284)
	at org.python.pydev.debug.newconsole.PydevConsoleFactory.createDebugConsole(PydevConsoleFactory.java:259)
	at org.python.pydev.debug.console.PromptOverlay.<init>(PromptOverlay.java:77)
	at org.python.pydev.debug.console.PromptOverlayConsolePageParticipant.init(PromptOverlayConsolePageParticipant.java:48)
	at org.eclipse.ui.internal.console.ConsoleView$3.run(ConsoleView.java:326)
	at org.eclipse.core.runtime.SafeRunner.run(SafeRunner.java:42)
	at org.eclipse.ui.internal.console.ConsoleView.doCreatePage(ConsoleView.java:323)
	at org.eclipse.ui.part.PageBookView.createPage(PageBookView.java:400)
	at org.eclipse.ui.part.PageBookView.partActivated(PageBookView.java:743)
	at org.eclipse.ui.internal.console.ConsoleView$4.run(ConsoleView.java:395)
	at org.eclipse.swt.widgets.RunnableLock.run(RunnableLock.java:35)
	at org.eclipse.swt.widgets.Synchronizer.runAsyncMessages(Synchronizer.java:182)
	at org.eclipse.swt.widgets.Display.runAsyncMessages(Display.java:4536)
	at org.eclipse.swt.widgets.Display.readAndDispatch(Display.java:4154)
	at org.eclipse.e4.ui.internal.workbench.swt.PartRenderingEngine$4.run(PartRenderingEngine.java:1121)
	at org.eclipse.core.databinding.observable.Realm.runWithDefault(Realm.java:336)
	at org.eclipse.e4.ui.internal.workbench.swt.PartRenderingEngine.run(PartRenderingEngine.java:1022)
	at org.eclipse.e4.ui.internal.workbench.E4Workbench.createAndRunUI(E4Workbench.java:150)
	at org.eclipse.ui.internal.Workbench$5.run(Workbench.java:693)
	at org.eclipse.core.databinding.observable.Realm.runWithDefault(Realm.java:336)
	at org.eclipse.ui.internal.Workbench.createAndRunWorkbench(Workbench.java:610)
	at org.eclipse.ui.PlatformUI.createAndRunWorkbench(PlatformUI.java:148)
	at org.eclipse.ui.internal.ide.application.IDEApplication.start(IDEApplication.java:138)
	at org.eclipse.equinox.internal.app.EclipseAppHandle.run(EclipseAppHandle.java:196)
	at org.eclipse.core.runtime.internal.adaptor.EclipseAppLauncher.runApplication(EclipseAppLauncher.java:134)
	at org.eclipse.core.runtime.internal.adaptor.EclipseAppLauncher.start(EclipseAppLauncher.java:104)
	at org.eclipse.core.runtime.adaptor.EclipseStarter.run(EclipseStarter.java:388)
	at org.eclipse.core.runtime.adaptor.EclipseStarter.run(EclipseStarter.java:243)
	at sun.reflect.NativeMethodAccessorImpl.invoke0(Native Method)
	at sun.reflect.NativeMethodAccessorImpl.invoke(NativeMethodAccessorImpl.java:62)
	at sun.reflect.DelegatingMethodAccessorImpl.invoke(DelegatingMethodAccessorImpl.java:43)
	at java.lang.reflect.Method.invoke(Method.java:498)
	at org.eclipse.equinox.launcher.Main.invokeFramework(Main.java:673)
	at org.eclipse.equinox.launcher.Main.basicRun(Main.java:610)
	at org.eclipse.equinox.launcher.Main.run(Main.java:1519)
	at org.eclipse.equinox.launcher.Main.main(Main.java:1492)
